2020-09-07 09:04:29,986 (repo_cloner ) [INFO] Repo cloning started at 2020-09-07 09:04:29.986757! Attempting to clone 2208 repos.
This is the last step and will take the longest!

2020-09-07 09:04:29,986 (repo_cloner ) [INFO] Sorting and filtering 2208 repository names
2020-09-07 09:04:29,988 (repo_cloner ) [INFO] Sorting and filtering finished. Left with 2208 repositories
2020-09-07 09:04:29,988 (repo_cloner ) [INFO] Finished cloning 50/2208 repositories...
2020-09-07 09:04:29,988 (repo_cloner ) [INFO] Finished cloning 100/2208 repositories...
2020-09-07 09:04:29,988 (repo_cloner ) [INFO] Finished cloning 150/2208 repositories...
2020-09-07 09:04:29,988 (repo_cloner ) [INFO] Finished cloning 200/2208 repositories...
2020-09-07 09:04:29,989 (repo_cloner ) [INFO] Finished cloning 250/2208 repositories...
2020-09-07 09:04:29,989 (repo_cloner ) [INFO] Finished cloning 300/2208 repositories...
2020-09-07 09:04:29,989 (repo_cloner ) [INFO] Finished cloning 350/2208 repositories...
2020-09-07 09:04:29,989 (repo_cloner ) [INFO] Finished cloning 400/2208 repositories...
2020-09-07 09:04:29,989 (repo_cloner ) [INFO] Finished cloning 450/2208 repositories...
2020-09-07 09:04:29,989 (repo_cloner ) [INFO] Finished cloning 500/2208 repositories...
2020-09-07 09:04:29,989 (repo_cloner ) [INFO] Finished cloning 550/2208 repositories...
2020-09-07 09:04:29,989 (repo_cloner ) [INFO] Finished cloning 600/2208 repositories...
2020-09-07 09:04:29,989 (repo_cloner ) [INFO] Finished cloning 650/2208 repositories...
2020-09-07 09:04:29,989 (repo_cloner ) [INFO] Finished cloning 700/2208 repositories...
2020-09-07 09:04:29,989 (repo_cloner ) [INFO] Finished cloning 750/2208 repositories...
2020-09-07 09:04:29,989 (repo_cloner ) [INFO] Finished cloning 800/2208 repositories...
2020-09-07 09:04:29,989 (repo_cloner ) [INFO] Finished cloning 850/2208 repositories...
2020-09-07 09:04:29,989 (repo_cloner ) [INFO] Finished cloning 900/2208 repositories...
2020-09-07 09:04:29,989 (repo_cloner ) [INFO] Finished cloning 950/2208 repositories...
2020-09-07 09:04:29,990 (repo_cloner ) [INFO] Finished cloning 1000/2208 repositories...
2020-09-07 09:04:29,990 (repo_cloner ) [INFO] Finished cloning 1050/2208 repositories...
2020-09-07 09:04:29,990 (repo_cloner ) [INFO] Finished cloning 1100/2208 repositories...
2020-09-07 09:04:29,990 (repo_cloner ) [INFO] Successfully skipped until holisticware-xamarin/HolisticWare.DotNetNew.XamarinProjectsStructureTemplate
2020-09-07 09:04:30,935 (repo_cloner ) [DEBUG] 	* Successfully cloned <hrzndev/valkyrie-integrations>
2020-09-07 09:04:32,456 (repo_cloner ) [DEBUG] 	* Successfully cloned <hrzndev/valkyrie-microservices>
2020-09-07 09:04:33,943 (repo_cloner ) [DEBUG] 	* Successfully cloned <hsmfawaz/MyCarApi>
2020-09-07 09:04:34,804 (repo_cloner ) [DEBUG] 	* Successfully cloned <hugmouse/godevto>
2020-09-07 09:04:35,821 (repo_cloner ) [DEBUG] 	* Successfully cloned <hvgab/EmployeeDirectory>
2020-09-07 09:04:37,275 (repo_cloner ) [DEBUG] 	* Successfully cloned <hvgab/HappeningsTV>
2020-09-07 09:04:38,170 (repo_cloner ) [DEBUG] 	* Successfully cloned <hvgab/netrunner>
2020-09-07 09:04:46,317 (repo_cloner ) [DEBUG] 	* Successfully cloned <iamprovidence/Lama>
2020-09-07 09:04:47,968 (repo_cloner ) [DEBUG] 	* Successfully cloned <iamprovidence/Resume>
2020-09-07 09:04:49,269 (repo_cloner ) [DEBUG] 	* Successfully cloned <iantrich/aftership-card>
2020-09-07 09:04:50,566 (repo_cloner ) [DEBUG] 	* Successfully cloned <iantrich/config-template-card>
2020-09-07 09:04:51,848 (repo_cloner ) [DEBUG] 	* Successfully cloned <iantrich/podcast-card>
2020-09-07 09:04:53,235 (repo_cloner ) [DEBUG] 	* Successfully cloned <ibrokemypie/fedi>
2020-09-07 09:04:54,093 (repo_cloner ) [DEBUG] 	* Successfully cloned <ibrokemypie/fedisend>
2020-09-07 09:07:01,262 (repo_cloner ) [DEBUG] 	* Successfully cloned <ibrokemypie/mastalab>
2020-09-07 09:07:02,306 (repo_cloner ) [DEBUG] 	* Successfully cloned <icco/archiver>
2020-09-07 09:07:05,627 (repo_cloner ) [DEBUG] 	* Successfully cloned <icco/charts>
2020-09-07 09:07:06,985 (repo_cloner ) [DEBUG] 	* Successfully cloned <icco/cron>
2020-09-07 09:07:11,412 (repo_cloner ) [DEBUG] 	* Successfully cloned <icco/gotak>
2020-09-07 09:07:13,447 (repo_cloner ) [DEBUG] 	* Successfully cloned <icco/graphql>
2020-09-07 09:07:28,407 (repo_cloner ) [DEBUG] 	* Successfully cloned <icco/writing>
2020-09-07 09:07:33,370 (repo_cloner ) [DEBUG] 	* Successfully cloned <ideahackers/ideahack.club>
2020-09-07 09:07:34,604 (repo_cloner ) [DEBUG] 	* Successfully cloned <iftekharkhan09/CalenderApp>
2020-09-07 09:07:35,820 (repo_cloner ) [DEBUG] 	* Successfully cloned <ignatandrei/AOP_With_Roslyn>
2020-09-07 09:07:35,820 (repo_cloner ) [INFO] Finished cloning 1150/2208 repositories...
2020-09-07 09:07:53,015 (repo_cloner ) [DEBUG] 	* Successfully cloned <ignatandrei/CatalogRo>
2020-09-07 09:08:02,898 (repo_cloner ) [DEBUG] 	* Successfully cloned <ignatandrei/Decl230>
2020-09-07 09:08:04,631 (repo_cloner ) [DEBUG] 	* Successfully cloned <ignatandrei/EFRecordAndPlay>
2020-09-07 09:08:07,203 (repo_cloner ) [DEBUG] 	* Successfully cloned <ignatandrei/IdentIntegra>
2020-09-07 09:08:08,913 (repo_cloner ) [DEBUG] 	* Successfully cloned <ignatandrei/InfoValutar>
2020-09-07 09:08:25,200 (repo_cloner ) [DEBUG] 	* Successfully cloned <ignatandrei/IsThisTaxiLegal>
2020-09-07 09:08:44,621 (repo_cloner ) [DEBUG] 	* Successfully cloned <ignatandrei/LibPub>
2020-09-07 09:08:51,993 (repo_cloner ) [DEBUG] 	* Successfully cloned <ignatandrei/NETCoreBlockly>
2020-09-07 09:09:11,163 (repo_cloner ) [DEBUG] 	* Successfully cloned <ignatandrei/Presentations>
2020-09-07 09:09:17,076 (repo_cloner ) [DEBUG] 	* Successfully cloned <ignatandrei/SimpleBookRental>
2020-09-07 09:09:33,226 (repo_cloner ) [DEBUG] 	* Successfully cloned <ignatandrei/WebAPI2CLI>
2020-09-07 09:09:41,505 (repo_cloner ) [DEBUG] 	* Successfully cloned <ignatandrei/generateApp>
2020-09-07 09:09:48,363 (repo_cloner ) [DEBUG] 	* Successfully cloned <ignatandrei/netCoreAlphabet>
2020-09-07 09:10:13,126 (repo_cloner ) [DEBUG] 	* Successfully cloned <ignatandrei/stankins>
2020-09-07 09:10:14,736 (repo_cloner ) [DEBUG] 	* Successfully cloned <ignatandrei/testJaeger>
2020-09-07 09:10:19,988 (repo_cloner ) [DEBUG] 	* Successfully cloned <ignatandrei/tools>
2020-09-07 09:10:21,233 (repo_cloner ) [DEBUG] 	* Successfully cloned <iiitv/getmein-web>
2020-09-07 09:10:23,122 (repo_cloner ) [DEBUG] 	* Successfully cloned <ikeay/cs50>
2020-09-07 09:10:24,525 (repo_cloner ) [DEBUG] 	* Successfully cloned <ilicmarko/homemau>
2020-09-07 09:10:30,985 (repo_cloner ) [DEBUG] 	* Successfully cloned <imjoehaines/sihae>
2020-09-07 09:10:32,084 (repo_cloner ) [DEBUG] 	* Successfully cloned <imjohnbo/playground>
2020-09-07 09:10:45,042 (repo_cloner ) [DEBUG] 	* Successfully cloned <imolorhe/altair>
2020-09-07 09:10:45,991 (repo_cloner ) [DEBUG] 	* Successfully cloned <imranfawan/WebApp>
2020-09-07 09:10:46,845 (repo_cloner ) [DEBUG] 	* Successfully cloned <infojam/cyc-RA>
2020-09-07 09:10:47,709 (repo_cloner ) [DEBUG] 	* Successfully cloned <infra-tools/gcp-auto-graph>
2020-09-07 09:11:37,334 (repo_cloner ) [DEBUG] 	* Successfully cloned <initiativaromania/HBP-iOS>
2020-09-07 09:14:27,179 (repo_cloner ) [DEBUG] 	* Successfully cloned <innerken-gmbh/Aves>
2020-09-07 09:14:37,395 (repo_cloner ) [ERROR] 	* Unexpected <class '_pygit2.GitError'> (GitError) for <integrations/slack>! cannot checkout to invalid path 'test/messages/renders/subscription-list/SubscriptionList shows features when using /github subscribe list features 1.png'
2020-09-07 09:16:17,746 (repo_cloner ) [DEBUG] 	* Successfully cloned <inthepocket/hubble-scripts>
2020-09-07 09:16:19,479 (repo_cloner ) [DEBUG] 	* Successfully cloned <inthepocket/hubble-sketch-plugin>
2020-09-07 09:16:21,401 (repo_cloner ) [DEBUG] 	* Successfully cloned <introvertsgo/SupaDo>
2020-09-07 09:16:22,282 (repo_cloner ) [DEBUG] 	* Successfully cloned <ioalex/jarvis>
2020-09-07 09:16:23,199 (repo_cloner ) [DEBUG] 	* Successfully cloned <ioalex/nvim>
2020-09-07 09:16:24,023 (repo_cloner ) [DEBUG] 	* Successfully cloned <ioalex/zshrc>
2020-09-07 09:16:25,715 (repo_cloner ) [DEBUG] 	* Successfully cloned <ioncloud64/freemegb>
2020-09-07 09:17:01,691 (repo_cloner ) [DEBUG] 	* Successfully cloned <iotexproject/iotex-core>
2020-09-07 09:17:03,220 (repo_cloner ) [DEBUG] 	* Successfully cloned <iotexproject/iotex-core-rosetta-gateway>
2020-09-07 09:17:04,930 (repo_cloner ) [DEBUG] 	* Successfully cloned <iotexproject/iotex-studio>
2020-09-07 09:17:05,999 (repo_cloner ) [DEBUG] 	* Successfully cloned <ipld/js-ipld-stack>
2020-09-07 09:17:06,903 (repo_cloner ) [DEBUG] 	* Successfully cloned <ipld/js-path-level-one>
2020-09-07 09:17:09,489 (repo_cloner ) [DEBUG] 	* Successfully cloned <ipld/js-schema-gen>
2020-09-07 09:17:10,976 (repo_cloner ) [DEBUG] 	* Successfully cloned <ipld/js-unixfsv2>
2020-09-07 09:17:35,430 (repo_cloner ) [DEBUG] 	* Successfully cloned <irkvuz/schedule>
2020-09-07 09:17:36,550 (repo_cloner ) [DEBUG] 	* Successfully cloned <ironstein0/dotfiles>
2020-09-07 09:17:37,492 (repo_cloner ) [DEBUG] 	* Successfully cloned <ironstein0/meme>
2020-09-07 09:17:38,304 (repo_cloner ) [DEBUG] 	* Successfully cloned <ironstein0/thought>
2020-09-07 09:17:39,319 (repo_cloner ) [DEBUG] 	* Successfully cloned <ivan-nginx/test-ground>
2020-09-07 09:17:42,671 (repo_cloner ) [DEBUG] 	* Successfully cloned <iykekings/Challenges>
2020-09-07 09:17:43,987 (repo_cloner ) [DEBUG] 	* Successfully cloned <iykekings/Rustlings>
2020-09-07 09:17:45,201 (repo_cloner ) [DEBUG] 	* Successfully cloned <iykekings/deno_doctest>
2020-09-07 09:17:45,201 (repo_cloner ) [INFO] Finished cloning 1200/2208 repositories...
2020-09-07 09:17:46,485 (repo_cloner ) [DEBUG] 	* Successfully cloned <iykekings/shotterAPI>
2020-09-07 09:17:48,234 (repo_cloner ) [DEBUG] 	* Successfully cloned <iykekings/shotterweb>
2020-09-07 09:17:49,580 (repo_cloner ) [DEBUG] 	* Successfully cloned <iykekings/softpay>
2020-09-07 09:17:50,482 (repo_cloner ) [DEBUG] 	* Successfully cloned <j10wy/hangman-cli>
2020-09-07 09:17:52,030 (repo_cloner ) [DEBUG] 	* Successfully cloned <j10wy/jl>
2020-09-07 09:17:53,109 (repo_cloner ) [DEBUG] 	* Successfully cloned <j10wy/mongo-news>
2020-09-07 09:17:54,887 (repo_cloner ) [DEBUG] 	* Successfully cloned <j10wy/sandbox>
2020-09-07 09:17:56,885 (repo_cloner ) [DEBUG] 	* Successfully cloned <j10wy/syringe-disposal>
2020-09-07 09:17:57,732 (repo_cloner ) [DEBUG] 	* Successfully cloned <j420247/actions>
2020-09-07 09:17:58,668 (repo_cloner ) [DEBUG] 	* Successfully cloned <j420247/expert-couscous>
2020-09-07 09:18:03,207 (repo_cloner ) [DEBUG] 	* Successfully cloned <jarvaang-enterprises/fooDelivery>
2020-09-07 09:18:52,728 (repo_cloner ) [DEBUG] 	* Successfully cloned <jasontmiani/jasontmiani.com>
2020-09-07 09:21:26,144 (repo_cloner ) [DEBUG] 	* Successfully cloned <jaumebonet/RosettaSilentToolbox>
2020-09-07 09:21:27,510 (repo_cloner ) [DEBUG] 	* Successfully cloned <javaniuniu/BestPractices>
2020-09-07 09:21:32,909 (repo_cloner ) [DEBUG] 	* Successfully cloned <javaniuniu/RuoYis>
2020-09-07 09:22:24,884 (repo_cloner ) [ERROR] 	* Unexpected <class '_pygit2.GitError'> (GitError) for <javaniuniu/javaniuniu.github.io>! cannot checkout to invalid path '_posts/docs-docker/Dockerfiles/wordpress:v1/.env'
2020-09-07 09:22:26,598 (repo_cloner ) [DEBUG] 	* Successfully cloned <javaniuniu/leetcode>
2020-09-07 09:22:37,869 (repo_cloner ) [DEBUG] 	* Successfully cloned <javaniuniu/litemalls>
2020-09-07 09:22:39,445 (repo_cloner ) [DEBUG] 	* Successfully cloned <javaniuniu/stockApi>
2020-09-07 09:22:49,333 (repo_cloner ) [DEBUG] 	* Successfully cloned <javaniuniu/tank>
2020-09-07 09:22:50,595 (repo_cloner ) [DEBUG] 	* Successfully cloned <javascripto/kotlin>
2020-09-07 09:22:51,427 (repo_cloner ) [DEBUG] 	* Successfully cloned <javascripto/micro-frontend-react-vue>
2020-09-07 09:22:52,446 (repo_cloner ) [DEBUG] 	* Successfully cloned <javascripto/spring-api>
2020-09-07 09:22:53,606 (repo_cloner ) [DEBUG] 	* Successfully cloned <javascripto/tw-semana-java>
2020-09-07 09:22:56,862 (repo_cloner ) [DEBUG] 	* Successfully cloned <jawil003/DeliveryTool>
2020-09-07 09:23:04,520 (repo_cloner ) [DEBUG] 	* Successfully cloned <jazeem-azeez/ET_Tool>
2020-09-07 09:23:05,740 (repo_cloner ) [DEBUG] 	* Successfully cloned <jazeem-azeez/MsWRpc>
2020-09-07 09:24:12,097 (repo_cloner ) [DEBUG] 	* Successfully cloned <jazwiecki/jimjazwiecki.com>
2020-09-07 09:24:13,204 (repo_cloner ) [DEBUG] 	* Successfully cloned <jazwiecki/skub>
2020-09-07 09:24:14,004 (repo_cloner ) [DEBUG] 	* Successfully cloned <jeanluc243/dart-calculator>
2020-09-07 09:24:14,892 (repo_cloner ) [DEBUG] 	* Successfully cloned <jeanluc243/dart_humanize>
2020-09-07 09:24:16,220 (repo_cloner ) [DEBUG] 	* Successfully cloned <jeanluc243/splashy>
2020-09-07 09:24:24,795 (repo_cloner ) [DEBUG] 	* Successfully cloned <jeremyBanks/speedruns>
2020-09-07 09:24:31,839 (repo_cloner ) [DEBUG] 	* Successfully cloned <jferragut/todo-list-api>
2020-09-07 09:24:33,400 (repo_cloner ) [DEBUG] 	* Successfully cloned <jfl88/brewberry>
2020-09-07 09:24:34,313 (repo_cloner ) [DEBUG] 	* Successfully cloned <jflopezfernandez/books-notebooks-mathematics-abstract-algebra>
2020-09-07 09:24:35,232 (repo_cloner ) [DEBUG] 	* Successfully cloned <jflopezfernandez/books-notebooks-mathematics-ahlfors-complex-analysis>
2020-09-07 09:24:36,781 (repo_cloner ) [DEBUG] 	* Successfully cloned <jflopezfernandez/books-notebooks-mathematics-bloch-real-numbers-and-real-analysis>
2020-09-07 09:24:37,697 (repo_cloner ) [DEBUG] 	* Successfully cloned <jflopezfernandez/books-notebooks-mathematics-brown-churchill-complex-variables-and>
2020-09-07 09:24:38,813 (repo_cloner ) [DEBUG] 	* Successfully cloned <jflopezfernandez/books-notebooks-mathematics-callahan-advanced-calculus>
2020-09-07 09:24:39,804 (repo_cloner ) [DEBUG] 	* Successfully cloned <jflopezfernandez/books-notebooks-mathematics-lang-algebra>
2020-09-07 09:24:40,727 (repo_cloner ) [DEBUG] 	* Successfully cloned <jflopezfernandez/books-notebooks-mathematics-lax-and-terrell-multivariable-calculus>
2020-09-07 09:24:41,817 (repo_cloner ) [DEBUG] 	* Successfully cloned <jflopezfernandez/books-notebooks-mathematics-lee-top>
2020-09-07 09:24:42,731 (repo_cloner ) [DEBUG] 	* Successfully cloned <jflopezfernandez/books-notebooks-mathematics-munkres-topology>
2020-09-07 09:24:44,418 (repo_cloner ) [DEBUG] 	* Successfully cloned <jflopezfernandez/books-notebooks-mathematics-rudin-principles-of-mathematical-analysis>
2020-09-07 09:24:45,866 (repo_cloner ) [DEBUG] 	* Successfully cloned <jflopezfernandez/books-notebooks-mathematics-stewart-calculus-et-7>
2020-09-07 09:24:46,757 (repo_cloner ) [DEBUG] 	* Successfully cloned <jflopezfernandez/books-notebooks-mathematics-strang-differential-eq-and-la>
2020-09-07 09:24:47,649 (repo_cloner ) [DEBUG] 	* Successfully cloned <jflopezfernandez/books-notebooks-mathematics-strang-intro-linear-algebra-5>
2020-09-07 09:24:48,860 (repo_cloner ) [DEBUG] 	* Successfully cloned <jflopezfernandez/books-notebooks-mathematics-tenenbaum-pollard-ode>
2020-09-07 09:24:49,776 (repo_cloner ) [DEBUG] 	* Successfully cloned <jflopezfernandez/books-notebooks-mathematics-zachmanoglou-thoe-intro-pde-wa>
2020-09-07 09:24:49,776 (repo_cloner ) [INFO] Finished cloning 1250/2208 repositories...
2020-09-07 09:24:50,726 (repo_cloner ) [DEBUG] 	* Successfully cloned <jflopezfernandez/books-notebooks-physics-university-physics-young-freedman-11>
2020-09-07 09:24:51,626 (repo_cloner ) [DEBUG] 	* Successfully cloned <jflopezfernandez/canonical-dbconn-mariadb-c>
2020-09-07 09:24:52,748 (repo_cloner ) [DEBUG] 	* Successfully cloned <jflopezfernandez/exists>
2020-09-07 09:24:53,789 (repo_cloner ) [DEBUG] 	* Successfully cloned <jflopezfernandez/latex-documents-bibliography>
2020-09-07 09:24:54,645 (repo_cloner ) [DEBUG] 	* Successfully cloned <jflopezfernandez/mat-420-final-project-paper>
2020-09-07 09:24:55,539 (repo_cloner ) [DEBUG] 	* Successfully cloned <jflopezfernandez/mat-420-final-project-simulation>
2020-09-07 09:24:56,446 (repo_cloner ) [DEBUG] 	* Successfully cloned <jflopezfernandez/options>
2020-09-07 09:24:57,359 (repo_cloner ) [DEBUG] 	* Successfully cloned <jflopezfernandez/password>
2020-09-07 09:24:58,690 (repo_cloner ) [DEBUG] 	* Successfully cloned <jflopezfernandez/reperl>
2020-09-07 09:24:59,818 (repo_cloner ) [DEBUG] 	* Successfully cloned <jflopezfernandez/xoracle>
2020-09-07 09:25:15,198 (repo_cloner ) [DEBUG] 	* Successfully cloned <jimmyandrade/.com>
2020-09-07 09:26:59,313 (repo_cloner ) [DEBUG] 	* Successfully cloned <jizongFox/deep-clustering-toolbox>
2020-09-07 09:27:02,924 (repo_cloner ) [DEBUG] 	* Successfully cloned <jjozwiak/futureprogrammersofukraine.com>
2020-09-07 09:27:19,281 (repo_cloner ) [DEBUG] 	* Successfully cloned <jjozwiak/jjozwiak.github.io>
2020-09-07 09:27:21,416 (repo_cloner ) [DEBUG] 	* Successfully cloned <jkbhagatio/pl_idioms_matlab>
2020-09-07 09:27:28,608 (repo_cloner ) [DEBUG] 	* Successfully cloned <jkurian/restapi>
2020-09-07 09:27:29,475 (repo_cloner ) [DEBUG] 	* Successfully cloned <jmartz-gmbh/anton-build>
2020-09-07 09:27:30,306 (repo_cloner ) [DEBUG] 	* Successfully cloned <jmartz-gmbh/laravel-migration-tasks>
2020-09-07 09:27:34,927 (repo_cloner ) [DEBUG] 	* Successfully cloned <jodfedlet/MJcodeSite>
2020-09-07 09:27:42,787 (repo_cloner ) [DEBUG] 	* Successfully cloned <joely-w/TripOut>
2020-09-07 09:27:43,987 (repo_cloner ) [DEBUG] 	* Successfully cloned <jonasbn/Module-Info-File>
2020-09-07 09:27:44,936 (repo_cloner ) [DEBUG] 	* Successfully cloned <jonasbn/Mojolicious-Plugin-CSP>
2020-09-07 09:27:46,016 (repo_cloner ) [DEBUG] 	* Successfully cloned <jonasbn/Mojolicious-Plugin-LogDispatch>
2020-09-07 09:27:47,198 (repo_cloner ) [DEBUG] 	* Successfully cloned <jonasbn/bdkfi>
2020-09-07 09:27:48,483 (repo_cloner ) [DEBUG] 	* Successfully cloned <jonasbn/bdkphn>
2020-09-07 09:27:49,681 (repo_cloner ) [DEBUG] 	* Successfully cloned <jonasbn/bdkpo>
2020-09-07 09:27:51,133 (repo_cloner ) [DEBUG] 	* Successfully cloned <jonasbn/bdkpst>
2020-09-07 09:27:52,982 (repo_cloner ) [DEBUG] 	* Successfully cloned <jonasbn/pcplrpnp>
2020-09-07 09:27:54,709 (repo_cloner ) [DEBUG] 	* Successfully cloned <jonasbn/pcplrpv>
2020-09-07 09:27:56,484 (repo_cloner ) [DEBUG] 	* Successfully cloned <jonasbn/pcplrsb>
2020-09-07 09:27:58,270 (repo_cloner ) [DEBUG] 	* Successfully cloned <jonasbn/pcpmpul>
2020-09-07 09:28:00,049 (repo_cloner ) [DEBUG] 	* Successfully cloned <jonasbn/pcpmrvf>
2020-09-07 09:28:01,620 (repo_cloner ) [DEBUG] 	* Successfully cloned <jonasbn/perl-business-dk-cvr>
2020-09-07 09:28:03,435 (repo_cloner ) [DEBUG] 	* Successfully cloned <jonasbn/perl-critic-policy-builtinfunctions-prohibitshelldispatch>
2020-09-07 09:28:05,217 (repo_cloner ) [DEBUG] 	* Successfully cloned <jonasbn/perl-critic-policy-inputoutput-prohibithighprecedentlogicaloperatorerrorhandling>
2020-09-07 09:28:06,957 (repo_cloner ) [DEBUG] 	* Successfully cloned <jonasbn/perl-critic-policy-module-moduleblacklist>
2020-09-07 09:28:08,906 (repo_cloner ) [DEBUG] 	* Successfully cloned <jonasbn/perl-critic-policy-regularexpressions-requiredefault>
2020-09-07 09:28:13,039 (repo_cloner ) [DEBUG] 	* Successfully cloned <jonasbn/perl-date-holidays>
2020-09-07 09:28:14,443 (repo_cloner ) [DEBUG] 	* Successfully cloned <jonasbn/perl-date-holidays-abstract>
2020-09-07 09:28:15,628 (repo_cloner ) [DEBUG] 	* Successfully cloned <jonasbn/perl-date-holidays-super>
2020-09-07 09:28:17,506 (repo_cloner ) [DEBUG] 	* Successfully cloned <jonasbn/perl-test-timer>
2020-09-07 09:28:18,860 (repo_cloner ) [DEBUG] 	* Successfully cloned <jonasbn/terms_and_conditions_as_a_service_poc>
2020-09-07 09:28:22,824 (repo_cloner ) [DEBUG] 	* Successfully cloned <jonasbn/til>
2020-09-07 09:28:23,954 (repo_cloner ) [DEBUG] 	* Successfully cloned <jonasbn/yak>
2020-09-07 09:28:25,554 (repo_cloner ) [DEBUG] 	* Successfully cloned <jonathan-martz/jmartz-api-borat>
2020-09-07 09:28:28,250 (repo_cloner ) [DEBUG] 	* Successfully cloned <jonathan-martz/jmartz-resume>
2020-09-07 09:28:29,717 (repo_cloner ) [DEBUG] 	* Successfully cloned <jonathan-martz/lumen-command-borat-requirements>
2020-09-07 09:28:31,601 (repo_cloner ) [DEBUG] 	* Successfully cloned <jonathan-martz/lumen-controller>
2020-09-07 09:28:32,826 (repo_cloner ) [DEBUG] 	* Successfully cloned <jonathan-martz/lumen-controller-borat>
2020-09-07 09:28:38,516 (repo_cloner ) [DEBUG] 	* Successfully cloned <jonathan-martz/lumen-controller-borat-cache>
2020-09-07 09:28:38,516 (repo_cloner ) [INFO] Finished cloning 1300/2208 repositories...
2020-09-07 09:28:39,590 (repo_cloner ) [DEBUG] 	* Successfully cloned <jonathan-martz/lumen-controller-cookies>
2020-09-07 09:28:41,097 (repo_cloner ) [DEBUG] 	* Successfully cloned <jonathan-martz/lumen-controller-login>
2020-09-07 09:28:42,142 (repo_cloner ) [DEBUG] 	* Successfully cloned <jonathan-martz/lumen-controller-projects>
2020-09-07 09:28:43,455 (repo_cloner ) [DEBUG] 	* Successfully cloned <jonathan-martz/lumen-controller-register>
2020-09-07 09:28:44,297 (repo_cloner ) [DEBUG] 	* Successfully cloned <jonathan-martz/lumen-controller-tasks>
2020-09-07 09:28:45,488 (repo_cloner ) [DEBUG] 	* Successfully cloned <jonathan-martz/lumen-controller-todo>
2020-09-07 09:28:46,448 (repo_cloner ) [DEBUG] 	* Successfully cloned <jonathan-martz/lumen-cronjob-user-activate>
2020-09-07 09:28:47,608 (repo_cloner ) [DEBUG] 	* Successfully cloned <jonathan-martz/lumen-exeception-to-json>
2020-09-07 09:28:48,828 (repo_cloner ) [DEBUG] 	* Successfully cloned <jonathan-martz/lumen-middelware-auth>
2020-09-07 09:28:49,815 (repo_cloner ) [DEBUG] 	* Successfully cloned <jonathan-martz/lumen-middelware-auth-token>
2020-09-07 09:28:50,733 (repo_cloner ) [DEBUG] 	* Successfully cloned <jonathan-martz/lumen-model-role-admin>
2020-09-07 09:28:51,682 (repo_cloner ) [DEBUG] 	* Successfully cloned <jonathan-martz/lumen-model-role-user>
2020-09-07 09:28:52,733 (repo_cloner ) [DEBUG] 	* Successfully cloned <jonathan-martz/magento2-supportform>
2020-09-07 09:28:53,647 (repo_cloner ) [DEBUG] 	* Successfully cloned <jonathan-martz/magento2-webapi-manager>
2020-09-07 09:28:54,693 (repo_cloner ) [DEBUG] 	* Successfully cloned <jonathan-martz/magento2-webapi-stats>
2020-09-07 09:28:55,613 (repo_cloner ) [DEBUG] 	* Successfully cloned <jonathan-martz/vanillo-vue>
2020-09-07 09:28:56,521 (repo_cloner ) [DEBUG] 	* Successfully cloned <jonathan-martz/worktime>
2020-09-07 09:28:58,258 (repo_cloner ) [DEBUG] 	* Successfully cloned <jongwon/react-native-todos>
2020-09-07 09:29:00,588 (repo_cloner ) [DEBUG] 	* Successfully cloned <jonocarroll/ggghost>
2020-09-07 09:29:09,985 (repo_cloner ) [DEBUG] 	* Successfully cloned <jonocarroll/jcarroll.com.au>
2020-09-07 09:29:11,101 (repo_cloner ) [DEBUG] 	* Successfully cloned <jonocarroll/tidyGDPR>
2020-09-07 09:29:15,910 (repo_cloner ) [DEBUG] 	* Successfully cloned <joshwilsonvu/mm>
2020-09-07 09:29:17,203 (repo_cloner ) [DEBUG] 	* Successfully cloned <joshwilsonvu/node-zero>
2020-09-07 09:29:18,298 (repo_cloner ) [DEBUG] 	* Successfully cloned <joshwilsonvu/react-sandbox>
2020-09-07 09:29:21,424 (repo_cloner ) [DEBUG] 	* Successfully cloned <joxcat/dotfiles>
2020-09-07 09:29:24,165 (repo_cloner ) [DEBUG] 	* Successfully cloned <julia-diversity-and-inclusion/juliaCluBR>
2020-09-07 09:29:25,613 (repo_cloner ) [DEBUG] 	* Successfully cloned <juniorkibirige/GADS-2020-Practice-Project>
2020-09-07 09:29:26,687 (repo_cloner ) [DEBUG] 	* Successfully cloned <jvkdev/bb15-footswitch>
2020-09-07 09:29:31,632 (repo_cloner ) [DEBUG] 	* Successfully cloned <jwu910/check-it-out>
2020-09-07 09:29:32,443 (repo_cloner ) [DEBUG] 	* Successfully cloned <kakuzops/elixir-identicon>
2020-09-07 09:29:33,404 (repo_cloner ) [DEBUG] 	* Successfully cloned <kammerdiener/rt-coding-test>
2020-09-07 09:29:35,869 (repo_cloner ) [DEBUG] 	* Successfully cloned <kapral18/reset-modules-issue-demo>
2020-09-07 09:30:01,704 (repo_cloner ) [DEBUG] 	* Successfully cloned <karx/karx.github.io>
2020-09-07 09:30:03,437 (repo_cloner ) [DEBUG] 	* Successfully cloned <karye/NTI-backend>
2020-09-07 09:30:06,466 (repo_cloner ) [DEBUG] 	* Successfully cloned <kaylani2/machineLearning>
2020-09-07 09:30:07,501 (repo_cloner ) [DEBUG] 	* Successfully cloned <kellymears/BlockCompose>
2020-09-07 09:30:08,411 (repo_cloner ) [DEBUG] 	* Successfully cloned <kellymears/tailwind-gutenberg-components>
2020-09-07 09:30:38,807 (repo_cloner ) [DEBUG] 	* Successfully cloned <kellymears/wp-block-styles-project>
2020-09-07 09:30:39,797 (repo_cloner ) [DEBUG] 	* Successfully cloned <ketkev/F-35-Conversion>
2020-09-07 09:30:40,816 (repo_cloner ) [DEBUG] 	* Successfully cloned <ketkev/VTOLVR-translation-tool>
2020-09-07 09:30:46,253 (repo_cloner ) [DEBUG] 	* Successfully cloned <kevlatus/flutter_fortune_wheel>
2020-09-07 09:30:47,861 (repo_cloner ) [DEBUG] 	* Successfully cloned <keyneston/rbgp>
2020-09-07 09:30:49,042 (repo_cloner ) [DEBUG] 	* Successfully cloned <keyneston/stepcompiler>
2020-09-07 09:30:49,927 (repo_cloner ) [DEBUG] 	* Successfully cloned <kguidonimartins/brokennonascii>
2020-09-07 09:30:51,552 (repo_cloner ) [DEBUG] 	* Successfully cloned <kguidonimartins/hea>
2020-09-07 09:30:52,729 (repo_cloner ) [DEBUG] 	* Successfully cloned <kguidonimartins/minimalTemplate>
2020-09-07 09:31:49,472 (repo_cloner ) [DEBUG] 	* Successfully cloned <kguidonimartins/py-ds-ml-bootcamp-joseportilla>
2020-09-07 09:31:55,650 (repo_cloner ) [DEBUG] 	* Successfully cloned <kguidonimartins/wttd>
2020-09-07 09:31:56,693 (repo_cloner ) [DEBUG] 	* Successfully cloned <kichiemon/flutter_backdrop>
2020-09-07 09:32:01,634 (repo_cloner ) [DEBUG] 	* Successfully cloned <koddsson/jsonresume>
2020-09-07 09:32:01,634 (repo_cloner ) [INFO] Finished cloning 1350/2208 repositories...
2020-09-07 09:32:03,716 (repo_cloner ) [DEBUG] 	* Successfully cloned <komondor-lab/plugin>
2020-09-07 09:32:05,822 (repo_cloner ) [DEBUG] 	* Successfully cloned <kompanycoder/airhorn>
2020-09-07 09:32:07,671 (repo_cloner ) [DEBUG] 	* Successfully cloned <krosf-university/EDNL>
2020-09-07 09:32:12,488 (repo_cloner ) [DEBUG] 	* Successfully cloned <krosf-university/pw-symfony-doc>
2020-09-07 09:32:16,379 (repo_cloner ) [DEBUG] 	* Successfully cloned <ksomervi/invader>
2020-09-07 09:32:19,477 (repo_cloner ) [DEBUG] 	* Successfully cloned <kukhariev/ngx-uploadx>
2020-09-07 09:32:22,157 (repo_cloner ) [ERROR] 	* Unexpected <class '_pygit2.GitError'> (GitError) for <kuldeepkeshwar/filbert-js>! could not remove directory 'D:/Repos/kuldeepkeshwar/filbert-js/.git/refs/remotes/origin/dependabot/npm_and_yarn/escape-goat-3.0.0': parent is not directory: The system cannot find the path specified.

2020-09-07 09:32:23,097 (repo_cloner ) [DEBUG] 	* Successfully cloned <kuldeepkeshwar/npm-package-mono-repo>
2020-09-07 09:32:24,814 (repo_cloner ) [DEBUG] 	* Successfully cloned <kuldeepkeshwar/size-plugin-bot>
2020-09-07 09:32:25,674 (repo_cloner ) [DEBUG] 	* Successfully cloned <kuldeepkeshwar/size-plugin-store>
2020-09-07 09:32:27,074 (repo_cloner ) [DEBUG] 	* Successfully cloned <kuldeepkeshwar/size-plugin-test-repo>
2020-09-07 09:32:30,882 (repo_cloner ) [DEBUG] 	* Successfully cloned <kyb3r/modmail>
2020-09-07 09:32:31,853 (repo_cloner ) [DEBUG] 	* Successfully cloned <kyb3r/modmail-plugins>
2020-09-07 09:32:33,263 (repo_cloner ) [DEBUG] 	* Successfully cloned <kyb3r/pycord>
2020-09-07 09:33:00,385 (repo_cloner ) [DEBUG] 	* Successfully cloned <kylebarron/all-transit>
2020-09-07 09:33:02,222 (repo_cloner ) [DEBUG] 	* Successfully cloned <kylebarron/atom-gmail>
2020-09-07 09:33:06,512 (repo_cloner ) [DEBUG] 	* Successfully cloned <kylebarron/deck.gl-raster>
2020-09-07 09:33:08,939 (repo_cloner ) [DEBUG] 	* Successfully cloned <kylebarron/deckgl-bands-bitmap-layer>
2020-09-07 09:33:10,689 (repo_cloner ) [DEBUG] 	* Successfully cloned <kylebarron/deckgl-mapbox-style>
2020-09-07 09:33:16,191 (repo_cloner ) [DEBUG] 	* Successfully cloned <kylebarron/dem-tiler>
2020-09-07 09:33:43,640 (repo_cloner ) [DEBUG] 	* Successfully cloned <kylebarron/kylebarron.github.io>
2020-09-07 09:33:56,640 (repo_cloner ) [DEBUG] 	* Successfully cloned <kylebarron/landsat-cogeo-mosaic>
2020-09-07 09:34:19,027 (repo_cloner ) [DEBUG] 	* Successfully cloned <kylebarron/landsat8.earth>
2020-09-07 09:34:19,884 (repo_cloner ) [DEBUG] 	* Successfully cloned <kylebarron/mac_setup>
2020-09-07 09:34:21,766 (repo_cloner ) [DEBUG] 	* Successfully cloned <kylebarron/pymartini>
2020-09-07 09:34:24,766 (repo_cloner ) [DEBUG] 	* Successfully cloned <kylebarron/quantized-mesh-encoder>
2020-09-07 09:34:25,938 (repo_cloner ) [DEBUG] 	* Successfully cloned <kylebarron/quantized-mesh-encoder-js>
2020-09-07 09:34:27,234 (repo_cloner ) [DEBUG] 	* Successfully cloned <kylebarron/snap-to-tin>
2020-09-07 09:34:28,045 (repo_cloner ) [DEBUG] 	* Successfully cloned <kylebarron/stata-cython>
2020-09-07 09:34:29,015 (repo_cloner ) [DEBUG] 	* Successfully cloned <kylebarron/stataParquet>
2020-09-07 09:34:41,652 (repo_cloner ) [DEBUG] 	* Successfully cloned <kylebarron/stata_kernel>
2020-09-07 09:34:42,498 (repo_cloner ) [DEBUG] 	* Successfully cloned <kylebarron/transit2parks>
2020-09-07 09:34:48,022 (repo_cloner ) [DEBUG] 	* Successfully cloned <kylebarron/usgs-topo-tiler>
2020-09-07 09:34:51,014 (repo_cloner ) [DEBUG] 	* Successfully cloned <kylebarron/vector-nationalmap>
2020-09-07 09:34:51,906 (repo_cloner ) [DEBUG] 	* Successfully cloned <kylebarron/vt-to-deck>
2020-09-07 09:34:52,765 (repo_cloner ) [DEBUG] 	* Successfully cloned <kyoh86/chromext-calmeet>
2020-09-07 09:35:28,844 (repo_cloner ) [DEBUG] 	* Successfully cloned <kyoh86/dotfiles>
2020-09-07 09:35:30,121 (repo_cloner ) [DEBUG] 	* Successfully cloned <kyoh86/git-vertag>
2020-09-07 09:35:31,407 (repo_cloner ) [DEBUG] 	* Successfully cloned <kyoh86/gordon>
2020-09-07 09:35:33,710 (repo_cloner ) [DEBUG] 	* Successfully cloned <kyoh86/momiji>
2020-09-07 09:35:34,670 (repo_cloner ) [DEBUG] 	* Successfully cloned <kyoh86/vim-docbase>
2020-09-07 09:35:35,594 (repo_cloner ) [DEBUG] 	* Successfully cloned <kyoh86/vim-metarw-docbase>
2020-09-07 09:36:00,430 (repo_cloner ) [DEBUG] 	* Successfully cloned <labcodes/blog>
2020-09-07 09:36:01,782 (repo_cloner ) [DEBUG] 	* Successfully cloned <labcodes/todo>
2020-09-07 09:36:02,861 (repo_cloner ) [DEBUG] 	* Successfully cloned <laslibs/las-cs>
2020-09-07 09:36:04,577 (repo_cloner ) [DEBUG] 	* Successfully cloned <laslibs/las-js>
2020-09-07 09:36:06,065 (repo_cloner ) [DEBUG] 	* Successfully cloned <laughedelic/atom-ide-scala>
2020-09-07 09:36:07,169 (repo_cloner ) [DEBUG] 	* Successfully cloned <laughedelic/scalajs-atom-api>
2020-09-07 09:36:08,019 (repo_cloner ) [DEBUG] 	* Successfully cloned <lboening/PSProfile>
2020-09-07 09:36:09,359 (repo_cloner ) [DEBUG] 	* Successfully cloned <leanmotherfuckers/docker-php-base>
2020-09-07 09:36:09,359 (repo_cloner ) [INFO] Finished cloning 1400/2208 repositories...
2020-09-07 09:36:13,317 (repo_cloner ) [DEBUG] 	* Successfully cloned <lec-cafe/books-nuxtjs>
2020-09-07 09:36:16,195 (repo_cloner ) [DEBUG] 	* Successfully cloned <lec-cafe/lec-cafe>
2020-09-07 09:36:18,390 (repo_cloner ) [DEBUG] 	* Successfully cloned <lechodiman/notepedia-mern-stack>
2020-09-07 09:36:20,216 (repo_cloner ) [DEBUG] 	* Successfully cloned <leo60228/celeste.rs>
2020-09-07 09:36:21,018 (repo_cloner ) [DEBUG] 	* Successfully cloned <leobattin/prov>
2020-09-07 09:36:21,925 (repo_cloner ) [DEBUG] 	* Successfully cloned <lezzles11/Basic-MVC-Example--Javascript-->
2020-09-07 09:36:22,730 (repo_cloner ) [DEBUG] 	* Successfully cloned <lezzles11/CheerUpSO>
2020-09-07 09:36:33,569 (repo_cloner ) [DEBUG] 	* Successfully cloned <lezzles11/Knex-Template>
2020-09-07 09:36:34,683 (repo_cloner ) [DEBUG] 	* Successfully cloned <lezzles11/Microsoft-Java-Course>
2020-09-07 09:36:53,179 (repo_cloner ) [DEBUG] 	* Successfully cloned <lezzles11/OOP-Java-Pt-1>
2020-09-07 09:37:31,530 (repo_cloner ) [DEBUG] 	* Successfully cloned <lezzles11/Postgres-Node-Template>
2020-09-07 09:37:32,615 (repo_cloner ) [DEBUG] 	* Successfully cloned <lezzles11/Progress_Reports>
2020-09-07 09:37:33,393 (repo_cloner ) [DEBUG] 	* Successfully cloned <lezzles11/To-Do-List>
2020-09-07 09:41:22,812 (repo_cloner ) [DEBUG] 	* Successfully cloned <lezzles11/small_pleasures>
2020-09-07 09:41:23,705 (repo_cloner ) [DEBUG] 	* Successfully cloned <lguilhermee/Battleye-Shellcode-Dumper>
2020-09-07 09:42:20,111 (repo_cloner ) [DEBUG] 	* Successfully cloned <lifemapper/core>
2020-09-07 09:42:27,861 (repo_cloner ) [DEBUG] 	* Successfully cloned <lifemapper/lm_client>
2020-09-07 09:42:39,033 (repo_cloner ) [DEBUG] 	* Successfully cloned <lihaoml/bean>
2020-09-07 09:42:40,885 (repo_cloner ) [DEBUG] 	* Successfully cloned <lisaross/dotfiles>
2020-09-07 09:42:42,296 (repo_cloner ) [DEBUG] 	* Successfully cloned <litex-hub/litex-conda-packages>
2020-09-07 09:42:43,487 (repo_cloner ) [DEBUG] 	* Successfully cloned <littlemanco/library>
2020-09-07 09:42:45,481 (repo_cloner ) [DEBUG] 	* Successfully cloned <liudonghua123/wayfless_generator_flutter>
2020-09-07 09:42:52,083 (repo_cloner ) [DEBUG] 	* Successfully cloned <llldar/Lonefire>
2020-09-07 09:42:54,005 (repo_cloner ) [DEBUG] 	* Successfully cloned <llldar/lonefire2>
2020-09-07 09:42:57,054 (repo_cloner ) [DEBUG] 	* Successfully cloned <llrs/Barcelona>
2020-09-07 09:43:32,067 (repo_cloner ) [DEBUG] 	* Successfully cloned <llrs/blogR>
2020-09-07 09:43:33,025 (repo_cloner ) [DEBUG] 	* Successfully cloned <llrs/socialGH>
2020-09-07 09:44:23,001 (repo_cloner ) [DEBUG] 	* Successfully cloned <loftwah/beatsmiff.com>
2020-09-07 09:44:36,575 (repo_cloner ) [ERROR] 	* Unexpected <class '_pygit2.GitError'> (GitError) for <loftwah/loftwah-dev-2020>! cannot checkout to invalid path 'wordpress/aws/aws-refarch-wordpress-v20171026.jpeg:Zone.Identifier'
2020-09-07 09:45:53,456 (repo_cloner ) [DEBUG] 	* Successfully cloned <loftwah/shop.grindmodecypher.com>
2020-09-07 09:45:54,808 (repo_cloner ) [DEBUG] 	* Successfully cloned <longstone/lodur-parse-operation>
2020-09-07 09:46:03,016 (repo_cloner ) [DEBUG] 	* Successfully cloned <lonix/dotfiles>
2020-09-07 09:46:03,881 (repo_cloner ) [DEBUG] 	* Successfully cloned <lonix/homedatacenter>
2020-09-07 09:46:16,676 (repo_cloner ) [DEBUG] 	* Successfully cloned <lqqokim/D-DevGuide>
2020-09-07 09:46:17,829 (repo_cloner ) [DEBUG] 	* Successfully cloned <lqqokim/redux-saga-todo>
2020-09-07 09:46:20,252 (repo_cloner ) [DEBUG] 	* Successfully cloned <lqqokim/vanillajs-redux>
2020-09-07 09:46:21,452 (repo_cloner ) [DEBUG] 	* Successfully cloned <lucassel/ikwilnaarhuis>
2020-09-07 09:46:23,761 (repo_cloner ) [DEBUG] 	* Successfully cloned <ludeeus/hacs-actions>
2020-09-07 09:46:25,239 (repo_cloner ) [DEBUG] 	* Successfully cloned <ludeeus/hacs-bot>
2020-09-07 09:46:26,216 (repo_cloner ) [DEBUG] 	* Successfully cloned <ludeeus/ludeeus.dev>
2020-09-07 09:46:27,789 (repo_cloner ) [DEBUG] 	* Successfully cloned <luisholanda/.dotfiles>
2020-09-07 09:46:28,758 (repo_cloner ) [DEBUG] 	* Successfully cloned <luisholanda/inox-lang>
2020-09-07 09:46:30,020 (repo_cloner ) [DEBUG] 	* Successfully cloned <lukesUbuntu/virtualmin_blesta>
2020-09-07 09:46:32,706 (repo_cloner ) [DEBUG] 	* Successfully cloned <lukoerfer/welkin>
2020-09-07 09:46:43,199 (repo_cloner ) [DEBUG] 	* Successfully cloned <ly525/luban-h5>
2020-09-07 09:46:45,895 (repo_cloner ) [DEBUG] 	* Successfully cloned <lyssieth/epsilon>
2020-09-07 09:46:47,466 (repo_cloner ) [DEBUG] 	* Successfully cloned <maartenvanschagen/gyroLib>
2020-09-07 09:46:49,001 (repo_cloner ) [DEBUG] 	* Successfully cloned <magruder85/react-tutorials>
2020-09-07 09:46:49,948 (repo_cloner ) [DEBUG] 	* Successfully cloned <mahboobehad/linky>
2020-09-07 09:46:51,115 (repo_cloner ) [DEBUG] 	* Successfully cloned <mahboobehad/ocausal>
2020-09-07 09:46:51,115 (repo_cloner ) [INFO] Finished cloning 1450/2208 repositories...
2020-09-07 09:46:52,099 (repo_cloner ) [DEBUG] 	* Successfully cloned <maidstone-hackspace/access-rfid-reader>
2020-09-07 09:47:10,523 (repo_cloner ) [DEBUG] 	* Successfully cloned <maidstone-hackspace/qa-keypad>
2020-09-07 09:47:14,183 (repo_cloner ) [DEBUG] 	* Successfully cloned <mailchain/mailchain>
2020-09-07 09:47:16,198 (repo_cloner ) [DEBUG] 	* Successfully cloned <mailchain/mailchain-web>
2020-09-07 09:49:56,202 (repo_cloner ) [DEBUG] 	* Successfully cloned <mandreyel/dotfiles>
2020-09-07 09:49:57,372 (repo_cloner ) [DEBUG] 	* Successfully cloned <mandreyel/tudu-server>
2020-09-07 09:49:58,319 (repo_cloner ) [DEBUG] 	* Successfully cloned <mango-svip/SpringBootDemo>
2020-09-07 09:49:59,159 (repo_cloner ) [DEBUG] 	* Successfully cloned <mango-svip/coolq>
2020-09-07 09:50:03,536 (repo_cloner ) [DEBUG] 	* Successfully cloned <mango-svip/meizitu>
2020-09-07 09:50:04,466 (repo_cloner ) [DEBUG] 	* Successfully cloned <mango-svip/springboot-grpc-seata-starter>
2020-09-07 09:50:05,392 (repo_cloner ) [DEBUG] 	* Successfully cloned <mango-svip/wechat-spider>
2020-09-07 09:50:06,206 (repo_cloner ) [DEBUG] 	* Successfully cloned <marchel2/dotnet-core-web-api>
2020-09-07 09:50:08,250 (repo_cloner ) [DEBUG] 	* Successfully cloned <marcuscastelo/alg-t1>
2020-09-07 09:50:10,844 (repo_cloner ) [DEBUG] 	* Successfully cloned <marcuscastelo/alg-t3>
2020-09-07 09:50:11,830 (repo_cloner ) [DEBUG] 	* Successfully cloned <marcuscastelo/arduino-transdimentional-maze>
2020-09-07 09:50:14,179 (repo_cloner ) [DEBUG] 	* Successfully cloned <marcuscastelo/minecraft-quartus>
2020-09-07 09:50:15,972 (repo_cloner ) [DEBUG] 	* Successfully cloned <marcuscastelo/rato-guloso>
2020-09-07 09:50:17,197 (repo_cloner ) [DEBUG] 	* Successfully cloned <marcuscastelo/trab3-arquivos>
2020-09-07 09:50:18,825 (repo_cloner ) [DEBUG] 	* Successfully cloned <mariuszbyahoo/ParkingAppAPI>
2020-09-07 09:50:20,022 (repo_cloner ) [DEBUG] 	* Successfully cloned <mariuszbyahoo/ResourceManager>
2020-09-07 09:50:21,011 (repo_cloner ) [DEBUG] 	* Successfully cloned <mariuszbyahoo/Spring-JPA>
2020-09-07 09:50:22,460 (repo_cloner ) [DEBUG] 	* Successfully cloned <mariuszbyahoo/TaskAssignementManager>
2020-09-07 09:50:23,496 (repo_cloner ) [DEBUG] 	* Successfully cloned <mariuszbyahoo/TicketGenerator>
2020-09-07 09:50:24,630 (repo_cloner ) [DEBUG] 	* Successfully cloned <marjamis/compose>
2020-09-07 09:50:26,523 (repo_cloner ) [DEBUG] 	* Successfully cloned <marjamis/k8s_manifests>
2020-09-07 09:50:27,565 (repo_cloner ) [DEBUG] 	* Successfully cloned <marjamis/kata-go>
2020-09-07 09:50:28,424 (repo_cloner ) [DEBUG] 	* Successfully cloned <marjamis/kubectl-kcn>
2020-09-07 09:50:29,284 (repo_cloner ) [DEBUG] 	* Successfully cloned <marjamis/molds>
2020-09-07 09:51:01,896 (repo_cloner ) [DEBUG] 	* Successfully cloned <markplagge/NeMo-XE-Old>
2020-09-07 09:51:20,051 (repo_cloner ) [DEBUG] 	* Successfully cloned <markroxor/fromscratchtoml>
2020-09-07 09:51:41,896 (repo_cloner ) [DEBUG] 	* Successfully cloned <marktext/marktext>
2020-09-07 09:51:42,721 (repo_cloner ) [DEBUG] 	* Successfully cloned <marocchino/credo_parens_true_in_strict>
2020-09-07 09:51:46,545 (repo_cloner ) [DEBUG] 	* Successfully cloned <martinomburajr/gcp-vision-api>
2020-09-07 09:52:59,909 (repo_cloner ) [DEBUG] 	* Successfully cloned <martinomburajr/masters-go>
2020-09-07 09:53:02,754 (repo_cloner ) [DEBUG] 	* Successfully cloned <martinomburajr/pexels>
2020-09-07 09:53:04,028 (repo_cloner ) [DEBUG] 	* Successfully cloned <marvinav/kMCCoatings>
2020-09-07 09:53:10,418 (repo_cloner ) [DEBUG] 	* Successfully cloned <mas-cli/mas>
2020-09-07 09:54:03,415 (repo_cloner ) [DEBUG] 	* Successfully cloned <masc-ucsc/livehd>
2020-09-07 09:54:06,526 (repo_cloner ) [DEBUG] 	* Successfully cloned <masgeek/akilimo-api>
2020-09-07 09:54:07,663 (repo_cloner ) [DEBUG] 	* Successfully cloned <masgeek/fuelrod-batch>
2020-09-07 09:54:11,176 (repo_cloner ) [DEBUG] 	* Successfully cloned <matchai/spacefish>
2020-09-07 09:54:12,853 (repo_cloner ) [DEBUG] 	* Successfully cloned <matthewsj/cloudmodel>
2020-09-07 09:54:13,906 (repo_cloner ) [DEBUG] 	* Successfully cloned <mattstratton/bowie>
2020-09-07 09:54:18,711 (repo_cloner ) [DEBUG] 	* Successfully cloned <mattstratton/incidents-and-accidents>
2020-09-07 09:54:19,643 (repo_cloner ) [DEBUG] 	* Successfully cloned <maykonjv/serverless-example>
2020-09-07 09:54:20,762 (repo_cloner ) [DEBUG] 	* Successfully cloned <mctekk/twilio-video-chat>
2020-09-07 09:54:21,947 (repo_cloner ) [DEBUG] 	* Successfully cloned <mctekk/zohocrm>
2020-09-07 09:54:22,757 (repo_cloner ) [DEBUG] 	* Successfully cloned <mdeuerlein/addCopyright>
2020-09-07 09:54:50,360 (repo_cloner ) [DEBUG] 	* Successfully cloned <mdrago98/bioengine>
2020-09-07 09:54:52,140 (repo_cloner ) [DEBUG] 	* Successfully cloned <mdrago98/paymentGateway>
2020-09-07 09:54:52,140 (repo_cloner ) [INFO] Finished cloning 1500/2208 repositories...
2020-09-07 09:55:52,162 (repo_cloner ) [DEBUG] 	* Successfully cloned <merovex-press/merovex-press.github.io>
2020-09-07 09:57:19,859 (repo_cloner ) [DEBUG] 	* Successfully cloned <merovex-press/strand-series>
2020-09-07 09:57:42,088 (repo_cloner ) [DEBUG] 	* Successfully cloned <metrumresearchgroup/babylon>
2020-09-07 09:57:42,998 (repo_cloner ) [DEBUG] 	* Successfully cloned <metrumresearchgroup/pxr>
2020-09-07 09:57:43,975 (repo_cloner ) [DEBUG] 	* Successfully cloned <metrumresearchgroup/rcmd>
2020-09-07 09:57:46,069 (repo_cloner ) [DEBUG] 	* Successfully cloned <metrumresearchgroup/rcmdparser>
2020-09-07 09:57:47,386 (repo_cloner ) [DEBUG] 	* Successfully cloned <mgh3326/baekjoon_algorithm_samsung>
2020-09-07 09:57:48,484 (repo_cloner ) [DEBUG] 	* Successfully cloned <mgh3326/flutter_cart_bloc>
2020-09-07 09:57:49,577 (repo_cloner ) [DEBUG] 	* Successfully cloned <mgh3326/flutter_counter>
2020-09-07 09:57:50,675 (repo_cloner ) [DEBUG] 	* Successfully cloned <mgh3326/flutter_dust>
2020-09-07 09:57:55,366 (repo_cloner ) [DEBUG] 	* Successfully cloned <mgh3326/flutter_hot_deal_alram>
2020-09-07 09:57:56,690 (repo_cloner ) [DEBUG] 	* Successfully cloned <mgh3326/flutter_mask>
2020-09-07 09:57:58,471 (repo_cloner ) [DEBUG] 	* Successfully cloned <mgh3326/hot_deal_alarm_api>
2020-09-07 09:57:59,623 (repo_cloner ) [DEBUG] 	* Successfully cloned <mgh3326/hot_deal_alarm_app>
2020-09-07 09:58:01,301 (repo_cloner ) [DEBUG] 	* Successfully cloned <mgh3326/insta_clone2>
2020-09-07 09:58:02,617 (repo_cloner ) [DEBUG] 	* Successfully cloned <mgh3326/interview_practice_java>
2020-09-07 09:58:03,884 (repo_cloner ) [DEBUG] 	* Successfully cloned <mgh3326/programmers_algorithm>
2020-09-07 09:58:06,982 (repo_cloner ) [DEBUG] 	* Successfully cloned <mgh3326/studyolle>
2020-09-07 09:58:09,109 (repo_cloner ) [DEBUG] 	* Successfully cloned <mgh3326/sw_expert_academy_algorithm>
2020-09-07 09:58:09,881 (repo_cloner ) [DEBUG] 	* Successfully cloned <mhutchison90/my-first-repository>
2020-09-07 09:58:11,187 (repo_cloner ) [DEBUG] 	* Successfully cloned <micalevisk/duis>
2020-09-07 09:58:12,140 (repo_cloner ) [DEBUG] 	* Successfully cloned <michaeldallen/Unit-Testing-and-Test-Driven-Development-in-Python>
2020-09-07 09:58:26,828 (repo_cloner ) [DEBUG] 	* Successfully cloned <michaeldallen/m2c-jenkins>
2020-09-07 09:58:27,839 (repo_cloner ) [DEBUG] 	* Successfully cloned <michaeldallen/m2c-kodi>
2020-09-07 09:58:28,773 (repo_cloner ) [DEBUG] 	* Successfully cloned <michaeldallen/m2c-python3>
2020-09-07 10:00:03,932 (repo_cloner ) [DEBUG] 	* Successfully cloned <michaeltran/CV-Contour-Drawings>
2020-09-07 10:00:05,900 (repo_cloner ) [DEBUG] 	* Successfully cloned <michaeltran/React-Burger-Builder>
2020-09-07 10:00:07,111 (repo_cloner ) [DEBUG] 	* Successfully cloned <michelmelo/laravel-instagram-api>
2020-09-07 10:00:14,294 (repo_cloner ) [DEBUG] 	* Successfully cloned <microdimmer/GSMrelay>
2020-09-07 10:00:16,958 (repo_cloner ) [DEBUG] 	* Successfully cloned <mihaiblaga89/bmw-connecteddrive-api>
2020-09-07 10:00:51,719 (repo_cloner ) [DEBUG] 	* Successfully cloned <mikeal/daily>
2020-09-07 10:00:52,485 (repo_cloner ) [DEBUG] 	* Successfully cloned <mikeal/dumb-collection>
2020-09-07 10:00:53,607 (repo_cloner ) [DEBUG] 	* Successfully cloned <mikeal/gharchive-metrics>
2020-09-07 10:00:54,476 (repo_cloner ) [DEBUG] 	* Successfully cloned <mikeal/ipfs-metrics>
2020-09-07 10:00:55,250 (repo_cloner ) [DEBUG] 	* Successfully cloned <mikeal/lanyarg>
2020-09-07 10:00:56,759 (repo_cloner ) [DEBUG] 	* Successfully cloned <mikeal/mikealrogers.com>
2020-09-07 10:00:58,820 (repo_cloner ) [DEBUG] 	* Successfully cloned <miklb/independence>
2020-09-07 10:01:01,048 (repo_cloner ) [DEBUG] 	* Successfully cloned <miklb/jekyll-indieweb>
2020-09-07 10:01:05,257 (repo_cloner ) [DEBUG] 	* Successfully cloned <miklb/michaelbishop>
2020-09-07 10:01:06,159 (repo_cloner ) [DEBUG] 	* Successfully cloned <miklb/missedtour>
2020-09-07 10:01:07,623 (repo_cloner ) [DEBUG] 	* Successfully cloned <miklb/permission>
2020-09-07 10:01:08,521 (repo_cloner ) [DEBUG] 	* Successfully cloned <miklb/unplugged>
2020-09-07 10:01:10,142 (repo_cloner ) [DEBUG] 	* Successfully cloned <milkey-mouse/planets>
2020-09-07 10:01:11,883 (repo_cloner ) [DEBUG] 	* Successfully cloned <mirkoRainer/PF2E-RulesLawyer>
2020-09-07 10:01:14,325 (repo_cloner ) [DEBUG] 	* Successfully cloned <misson20000/twili>
2020-09-07 10:01:15,260 (repo_cloner ) [DEBUG] 	* Successfully cloned <mitchellwrosen/otp>
2020-09-07 10:01:17,432 (repo_cloner ) [DEBUG] 	* Successfully cloned <mitchellwrosen/riak2>
2020-09-07 10:01:18,230 (repo_cloner ) [DEBUG] 	* Successfully cloned <mkarneim/using-workflow-example>
2020-09-07 10:01:26,021 (repo_cloner ) [DEBUG] 	* Successfully cloned <mmcloughlin/pearl>
2020-09-07 10:01:35,003 (repo_cloner ) [DEBUG] 	* Successfully cloned <mocktomata/mocktomata>
2020-09-07 10:01:35,004 (repo_cloner ) [INFO] Finished cloning 1550/2208 repositories...
2020-09-07 10:01:44,296 (repo_cloner ) [DEBUG] 	* Successfully cloned <mohabouje/eDSP>
2020-09-07 10:02:11,405 (repo_cloner ) [ERROR] 	* Unexpected <class '_pygit2.GitError'> (GitError) for <moljac/HolisticWare.WebSite.Notes>! cannot checkout to invalid path 'dotnet-netfx/csharp/async-await/api-development-async-api-for-cpu-intensive-synchronous-code.md '
2020-09-07 10:02:12,898 (repo_cloner ) [DEBUG] 	* Successfully cloned <moniremohit12/mobx>
2020-09-07 10:02:13,972 (repo_cloner ) [DEBUG] 	* Successfully cloned <morxa/votebot>
2020-09-07 10:02:15,798 (repo_cloner ) [DEBUG] 	* Successfully cloned <mrf7/AndroidStudioSettings>
2020-09-07 10:02:17,253 (repo_cloner ) [DEBUG] 	* Successfully cloned <mrf7/DJApp>
2020-09-07 10:02:18,994 (repo_cloner ) [DEBUG] 	* Successfully cloned <mrmechko/pytrips>
2020-09-07 10:02:21,546 (repo_cloner ) [DEBUG] 	* Successfully cloned <mrysav/geneac>
2020-09-07 10:02:30,698 (repo_cloner ) [DEBUG] 	* Successfully cloned <msmobility/mito>
2020-09-07 10:02:31,742 (repo_cloner ) [DEBUG] 	* Successfully cloned <msmobility/pt_germany>
2020-09-07 10:06:06,578 (repo_cloner ) [DEBUG] 	* Successfully cloned <msmobility/silo>
2020-09-07 10:06:09,927 (repo_cloner ) [DEBUG] 	* Successfully cloned <mtoqeer/personal-porfolio>
2020-09-07 10:06:22,207 (repo_cloner ) [DEBUG] 	* Successfully cloned <mtxr/dotfiles>
2020-09-07 10:06:29,422 (repo_cloner ) [DEBUG] 	* Successfully cloned <mubaidr/Javascript-Barcode-Reader>
2020-09-07 10:06:30,370 (repo_cloner ) [DEBUG] 	* Successfully cloned <mubaidr/citus-data-starter>
2020-09-07 10:06:46,419 (repo_cloner ) [DEBUG] 	* Successfully cloned <mubaidr/image-parsing>
2020-09-07 10:06:48,325 (repo_cloner ) [DEBUG] 	* Successfully cloned <mubaidr/vue2-migration-helper>
2020-09-07 10:06:49,343 (repo_cloner ) [DEBUG] 	* Successfully cloned <mubaidr/vue2-migration-helper-old>
2020-09-07 10:06:53,248 (repo_cloner ) [DEBUG] 	* Successfully cloned <multacc/multacc>
2020-09-07 10:06:54,265 (repo_cloner ) [DEBUG] 	* Successfully cloned <multei/.github>
2020-09-07 10:06:57,921 (repo_cloner ) [DEBUG] 	* Successfully cloned <multei/design>
2020-09-07 10:06:59,313 (repo_cloner ) [DEBUG] 	* Successfully cloned <multei/mobile>
2020-09-07 10:07:01,473 (repo_cloner ) [DEBUG] 	* Successfully cloned <multei/openalpr>
2020-09-07 10:07:19,294 (repo_cloner ) [DEBUG] 	* Successfully cloned <multei/web>
2020-09-07 10:07:20,463 (repo_cloner ) [DEBUG] 	* Successfully cloned <multekedir/Battle-Duel>
2020-09-07 10:07:21,377 (repo_cloner ) [DEBUG] 	* Successfully cloned <multekedir/COVID19_hackathon>
2020-09-07 10:07:23,028 (repo_cloner ) [DEBUG] 	* Successfully cloned <multekedir/Prayer-Time-Display-2>
2020-09-07 10:07:24,565 (repo_cloner ) [DEBUG] 	* Successfully cloned <multekedir/TRMS>
2020-09-07 10:07:26,243 (repo_cloner ) [DEBUG] 	* Successfully cloned <murmurcreative/module-drawer>
2020-09-07 10:07:27,374 (repo_cloner ) [DEBUG] 	* Successfully cloned <mwamodo/dotfiles>
2020-09-07 10:07:30,526 (repo_cloner ) [DEBUG] 	* Successfully cloned <mwamodo/gatsby-tailwind-starter>
2020-09-07 10:07:31,744 (repo_cloner ) [DEBUG] 	* Successfully cloned <mwamodo/lipanampesa-nodejs>
2020-09-07 10:07:32,825 (repo_cloner ) [DEBUG] 	* Successfully cloned <mwamodo/mpesaApolloGraphql>
2020-09-07 10:08:23,194 (repo_cloner ) [DEBUG] 	* Successfully cloned <mziyut/.dotfiles>
2020-09-07 10:08:31,545 (repo_cloner ) [DEBUG] 	* Successfully cloned <nabeelvalley/Docs>
2020-09-07 10:08:41,078 (repo_cloner ) [DEBUG] 	* Successfully cloned <nabeelvalley/website>
2020-09-07 10:08:42,757 (repo_cloner ) [DEBUG] 	* Successfully cloned <nadchif/brackets-jasmine-reporter>
2020-09-07 10:08:45,012 (repo_cloner ) [DEBUG] 	* Successfully cloned <nadchif/headset-control-plus>
2020-09-07 10:08:46,205 (repo_cloner ) [DEBUG] 	* Successfully cloned <naijab/demo_adonis>
2020-09-07 10:08:47,451 (repo_cloner ) [DEBUG] 	* Successfully cloned <naijab/kiki_book>
2020-09-07 10:08:48,436 (repo_cloner ) [DEBUG] 	* Successfully cloned <nakabonne/bar>
2020-09-07 10:09:15,463 (repo_cloner ) [DEBUG] 	* Successfully cloned <naksmedia/ac_kuzbass>
2020-09-07 10:10:16,909 (repo_cloner ) [DEBUG] 	* Successfully cloned <naksmedia/ac_ufa>
2020-09-07 10:11:28,097 (repo_cloner ) [DEBUG] 	* Successfully cloned <natura-cosmeticos/natds-js>
2020-09-07 10:11:30,049 (repo_cloner ) [DEBUG] 	* Successfully cloned <nazbav/schedule-bot-service>
2020-09-07 10:11:31,016 (repo_cloner ) [DEBUG] 	* Successfully cloned <ndxbn/ndxbn>
2020-09-07 10:11:32,422 (repo_cloner ) [DEBUG] 	* Successfully cloned <neetjn/core-routing>
2020-09-07 10:11:33,479 (repo_cloner ) [DEBUG] 	* Successfully cloned <neetjn/dart-beers>
2020-09-07 10:11:34,414 (repo_cloner ) [DEBUG] 	* Successfully cloned <neetjn/dot-social>
2020-09-07 10:12:53,545 (repo_cloner ) [DEBUG] 	* Successfully cloned <neetjn/dotfiles>
2020-09-07 10:12:53,546 (repo_cloner ) [INFO] Finished cloning 1600/2208 repositories...
2020-09-07 10:12:54,409 (repo_cloner ) [DEBUG] 	* Successfully cloned <neetjn/elm-swapi>
2020-09-07 10:12:55,269 (repo_cloner ) [DEBUG] 	* Successfully cloned <neetjn/go-cars>
2020-09-07 10:13:03,143 (repo_cloner ) [DEBUG] 	* Successfully cloned <neetjn/neetjn.github.io>
2020-09-07 10:13:04,307 (repo_cloner ) [DEBUG] 	* Successfully cloned <neetjn/ng-guard-library>
2020-09-07 10:13:05,363 (repo_cloner ) [DEBUG] 	* Successfully cloned <neetjn/ng-guard-panel>
2020-09-07 10:13:38,977 (repo_cloner ) [DEBUG] 	* Successfully cloned <neetjn/oro-bypass>
2020-09-07 10:13:41,108 (repo_cloner ) [DEBUG] 	* Successfully cloned <neetjn/py-blog>
2020-09-07 10:13:42,441 (repo_cloner ) [DEBUG] 	* Successfully cloned <neetjn/react-url-shortener>
2020-09-07 10:13:43,244 (repo_cloner ) [DEBUG] 	* Successfully cloned <neetjn/react-zustand-todo>
2020-09-07 10:13:44,575 (repo_cloner ) [DEBUG] 	* Successfully cloned <neetjn/riot-routing>
2020-09-07 10:13:45,870 (repo_cloner ) [DEBUG] 	* Successfully cloned <neetjn/riot-routing-prototype>
2020-09-07 10:13:47,082 (repo_cloner ) [DEBUG] 	* Successfully cloned <neetjn/v-beers>
2020-09-07 10:13:50,071 (repo_cloner ) [DEBUG] 	* Successfully cloned <ngoantho/anthonyngo.me>
2020-09-07 10:13:51,313 (repo_cloner ) [DEBUG] 	* Successfully cloned <nickcannariato/ci-ally>
2020-09-07 10:13:52,470 (repo_cloner ) [DEBUG] 	* Successfully cloned <nickcannariato/dotfiles>
2020-09-07 10:13:54,340 (repo_cloner ) [DEBUG] 	* Successfully cloned <nickcannariato/site>
2020-09-07 10:13:55,408 (repo_cloner ) [DEBUG] 	* Successfully cloned <nickcannariato/spoon>
2020-09-07 10:13:56,480 (repo_cloner ) [DEBUG] 	* Successfully cloned <nickcannariato/transparent-taxes>
2020-09-07 10:13:57,516 (repo_cloner ) [DEBUG] 	* Successfully cloned <nickcannariato/webdb-iv-challenge>
2020-09-07 10:14:00,624 (repo_cloner ) [DEBUG] 	* Successfully cloned <niclabs/two>
2020-09-07 10:14:01,696 (repo_cloner ) [DEBUG] 	* Successfully cloned <nightcrawler086/emcpy>
2020-09-07 10:14:03,031 (repo_cloner ) [DEBUG] 	* Successfully cloned <nishantsanu/EpicVila>
2020-09-07 10:14:04,196 (repo_cloner ) [DEBUG] 	* Successfully cloned <nishantsanu/expense_manager>
2020-09-07 10:14:07,130 (repo_cloner ) [DEBUG] 	* Successfully cloned <nivelle/nivelle.github.io>
2020-09-07 10:14:32,500 (repo_cloner ) [DEBUG] 	* Successfully cloned <nivelle/programdayandnight>
2020-09-07 10:14:33,878 (repo_cloner ) [DEBUG] 	* Successfully cloned <nju33/chrome-zuru>
2020-09-07 10:14:35,447 (repo_cloner ) [DEBUG] 	* Successfully cloned <nju33/gulp-pupa>
2020-09-07 10:14:36,672 (repo_cloner ) [DEBUG] 	* Successfully cloned <nju33/noub>
2020-09-07 10:14:40,133 (repo_cloner ) [DEBUG] 	* Successfully cloned <nju33/react-canbetoc>
2020-09-07 10:14:41,149 (repo_cloner ) [DEBUG] 	* Successfully cloned <nju33/tows>
2020-09-07 10:14:49,783 (repo_cloner ) [DEBUG] 	* Successfully cloned <njzjz/deepmd-kit-recipes>
2020-09-07 10:14:51,504 (repo_cloner ) [DEBUG] 	* Successfully cloned <nksaraf/life>
2020-09-07 10:14:52,368 (repo_cloner ) [DEBUG] 	* Successfully cloned <nl253/LMKProductAPI>
2020-09-07 10:14:55,345 (repo_cloner ) [DEBUG] 	* Successfully cloned <nnadeau/pybotics>
2020-09-07 10:14:57,142 (repo_cloner ) [DEBUG] 	* Successfully cloned <noamross/redoc>
2020-09-07 10:14:59,211 (repo_cloner ) [DEBUG] 	* Successfully cloned <nodtem66/Scaffolder>
2020-09-07 10:15:00,521 (repo_cloner ) [DEBUG] 	* Successfully cloned <nodtem66/TCP-SoundPlayer>
2020-09-07 10:15:05,929 (repo_cloner ) [DEBUG] 	* Successfully cloned <nst-guide/data>
2020-09-07 10:15:07,528 (repo_cloner ) [DEBUG] 	* Successfully cloned <nst-guide/expo-test>
2020-09-07 10:15:08,567 (repo_cloner ) [DEBUG] 	* Successfully cloned <nst-guide/gdal2tiles>
2020-09-07 10:15:10,960 (repo_cloner ) [DEBUG] 	* Successfully cloned <nst-guide/mobile>
2020-09-07 10:15:11,994 (repo_cloner ) [DEBUG] 	* Successfully cloned <nst-guide/ndfd_historical>
2020-09-07 10:15:13,246 (repo_cloner ) [DEBUG] 	* Successfully cloned <nst-guide/schema>
2020-09-07 10:15:15,125 (repo_cloner ) [DEBUG] 	* Successfully cloned <nteract/bookstore>
2020-09-07 10:15:43,944 (repo_cloner ) [DEBUG] 	* Successfully cloned <nteract/docs>
2020-09-07 10:15:45,477 (repo_cloner ) [DEBUG] 	* Successfully cloned <nteract/enchannel-zmq-backend>
2020-09-07 10:15:46,354 (repo_cloner ) [DEBUG] 	* Successfully cloned <nteract/galleria>
2020-09-07 10:15:48,366 (repo_cloner ) [DEBUG] 	* Successfully cloned <nteract/global-sprint>
2020-09-07 10:15:49,339 (repo_cloner ) [DEBUG] 	* Successfully cloned <nteract/graphql-schema-exploration>
2020-09-07 10:15:53,165 (repo_cloner ) [DEBUG] 	* Successfully cloned <nteract/hydrogen>
2020-09-07 10:15:53,165 (repo_cloner ) [INFO] Finished cloning 1650/2208 repositories...
2020-09-07 10:16:01,827 (repo_cloner ) [DEBUG] 	* Successfully cloned <nteract/logos>
2020-09-07 10:16:03,074 (repo_cloner ) [DEBUG] 	* Successfully cloned <nteract/meeting-minutes>
2020-09-07 10:16:06,068 (repo_cloner ) [DEBUG] 	* Successfully cloned <nteract/nes>
2020-09-07 10:16:55,247 (repo_cloner ) [DEBUG] 	* Successfully cloned <nteract/nteract>
2020-09-07 10:17:08,661 (repo_cloner ) [DEBUG] 	* Successfully cloned <nteract/nteract.io>
2020-09-07 10:17:11,679 (repo_cloner ) [DEBUG] 	* Successfully cloned <nteract/papermill>
2020-09-07 10:17:12,852 (repo_cloner ) [DEBUG] 	* Successfully cloned <nteract/pick>
2020-09-07 10:17:14,228 (repo_cloner ) [DEBUG] 	* Successfully cloned <nteract/play>
2020-09-07 10:17:15,637 (repo_cloner ) [DEBUG] 	* Successfully cloned <nteract/scrapbook>
2020-09-07 10:17:28,450 (repo_cloner ) [DEBUG] 	* Successfully cloned <nteract/semiotic>
2020-09-07 10:17:29,833 (repo_cloner ) [DEBUG] 	* Successfully cloned <nteract/spawnteract>
2020-09-07 10:17:31,166 (repo_cloner ) [DEBUG] 	* Successfully cloned <nteract/testbook>
2020-09-07 10:17:32,958 (repo_cloner ) [DEBUG] 	* Successfully cloned <nteract/ui-refresh>
2020-09-07 10:17:34,107 (repo_cloner ) [DEBUG] 	* Successfully cloned <ntfs32/strapi-plugin-ctrip-apollo>
2020-09-07 10:17:36,571 (repo_cloner ) [DEBUG] 	* Successfully cloned <nuxed/framework>
2020-09-07 10:17:50,628 (repo_cloner ) [DEBUG] 	* Successfully cloned <nypublicradio/gothamist-web-client>
2020-09-07 10:18:03,192 (repo_cloner ) [DEBUG] 	* Successfully cloned <nypublicradio/nginxray>
2020-09-07 10:19:31,709 (repo_cloner ) [DEBUG] 	* Successfully cloned <nypublicradio/nypr-design-system>
2020-09-07 10:19:39,242 (repo_cloner ) [DEBUG] 	* Successfully cloned <nypublicradio/nypr-jukeboxes>
2020-09-07 10:19:45,800 (repo_cloner ) [DEBUG] 	* Successfully cloned <nypublicradio/nypr-publisher-lib>
2020-09-07 10:19:46,726 (repo_cloner ) [DEBUG] 	* Successfully cloned <octalmage/githubhop>
2020-09-07 10:22:04,228 (repo_cloner ) [DEBUG] 	* Successfully cloned <octokit/routes>
2020-09-07 10:22:05,274 (repo_cloner ) [DEBUG] 	* Successfully cloned <ocularminds/dexxis-client>
2020-09-07 10:22:06,914 (repo_cloner ) [DEBUG] 	* Successfully cloned <ocularminds/eduzie>
2020-09-07 10:22:07,709 (repo_cloner ) [DEBUG] 	* Successfully cloned <ocularminds/go-books>
2020-09-07 10:22:15,779 (repo_cloner ) [DEBUG] 	* Successfully cloned <ocularminds/todo>
2020-09-07 10:22:19,189 (repo_cloner ) [DEBUG] 	* Successfully cloned <oechsler/cozy>
2020-09-07 10:22:28,457 (repo_cloner ) [DEBUG] 	* Successfully cloned <oeco-architectes/oeco>
2020-09-07 10:22:29,656 (repo_cloner ) [DEBUG] 	* Successfully cloned <olantig/ruby-intro>
2020-09-07 10:22:30,485 (repo_cloner ) [DEBUG] 	* Successfully cloned <olantig/wordpress>
2020-09-07 10:22:31,478 (repo_cloner ) [DEBUG] 	* Successfully cloned <oliveiraev/.github>
2020-09-07 10:22:54,374 (repo_cloner ) [DEBUG] 	* Successfully cloned <open-sauced/open-sauced>
2020-09-07 10:22:55,402 (repo_cloner ) [DEBUG] 	* Successfully cloned <oref/PyBujo>
2020-09-07 10:22:56,798 (repo_cloner ) [DEBUG] 	* Successfully cloned <oref/SiliconBlood>
2020-09-07 10:22:58,804 (repo_cloner ) [DEBUG] 	* Successfully cloned <orhanarifoglu/IMDb.js>
2020-09-07 10:23:00,027 (repo_cloner ) [DEBUG] 	* Successfully cloned <overtrue/editorjs-with-tailwindcss-in-react>
2020-09-07 10:23:00,854 (repo_cloner ) [DEBUG] 	* Successfully cloned <overtrue/websocket>
2020-09-07 10:23:07,783 (repo_cloner ) [DEBUG] 	* Successfully cloned <overtrue/wechat>
2020-09-07 10:23:09,080 (repo_cloner ) [DEBUG] 	* Successfully cloned <oxisto/okr2go>
2020-09-07 10:23:10,793 (repo_cloner ) [DEBUG] 	* Successfully cloned <oxisto/reticulated-python>
2020-09-07 10:23:12,750 (repo_cloner ) [DEBUG] 	* Successfully cloned <pDubDub/AirRacer7>
2020-09-07 10:23:13,795 (repo_cloner ) [DEBUG] 	* Successfully cloned <pDubDub/Arduino-MO>
2020-09-07 10:23:15,394 (repo_cloner ) [DEBUG] 	* Successfully cloned <pDubDub/GottaDo>
2020-09-07 10:23:16,757 (repo_cloner ) [DEBUG] 	* Successfully cloned <pDubDub/M-O-BLE>
2020-09-07 10:25:58,310 (repo_cloner ) [DEBUG] 	* Successfully cloned <pI88Id/HW3>
2020-09-07 10:26:01,819 (repo_cloner ) [DEBUG] 	* Successfully cloned <pI88Id/MLProject-Incremental.Learning>
2020-09-07 10:26:07,466 (repo_cloner ) [DEBUG] 	* Successfully cloned <panix-os-dev-team/Panix>
2020-09-07 10:26:23,298 (repo_cloner ) [DEBUG] 	* Successfully cloned <panix-os-dev-team/Panix-Archive>
2020-09-07 10:28:38,660 (repo_cloner ) [DEBUG] 	* Successfully cloned <partrita/QIIME2>
2020-09-07 10:28:39,501 (repo_cloner ) [DEBUG] 	* Successfully cloned <partrita/docker-mingpt>
2020-09-07 10:28:39,502 (repo_cloner ) [INFO] Finished cloning 1700/2208 repositories...
2020-09-07 10:28:41,377 (repo_cloner ) [DEBUG] 	* Successfully cloned <partrita/learn-django>
2020-09-07 10:28:45,406 (repo_cloner ) [DEBUG] 	* Successfully cloned <pedrofbaltar/aulas-launchbase-mod4>
2020-09-07 10:28:46,496 (repo_cloner ) [DEBUG] 	* Successfully cloned <pengnian95/WechatOrderSystem>
2020-09-07 10:28:48,006 (repo_cloner ) [DEBUG] 	* Successfully cloned <pengnian95/leetcode>
2020-09-07 10:28:49,140 (repo_cloner ) [DEBUG] 	* Successfully cloned <peritext/peritext-contextualizer-table>
2020-09-07 10:28:50,337 (repo_cloner ) [DEBUG] 	* Successfully cloned <peritext/peritext-generator-html-multi>
2020-09-07 10:28:52,445 (repo_cloner ) [DEBUG] 	* Successfully cloned <peritext/peritext-template-deucalion>
2020-09-07 10:28:54,162 (repo_cloner ) [DEBUG] 	* Successfully cloned <peritext/peritext-template-pyrrah>
2020-09-07 10:28:57,388 (repo_cloner ) [DEBUG] 	* Successfully cloned <peritext/peritext-utils>
2020-09-07 10:28:58,778 (repo_cloner ) [DEBUG] 	* Successfully cloned <peterwiebe/gatsby-firebase-auth>
2020-09-07 10:28:59,947 (repo_cloner ) [DEBUG] 	* Successfully cloned <peyssoa/waffle>
2020-09-07 10:29:01,377 (repo_cloner ) [DEBUG] 	* Successfully cloned <phatblat/Debuggy>
2020-09-07 10:29:02,455 (repo_cloner ) [DEBUG] 	* Successfully cloned <phatblat/Fork>
2020-09-07 10:29:04,011 (repo_cloner ) [DEBUG] 	* Successfully cloned <phatblat/ShellExec>
2020-09-07 10:29:05,579 (repo_cloner ) [DEBUG] 	* Successfully cloned <phatblat/SwiftPM-Plugin>
2020-09-07 10:29:06,697 (repo_cloner ) [DEBUG] 	* Successfully cloned <phatblat/Wallet>
2020-09-07 10:29:09,823 (repo_cloner ) [ERROR] 	* Unexpected <class '_pygit2.GitError'> (GitError) for <phatblat/dotfiles>! cannot checkout to invalid path 'Icon'
2020-09-07 10:29:13,743 (repo_cloner ) [DEBUG] 	* Successfully cloned <philoserf/ci.edmonds.wa.us>
2020-09-07 10:29:14,606 (repo_cloner ) [DEBUG] 	* Successfully cloned <philoserf/project>
2020-09-07 10:29:15,555 (repo_cloner ) [DEBUG] 	* Successfully cloned <pierDipi/svn-task-time-monitor>
2020-09-07 10:29:16,646 (repo_cloner ) [DEBUG] 	* Successfully cloned <pierdet/Cim>
2020-09-07 10:29:17,815 (repo_cloner ) [DEBUG] 	* Successfully cloned <pierdet/RWSDNS>
2020-09-07 10:29:38,318 (repo_cloner ) [DEBUG] 	* Successfully cloned <pignataro-patrimonio-srl/Air-Pollution-Prediction>
2020-09-07 10:29:39,376 (repo_cloner ) [DEBUG] 	* Successfully cloned <pilad0hwtts/PsqlDotnet>
2020-09-07 10:29:42,285 (repo_cloner ) [DEBUG] 	* Successfully cloned <pixelcollective/acorn-db>
2020-09-07 10:29:43,318 (repo_cloner ) [DEBUG] 	* Successfully cloned <pixelcollective/action-network-php-tools>
2020-09-07 10:29:44,140 (repo_cloner ) [DEBUG] 	* Successfully cloned <pixelcollective/php-docz>
2020-09-07 10:29:46,353 (repo_cloner ) [DEBUG] 	* Successfully cloned <pixore/pixore>
2020-09-07 10:29:48,484 (repo_cloner ) [DEBUG] 	* Successfully cloned <pjshy/avenger-components>
2020-09-07 10:29:49,748 (repo_cloner ) [DEBUG] 	* Successfully cloned <plum-wine/easy-framework>
2020-09-07 10:29:51,271 (repo_cloner ) [DEBUG] 	* Successfully cloned <plum-wine/spring-learn>
2020-09-07 10:29:52,862 (repo_cloner ) [DEBUG] 	* Successfully cloned <plum-wine/toy-rpc>
2020-09-07 10:29:54,671 (repo_cloner ) [DEBUG] 	* Successfully cloned <pmaasz/PiTS>
2020-09-07 10:29:56,352 (repo_cloner ) [DEBUG] 	* Successfully cloned <pmaasz/The-Anti-Social-Network>
2020-09-07 10:29:59,668 (repo_cloner ) [DEBUG] 	* Successfully cloned <pniedzwiedzinski/pseudo>
2020-09-07 10:30:06,879 (repo_cloner ) [DEBUG] 	* Successfully cloned <policumbent/marta-ui>
2020-09-07 10:30:08,141 (repo_cloner ) [DEBUG] 	* Successfully cloned <policumbent/pyxbee>
2020-09-07 10:30:09,204 (repo_cloner ) [DEBUG] 	* Successfully cloned <poly000/bv-api-c>
2020-09-07 10:30:10,549 (repo_cloner ) [DEBUG] 	* Successfully cloned <poly000/my_shitty_code_written_in_c>
2020-09-07 10:30:12,321 (repo_cloner ) [DEBUG] 	* Successfully cloned <prakharparwal/JavaMaster>
2020-09-07 10:30:42,030 (repo_cloner ) [DEBUG] 	* Successfully cloned <pratamatama/electron-newline-appender>
2020-09-07 10:30:49,702 (repo_cloner ) [DEBUG] 	* Successfully cloned <premedios/outsystems-urbanairship-plugin-wrapper>
2020-09-07 10:30:50,971 (repo_cloner ) [DEBUG] 	* Successfully cloned <primus00/django_testing>
2020-09-07 10:30:54,636 (repo_cloner ) [DEBUG] 	* Successfully cloned <probono-dev/web>
2020-09-07 10:31:01,584 (repo_cloner ) [DEBUG] 	* Successfully cloned <probot/probot>
2020-09-07 10:31:03,395 (repo_cloner ) [DEBUG] 	* Successfully cloned <probot/smee-client>
2020-09-07 10:31:07,622 (repo_cloner ) [DEBUG] 	* Successfully cloned <programmingQWorld/mybatis-plus-taste>
2020-09-07 10:31:35,979 (repo_cloner ) [DEBUG] 	* Successfully cloned <prp1277/Excel>
2020-09-07 10:31:38,678 (repo_cloner ) [DEBUG] 	* Successfully cloned <prp1277/patrick-powell>
2020-09-07 10:31:42,775 (repo_cloner ) [DEBUG] 	* Successfully cloned <psiu-gt/psiu-gt>
2020-09-07 10:31:42,783 (repo_cloner ) [INFO] Finished cloning 1750/2208 repositories...
2020-09-07 10:31:47,378 (repo_cloner ) [DEBUG] 	* Successfully cloned <pyfet/AutomationTestingSelenium>
2020-09-07 10:32:04,310 (repo_cloner ) [DEBUG] 	* Successfully cloned <pyfet/super-duper-octo-winner>
2020-09-07 10:32:05,284 (repo_cloner ) [DEBUG] 	* Successfully cloned <qhwhc/mysql-spring-boot-starter>
2020-09-07 10:32:06,510 (repo_cloner ) [DEBUG] 	* Successfully cloned <qmarquez/asisdminCIELO>
2020-09-07 10:32:09,555 (repo_cloner ) [DEBUG] 	* Successfully cloned <qmarquez/qmarquez.github.io>
2020-09-07 10:32:10,486 (repo_cloner ) [DEBUG] 	* Successfully cloned <quacky-bot/git-project>
2020-09-07 10:32:11,595 (repo_cloner ) [DEBUG] 	* Successfully cloned <quacky-bot/quacky-support>
2020-09-07 10:32:14,497 (repo_cloner ) [DEBUG] 	* Successfully cloned <qwertyyb/screen-qrcode-parser>
2020-09-07 10:32:17,445 (repo_cloner ) [DEBUG] 	* Successfully cloned <radanalyticsio/openshift-spark>
2020-09-07 10:32:49,588 (repo_cloner ) [DEBUG] 	* Successfully cloned <radanalyticsio/oshinko-s2i>
2020-09-07 10:32:53,507 (repo_cloner ) [DEBUG] 	* Successfully cloned <radanalyticsio/spark-operator>
2020-09-07 10:33:10,994 (repo_cloner ) [DEBUG] 	* Successfully cloned <radanalyticsio/tensorflow-build-s2i>
2020-09-07 10:33:12,859 (repo_cloner ) [DEBUG] 	* Successfully cloned <radosz99/allegro-scanner>
2020-09-07 10:33:45,539 (repo_cloner ) [DEBUG] 	* Successfully cloned <radosz99/bike-trips>
2020-09-07 10:33:48,788 (repo_cloner ) [DEBUG] 	* Successfully cloned <radosz99/dalk-mobile>
2020-09-07 10:33:50,166 (repo_cloner ) [DEBUG] 	* Successfully cloned <radosz99/dalk-server>
2020-09-07 10:34:37,633 (repo_cloner ) [DEBUG] 	* Successfully cloned <radosz99/f1-race>
2020-09-07 10:35:15,781 (repo_cloner ) [DEBUG] 	* Successfully cloned <radosz99/java-techniki-zaawansowane>
2020-09-07 10:35:26,078 (repo_cloner ) [DEBUG] 	* Successfully cloned <radosz99/scrabble-optimizer>
2020-09-07 10:35:27,214 (repo_cloner ) [DEBUG] 	* Successfully cloned <ragzor/codeword-tools>
2020-09-07 10:35:28,200 (repo_cloner ) [DEBUG] 	* Successfully cloned <rainrivas/rain-alm-cli>
2020-09-07 10:35:31,535 (repo_cloner ) [DEBUG] 	* Successfully cloned <rajeshmule/learn-node>
2020-09-07 10:35:32,567 (repo_cloner ) [DEBUG] 	* Successfully cloned <ramnathv/temppkg>
2020-09-07 10:35:35,269 (repo_cloner ) [DEBUG] 	* Successfully cloned <raydennis/dotfiles>
2020-09-07 10:35:41,217 (repo_cloner ) [DEBUG] 	* Successfully cloned <razertory/MIT6.824>
2020-09-07 10:35:42,222 (repo_cloner ) [DEBUG] 	* Successfully cloned <razertory/go-resp>
2020-09-07 10:35:44,358 (repo_cloner ) [DEBUG] 	* Successfully cloned <razertory/jianzhi-offer>
2020-09-07 10:35:45,394 (repo_cloner ) [DEBUG] 	* Successfully cloned <razertory/scala-code-lab>
2020-09-07 10:35:46,705 (repo_cloner ) [DEBUG] 	* Successfully cloned <rdmix/pitaya>
2020-09-07 10:35:50,358 (repo_cloner ) [DEBUG] 	* Successfully cloned <rdtscp/c-bootstrap>
2020-09-07 10:35:51,579 (repo_cloner ) [DEBUG] 	* Successfully cloned <reachnetwork/review-bot>
2020-09-07 10:35:57,002 (repo_cloner ) [DEBUG] 	* Successfully cloned <reactiveui/ReactiveUI.Samples>
2020-09-07 10:35:59,522 (repo_cloner ) [DEBUG] 	* Successfully cloned <reactiveui/Sextant>
2020-09-07 10:36:04,387 (repo_cloner ) [DEBUG] 	* Successfully cloned <reactiveui/splat>
2020-09-07 10:36:05,539 (repo_cloner ) [DEBUG] 	* Successfully cloned <recycleTheC/raspored_api>
2020-09-07 10:36:06,882 (repo_cloner ) [DEBUG] 	* Successfully cloned <recycleTheC/react-raspored>
2020-09-07 10:36:09,687 (repo_cloner ) [DEBUG] 	* Successfully cloned <remorses/instagram-botnet>
2020-09-07 10:36:10,715 (repo_cloner ) [DEBUG] 	* Successfully cloned <renew-js/renew-formalism-pt>
2020-09-07 10:36:14,505 (repo_cloner ) [DEBUG] 	* Successfully cloned <renew-js/renew-lib>
2020-09-07 10:36:15,348 (repo_cloner ) [DEBUG] 	* Successfully cloned <renew-js/renew-simulator-ccpn>
2020-09-07 10:36:17,300 (repo_cloner ) [DEBUG] 	* Successfully cloned <retr0h/gilt>
2020-09-07 10:36:18,394 (repo_cloner ) [DEBUG] 	* Successfully cloned <reynn/rs-media>
2020-09-07 10:36:19,406 (repo_cloner ) [DEBUG] 	* Successfully cloned <reynn/versm>
2020-09-07 10:36:21,784 (repo_cloner ) [DEBUG] 	* Successfully cloned <rgardner/dancingtogether>
2020-09-07 10:36:23,116 (repo_cloner ) [DEBUG] 	* Successfully cloned <rgardner/memory-jogger>
2020-09-07 10:36:23,888 (repo_cloner ) [DEBUG] 	* Successfully cloned <rickyplouis/dropdown-sample>
2020-09-07 10:36:25,477 (repo_cloner ) [DEBUG] 	* Successfully cloned <riemers/home-assistant-config>
2020-09-07 10:36:33,674 (repo_cloner ) [DEBUG] 	* Successfully cloned <rishabhdeepsingh/Competitive>
2020-09-07 10:36:54,908 (repo_cloner ) [DEBUG] 	* Successfully cloned <rishabhdeepsingh/KGPApp>
2020-09-07 10:36:56,181 (repo_cloner ) [DEBUG] 	* Successfully cloned <rj-pe/eec487>
2020-09-07 10:36:56,181 (repo_cloner ) [INFO] Finished cloning 1800/2208 repositories...
2020-09-07 10:36:59,044 (repo_cloner ) [DEBUG] 	* Successfully cloned <rj-pe/eec488>
2020-09-07 10:37:00,167 (repo_cloner ) [DEBUG] 	* Successfully cloned <rj-pe/mips-cpu>
2020-09-07 10:37:01,043 (repo_cloner ) [DEBUG] 	* Successfully cloned <rj-pe/zsh>
2020-09-07 10:37:04,730 (repo_cloner ) [DEBUG] 	* Successfully cloned <rllola/airbnb-scanner>
2020-09-07 10:37:13,839 (repo_cloner ) [DEBUG] 	* Successfully cloned <robindemourat/metis-backend>
2020-09-07 10:37:16,756 (repo_cloner ) [DEBUG] 	* Successfully cloned <robindemourat/metis-backoffice>
2020-09-07 10:38:14,875 (repo_cloner ) [DEBUG] 	* Successfully cloned <robindemourat/metis-frontoffice>
2020-09-07 10:39:15,726 (repo_cloner ) [DEBUG] 	* Successfully cloned <robindemourat/metis-shared>
2020-09-07 10:39:17,975 (repo_cloner ) [DEBUG] 	* Successfully cloned <robinmetral/coffee>
2020-09-07 10:39:18,816 (repo_cloner ) [DEBUG] 	* Successfully cloned <ronak-92/test>
2020-09-07 10:39:21,403 (repo_cloner ) [DEBUG] 	* Successfully cloned <ropensci/BaseSet>
2020-09-07 10:39:28,385 (repo_cloner ) [DEBUG] 	* Successfully cloned <ross-newman/vivoe-lite>
2020-09-07 10:39:29,697 (repo_cloner ) [DEBUG] 	* Successfully cloned <rotimi-best/attendance-bot>
2020-09-07 10:39:30,885 (repo_cloner ) [DEBUG] 	* Successfully cloned <rotimi-best/fire_finger>
2020-09-07 10:39:32,986 (repo_cloner ) [DEBUG] 	* Successfully cloned <rotimi-best/mvivid>
2020-09-07 10:39:34,293 (repo_cloner ) [DEBUG] 	* Successfully cloned <rotimi-best/mytodos>
2020-09-07 10:39:35,177 (repo_cloner ) [DEBUG] 	* Successfully cloned <rotimi-best/node-cheatsheet>
2020-09-07 10:39:36,252 (repo_cloner ) [DEBUG] 	* Successfully cloned <rotimi-best/ossystemscreenshare>
2020-09-07 10:39:38,140 (repo_cloner ) [DEBUG] 	* Successfully cloned <rotimi-best/parchmentnotebook>
2020-09-07 10:39:39,183 (repo_cloner ) [DEBUG] 	* Successfully cloned <rotimi-best/parchmentnotebook-api>
2020-09-07 10:39:40,485 (repo_cloner ) [DEBUG] 	* Successfully cloned <rotimi-best/questionnaire-generator>
2020-09-07 10:39:41,434 (repo_cloner ) [DEBUG] 	* Successfully cloned <rotimi-best/trumpetr-api>
2020-09-07 10:39:42,288 (repo_cloner ) [DEBUG] 	* Successfully cloned <rotimi-best/virtual-mouse>
2020-09-07 10:39:43,100 (repo_cloner ) [DEBUG] 	* Successfully cloned <rsarky/hello-world>
2020-09-07 10:39:45,053 (repo_cloner ) [DEBUG] 	* Successfully cloned <rubensayshi/TheClassicRace>
2020-09-07 10:39:47,846 (repo_cloner ) [DEBUG] 	* Successfully cloned <rugk/awesome-emoji-picker>
2020-09-07 10:39:48,826 (repo_cloner ) [DEBUG] 	* Successfully cloned <rugk/qr-code-libs-test>
2020-09-07 10:39:50,607 (repo_cloner ) [DEBUG] 	* Successfully cloned <runyan-co/wp-baseline>
2020-09-07 10:39:51,569 (repo_cloner ) [DEBUG] 	* Successfully cloned <ryanemitchell/witsage-blocks>
2020-09-07 10:39:52,539 (repo_cloner ) [DEBUG] 	* Successfully cloned <rye/amalgam>
2020-09-07 10:39:54,100 (repo_cloner ) [DEBUG] 	* Successfully cloned <rye/rust-netaddr2>
2020-09-07 10:40:21,805 (repo_cloner ) [DEBUG] 	* Successfully cloned <rzhan11/Battlecode2020>
2020-09-07 10:40:22,599 (repo_cloner ) [DEBUG] 	* Successfully cloned <rzjnzk/git-project-auto-setup>
2020-09-07 10:40:34,147 (repo_cloner ) [DEBUG] 	* Successfully cloned <rzjnzk/unix-home-dir>
2020-09-07 10:40:47,038 (repo_cloner ) [DEBUG] 	* Successfully cloned <sKawashima/blog>
2020-09-07 10:41:09,089 (repo_cloner ) [DEBUG] 	* Successfully cloned <sKawashima/cocktailMenu>
2020-09-07 10:41:10,558 (repo_cloner ) [DEBUG] 	* Successfully cloned <sKawashima/myKaggle>
2020-09-07 10:41:20,206 (repo_cloner ) [DEBUG] 	* Successfully cloned <sabertazimi/hust-web>
2020-09-07 10:41:24,431 (repo_cloner ) [DEBUG] 	* Successfully cloned <sabertazimi/mdb>
2020-09-07 10:41:27,824 (repo_cloner ) [DEBUG] 	* Successfully cloned <sabrinagear/notacontest>
2020-09-07 10:41:29,009 (repo_cloner ) [DEBUG] 	* Successfully cloned <safa-house/keyframes>
2020-09-07 10:41:30,256 (repo_cloner ) [DEBUG] 	* Successfully cloned <sagar-gavhane/active-query-builder>
2020-09-07 10:41:33,642 (repo_cloner ) [DEBUG] 	* Successfully cloned <saiichihashimoto/babel-plugin-extension-resolver>
2020-09-07 10:41:39,334 (repo_cloner ) [DEBUG] 	* Successfully cloned <saiichihashimoto/eslint-config-saiichihashimoto>
2020-09-07 10:41:42,026 (repo_cloner ) [DEBUG] 	* Successfully cloned <saiichihashimoto/feathers-react-hooks>
2020-09-07 10:41:43,372 (repo_cloner ) [DEBUG] 	* Successfully cloned <saiichihashimoto/husky-config-saiichihashimoto>
2020-09-07 10:41:48,863 (repo_cloner ) [DEBUG] 	* Successfully cloned <saiichihashimoto/lint-my-app>
2020-09-07 10:42:08,131 (repo_cloner ) [DEBUG] 	* Successfully cloned <saiichihashimoto/zillowtoynab>
2020-09-07 10:42:39,711 (repo_cloner ) [DEBUG] 	* Successfully cloned <sam20908/Arcane>
2020-09-07 10:42:47,098 (repo_cloner ) [DEBUG] 	* Successfully cloned <samantharachelb/acnhcompanion-data-formatter>
2020-09-07 10:42:47,098 (repo_cloner ) [INFO] Finished cloning 1850/2208 repositories...
2020-09-07 10:42:47,983 (repo_cloner ) [DEBUG] 	* Successfully cloned <samrobbins85/SM-CG-Coursework>
2020-09-07 10:42:49,115 (repo_cloner ) [DEBUG] 	* Successfully cloned <samrobbins85/locatemytech>
2020-09-07 10:42:51,006 (repo_cloner ) [DEBUG] 	* Successfully cloned <samtoth/MTK>
2020-09-07 10:43:13,395 (repo_cloner ) [DEBUG] 	* Successfully cloned <samuelgeurts/SpotNGlia>
2020-09-07 10:43:34,666 (repo_cloner ) [DEBUG] 	* Successfully cloned <samuelgeurts/Tensorflow2-course>
2020-09-07 10:43:59,270 (repo_cloner ) [DEBUG] 	* Successfully cloned <sandark7/frontendweekend>
2020-09-07 10:44:00,565 (repo_cloner ) [DEBUG] 	* Successfully cloned <santiagoclv/santiagoclv.github.io>
2020-09-07 10:44:34,086 (repo_cloner ) [DEBUG] 	* Successfully cloned <sapcc/kubernikus>
2020-09-07 10:44:55,745 (repo_cloner ) [DEBUG] 	* Successfully cloned <sarigiannidis/data-factory>
2020-09-07 10:45:07,145 (repo_cloner ) [DEBUG] 	* Successfully cloned <sarimabbas/intrepid>
2020-09-07 10:45:10,974 (repo_cloner ) [DEBUG] 	* Successfully cloned <satviksr/todo_test>
2020-09-07 10:45:12,184 (repo_cloner ) [DEBUG] 	* Successfully cloned <scartill/scoutfence>
2020-09-07 10:45:25,981 (repo_cloner ) [DEBUG] 	* Successfully cloned <se7entyse7en/pydockenv>
2020-09-07 10:54:46,607 (repo_cloner ) [DEBUG] 	* Successfully cloned <seabbs/thesis>
2020-09-07 10:54:47,862 (repo_cloner ) [DEBUG] 	* Successfully cloned <seiga/grape_sdd_example>
2020-09-07 10:54:50,195 (repo_cloner ) [DEBUG] 	* Successfully cloned <semanteecore/semanteecore>
2020-09-07 10:54:54,764 (repo_cloner ) [DEBUG] 	* Successfully cloned <serdartkm/webrtc>
2020-09-07 10:54:55,724 (repo_cloner ) [DEBUG] 	* Successfully cloned <sergivb01/go-exercices>
2020-09-07 10:54:56,679 (repo_cloner ) [DEBUG] 	* Successfully cloned <sergivb01/learning-go>
2020-09-07 10:55:03,515 (repo_cloner ) [DEBUG] 	* Successfully cloned <sergivb01/weatherweb>
2020-09-07 10:55:05,778 (repo_cloner ) [DEBUG] 	* Successfully cloned <serhii73/place2live>
2020-09-07 10:55:07,138 (repo_cloner ) [DEBUG] 	* Successfully cloned <servian/aws-auto-remediate>
2020-09-07 10:58:20,967 (repo_cloner ) [DEBUG] 	* Successfully cloned <sheldonhull/sheldonhull.hugo>
2020-09-07 10:58:21,807 (repo_cloner ) [DEBUG] 	* Successfully cloned <shijiezhou1/PycharmProjects>
2020-09-07 10:58:32,739 (repo_cloner ) [DEBUG] 	* Successfully cloned <shijiezhou1/ember-blog>
2020-09-07 10:59:18,590 (repo_cloner ) [DEBUG] 	* Successfully cloned <shijiezhou1/portfolio-v1>
2020-09-07 10:59:22,857 (repo_cloner ) [DEBUG] 	* Successfully cloned <shijiezhou1/vue-app>
2020-09-07 10:59:28,164 (repo_cloner ) [DEBUG] 	* Successfully cloned <shijiezhou1/vue-portfolio>
2020-09-07 10:59:29,212 (repo_cloner ) [DEBUG] 	* Successfully cloned <shivamadhavan/test-semantic-release>
2020-09-07 10:59:30,244 (repo_cloner ) [DEBUG] 	* Successfully cloned <shubhamgupta-dat/DataScienceStyleGuide>
2020-09-07 10:59:31,072 (repo_cloner ) [DEBUG] 	* Successfully cloned <shubhamgupta-dat/nlp_learnings>
2020-09-07 10:59:32,369 (repo_cloner ) [DEBUG] 	* Successfully cloned <siavashadpey/rebalance>
2020-09-07 10:59:39,323 (repo_cloner ) [DEBUG] 	* Successfully cloned <signdict/website>
2020-09-07 10:59:40,261 (repo_cloner ) [DEBUG] 	* Successfully cloned <simonbowly/git-commit-untodo>
2020-09-07 10:59:41,163 (repo_cloner ) [DEBUG] 	* Successfully cloned <simonbowly/wemo>
2020-09-07 10:59:42,745 (repo_cloner ) [DEBUG] 	* Successfully cloned <simonwjackson/dotfiles>
2020-09-07 10:59:43,841 (repo_cloner ) [DEBUG] 	* Successfully cloned <simonwjackson/dr-mario.js>
2020-09-07 10:59:45,066 (repo_cloner ) [DEBUG] 	* Successfully cloned <simonwjackson/eslint-config>
2020-09-07 10:59:46,426 (repo_cloner ) [DEBUG] 	* Successfully cloned <simonwjackson/falsete>
2020-09-07 10:59:47,832 (repo_cloner ) [DEBUG] 	* Successfully cloned <simonwjackson/musicati>
2020-09-07 10:59:54,107 (repo_cloner ) [DEBUG] 	* Successfully cloned <sirMerr/3-stones>
2020-09-07 10:59:55,688 (repo_cloner ) [DEBUG] 	* Successfully cloned <sirMerr/evaluator>
2020-09-07 10:59:57,814 (repo_cloner ) [DEBUG] 	* Successfully cloned <sirMerr/student-breaks-finder>
2020-09-07 10:59:59,073 (repo_cloner ) [DEBUG] 	* Successfully cloned <sjyoon/sjyoon.github.io>
2020-09-07 11:00:00,364 (repo_cloner ) [DEBUG] 	* Successfully cloned <skleanthous/C4-PlantumlSkin>
2020-09-07 11:00:01,291 (repo_cloner ) [DEBUG] 	* Successfully cloned <smarthut/automata>
2020-09-07 11:00:02,481 (repo_cloner ) [DEBUG] 	* Successfully cloned <smarthut/smarthut>
2020-09-07 11:00:03,909 (repo_cloner ) [DEBUG] 	* Successfully cloned <smbkr/gql-hn>
2020-09-07 11:00:04,809 (repo_cloner ) [DEBUG] 	* Successfully cloned <smolkov/tomatron>
2020-09-07 11:00:05,724 (repo_cloner ) [DEBUG] 	* Successfully cloned <snackpass/heroku-buildpack-rabbitmq>
2020-09-07 11:00:05,725 (repo_cloner ) [INFO] Finished cloning 1900/2208 repositories...
2020-09-07 11:02:31,662 (repo_cloner ) [DEBUG] 	* Successfully cloned <snamiki1212/myblog>
2020-09-07 11:02:33,880 (repo_cloner ) [DEBUG] 	* Successfully cloned <snurby7/coffee-rates>
2020-09-07 11:02:38,016 (repo_cloner ) [DEBUG] 	* Successfully cloned <soehlert/dontsmashbats>
2020-09-07 11:02:39,862 (repo_cloner ) [DEBUG] 	* Successfully cloned <soloalex1/functional-snake>
2020-09-07 11:02:42,592 (repo_cloner ) [DEBUG] 	* Successfully cloned <soloalex1/privacidade>
2020-09-07 11:02:49,970 (repo_cloner ) [DEBUG] 	* Successfully cloned <solr-express/solr-express>
2020-09-07 11:06:59,849 (repo_cloner ) [DEBUG] 	* Successfully cloned <sourcegraph/sourcegraph>
2020-09-07 11:07:01,202 (repo_cloner ) [DEBUG] 	* Successfully cloned <spartan73rmy/FitoReportApp>
2020-09-07 11:07:02,729 (repo_cloner ) [DEBUG] 	* Successfully cloned <spartan73rmy/SuCoffe>
2020-09-07 11:07:05,282 (repo_cloner ) [DEBUG] 	* Successfully cloned <sperezm97/VehicleFuelApp>
2020-09-07 11:07:09,182 (repo_cloner ) [DEBUG] 	* Successfully cloned <sperezm97/easy-control-app>
2020-09-07 11:07:28,618 (repo_cloner ) [DEBUG] 	* Successfully cloned <splash-cli/splash-cli>
2020-09-07 11:07:30,195 (repo_cloner ) [DEBUG] 	* Successfully cloned <srishanbhattarai/nepcal>
2020-09-07 11:07:35,063 (repo_cloner ) [DEBUG] 	* Successfully cloned <sschr15/UnicodeKeyboard>
2020-09-07 11:07:37,106 (repo_cloner ) [DEBUG] 	* Successfully cloned <ssingh0103/auction-frontend>
2020-09-07 11:07:43,326 (repo_cloner ) [DEBUG] 	* Successfully cloned <stCarolas/Enki>
2020-09-07 11:07:44,453 (repo_cloner ) [DEBUG] 	* Successfully cloned <stCarolas/Lijzeil>
2020-09-07 11:07:45,403 (repo_cloner ) [DEBUG] 	* Successfully cloned <stationgroup/aws-helper-scripts>
2020-09-07 11:07:46,594 (repo_cloner ) [DEBUG] 	* Successfully cloned <steinbrueckri/debug>
2020-09-07 11:07:47,624 (repo_cloner ) [DEBUG] 	* Successfully cloned <steinbrueckri/dotfiles>
2020-09-07 11:07:49,218 (repo_cloner ) [DEBUG] 	* Successfully cloned <steinbrueckri/h2t>
2020-09-07 11:07:52,027 (repo_cloner ) [DEBUG] 	* Successfully cloned <steinbrueckri/steinbrueckri.github.io>
2020-09-07 11:07:55,630 (repo_cloner ) [DEBUG] 	* Successfully cloned <stelosca96/DP2-Rest-Biblio>
2020-09-07 11:07:56,725 (repo_cloner ) [DEBUG] 	* Successfully cloned <stephengroat/clacl>
2020-09-07 11:08:02,212 (repo_cloner ) [DEBUG] 	* Successfully cloned <stephengroat/stephengroat.github.io>
2020-09-07 11:08:18,415 (repo_cloner ) [DEBUG] 	* Successfully cloned <stevenselcuk/palamut>
2020-09-07 11:08:28,174 (repo_cloner ) [DEBUG] 	* Successfully cloned <stevepepple/Vibemap-Map>
2020-09-07 11:08:33,928 (repo_cloner ) [DEBUG] 	* Successfully cloned <stijnb1234/LiveSupport>
2020-09-07 11:08:35,278 (repo_cloner ) [DEBUG] 	* Successfully cloned <stijnb1234/V10Lift2>
2020-09-07 11:08:36,210 (repo_cloner ) [DEBUG] 	* Successfully cloned <stretchyboy/foxdot-experiements>
2020-09-07 11:08:47,111 (repo_cloner ) [DEBUG] 	* Successfully cloned <strivenous/discord-js>
2020-09-07 11:08:48,020 (repo_cloner ) [DEBUG] 	* Successfully cloned <strivenous/learning-js>
2020-09-07 11:08:48,908 (repo_cloner ) [DEBUG] 	* Successfully cloned <strivenous/quality-of-life>
2020-09-07 11:08:53,717 (repo_cloner ) [DEBUG] 	* Successfully cloned <subugoe/gro-dspacecris-design-2017>
2020-09-07 11:08:58,182 (repo_cloner ) [DEBUG] 	* Successfully cloned <sudar/bulk-delete>
2020-09-07 11:11:54,624 (repo_cloner ) [DEBUG] 	* Successfully cloned <sunho/goranireader>
2020-09-07 11:12:11,267 (repo_cloner ) [DEBUG] 	* Successfully cloned <sunriseos/SunriseOS>
2020-09-07 11:12:12,098 (repo_cloner ) [DEBUG] 	* Successfully cloned <sunriseos/mergeable-test>
2020-09-07 11:12:13,218 (repo_cloner ) [DEBUG] 	* Successfully cloned <sunriseos/storage_device>
2020-09-07 11:12:14,716 (repo_cloner ) [DEBUG] 	* Successfully cloned <sunriseos/sunriseos.github.io>
2020-09-07 11:12:15,928 (repo_cloner ) [DEBUG] 	* Successfully cloned <svdarren/jupyter-template>
2020-09-07 11:12:16,979 (repo_cloner ) [DEBUG] 	* Successfully cloned <svdarren/secrets-workflow>
2020-09-07 11:12:18,119 (repo_cloner ) [DEBUG] 	* Successfully cloned <swinton/scrabblescore>
2020-09-07 11:12:19,078 (repo_cloner ) [DEBUG] 	* Successfully cloned <syawin/money>
2020-09-07 11:12:20,007 (repo_cloner ) [DEBUG] 	* Successfully cloned <syawin/xUnit>
2020-09-07 11:12:22,960 (repo_cloner ) [DEBUG] 	* Successfully cloned <t4sk/d-monetize>
2020-09-07 11:12:24,343 (repo_cloner ) [DEBUG] 	* Successfully cloned <t4sk/multi-sig-wallet>
2020-09-07 11:12:28,012 (repo_cloner ) [DEBUG] 	* Successfully cloned <t4sk/react-canvas-time-series>
2020-09-07 11:12:29,507 (repo_cloner ) [DEBUG] 	* Successfully cloned <t4sk/react-lib>
2020-09-07 11:12:30,870 (repo_cloner ) [DEBUG] 	* Successfully cloned <t4sk/solidity-by-example>
2020-09-07 11:12:30,878 (repo_cloner ) [INFO] Finished cloning 1950/2208 repositories...
2020-09-07 11:12:37,412 (repo_cloner ) [DEBUG] 	* Successfully cloned <t4sk/t4sk.github.io>
2020-09-07 11:12:38,830 (repo_cloner ) [DEBUG] 	* Successfully cloned <tabetalt/pulumix>
2020-09-07 11:12:39,781 (repo_cloner ) [DEBUG] 	* Successfully cloned <tacyarg/bybit>
2020-09-07 11:12:40,849 (repo_cloner ) [DEBUG] 	* Successfully cloned <tacyarg/bybit-socket>
2020-09-07 11:12:41,859 (repo_cloner ) [DEBUG] 	* Successfully cloned <tacyarg/cryptapi-service>
2020-09-07 11:12:53,182 (repo_cloner ) [DEBUG] 	* Successfully cloned <tacyarg/fundingrate.io>
2020-09-07 11:12:54,303 (repo_cloner ) [DEBUG] 	* Successfully cloned <tacyarg/tradingview-webhooks>
2020-09-07 11:12:57,892 (repo_cloner ) [DEBUG] 	* Successfully cloned <talkiq/gcloud-aio>
2020-09-07 11:12:59,347 (repo_cloner ) [DEBUG] 	* Successfully cloned <team-bubl/bubl-fe>
2020-09-07 11:13:00,135 (repo_cloner ) [DEBUG] 	* Successfully cloned <teamrit/Color-Generator-Lab-3>
2020-09-07 11:13:01,075 (repo_cloner ) [DEBUG] 	* Successfully cloned <techfreakworm/business-newser>
2020-09-07 11:13:04,666 (repo_cloner ) [DEBUG] 	* Successfully cloned <techfreakworm/probability_stats_practice>
2020-09-07 11:13:06,310 (repo_cloner ) [DEBUG] 	* Successfully cloned <techniumlabs/containers>
2020-09-07 11:13:11,242 (repo_cloner ) [DEBUG] 	* Successfully cloned <techqueria/data-structures-and-algorithms>
2020-09-07 11:14:24,652 (repo_cloner ) [DEBUG] 	* Successfully cloned <techqueria/website>
2020-09-07 11:14:46,772 (repo_cloner ) [DEBUG] 	* Successfully cloned <testpass1982/ac_template_site>
2020-09-07 11:14:48,085 (repo_cloner ) [DEBUG] 	* Successfully cloned <testpass1982/bitrix_clear_template>
2020-09-07 11:15:19,538 (repo_cloner ) [DEBUG] 	* Successfully cloned <testpass1982/magnitogorsk_site>
2020-09-07 11:15:50,452 (repo_cloner ) [DEBUG] 	* Successfully cloned <testpass1982/naks_vladimir_site>
2020-09-07 11:17:20,638 (repo_cloner ) [DEBUG] 	* Successfully cloned <tevelee/Eval>
2020-09-07 11:17:23,032 (repo_cloner ) [DEBUG] 	* Successfully cloned <tharangni/medium-scraper>
2020-09-07 11:17:24,203 (repo_cloner ) [DEBUG] 	* Successfully cloned <the-after-hours/contri-credit>
2020-09-07 11:17:25,132 (repo_cloner ) [DEBUG] 	* Successfully cloned <the-after-hours/ez-pb>
2020-09-07 11:17:26,117 (repo_cloner ) [DEBUG] 	* Successfully cloned <theNewDynamic/hugo-base-components>
2020-09-07 11:17:27,355 (repo_cloner ) [DEBUG] 	* Successfully cloned <theNewDynamic/hugo-base-layouts>
2020-09-07 11:17:28,223 (repo_cloner ) [DEBUG] 	* Successfully cloned <theNewDynamic/hugo-module-tnd-func>
2020-09-07 11:17:29,426 (repo_cloner ) [DEBUG] 	* Successfully cloned <theNewDynamic/hugo-modules-test>
2020-09-07 11:18:39,927 (repo_cloner ) [DEBUG] 	* Successfully cloned <theNewDynamic/thenewdynamic.com>
2020-09-07 11:19:43,074 (repo_cloner ) [DEBUG] 	* Successfully cloned <theNewDynamic/thenewdynamic.org>
2020-09-07 11:19:44,880 (repo_cloner ) [DEBUG] 	* Successfully cloned <themeio/themeio.js>
2020-09-07 11:19:45,841 (repo_cloner ) [DEBUG] 	* Successfully cloned <thepushkarp/Authored-CP-Problems>
2020-09-07 11:19:46,973 (repo_cloner ) [DEBUG] 	* Successfully cloned <thetahq/Server>
2020-09-07 11:19:48,365 (repo_cloner ) [DEBUG] 	* Successfully cloned <thetahq/Website>
2020-09-07 11:19:49,328 (repo_cloner ) [DEBUG] 	* Successfully cloned <thetahq/lxdManager>
2020-09-07 11:19:50,267 (repo_cloner ) [DEBUG] 	* Successfully cloned <thetahq/thetaRadixDebuffer>
2020-09-07 11:19:51,282 (repo_cloner ) [DEBUG] 	* Successfully cloned <thibmaek/custom-components>
2020-09-07 11:19:52,113 (repo_cloner ) [DEBUG] 	* Successfully cloned <thibmaek/demo-collections>
2020-09-07 11:19:53,312 (repo_cloner ) [DEBUG] 	* Successfully cloned <thibmaek/linux-confs>
2020-09-07 11:19:57,504 (repo_cloner ) [DEBUG] 	* Successfully cloned <thibmaek/thibmaek.github.io>
2020-09-07 11:19:58,431 (repo_cloner ) [DEBUG] 	* Successfully cloned <thisHermit/udemy_table_of_contents>
2020-09-07 11:20:01,832 (repo_cloner ) [DEBUG] 	* Successfully cloned <thisdesign/groceryassist>
2020-09-07 11:20:04,310 (repo_cloner ) [DEBUG] 	* Successfully cloned <thislooksfun/audio-queue>
2020-09-07 11:20:08,290 (repo_cloner ) [DEBUG] 	* Successfully cloned <thislooksfun/earthdawn>
2020-09-07 11:20:09,379 (repo_cloner ) [DEBUG] 	* Successfully cloned <thislooksfun/f.o.testing>
2020-09-07 11:20:10,707 (repo_cloner ) [DEBUG] 	* Successfully cloned <thislooksfun/forbid.only>
2020-09-07 11:20:11,874 (repo_cloner ) [DEBUG] 	* Successfully cloned <thislooksfun/testing>
2020-09-07 11:22:08,633 (repo_cloner ) [DEBUG] 	* Successfully cloned <thkruz/keeptrack.space>
2020-09-07 11:22:22,752 (repo_cloner ) [DEBUG] 	* Successfully cloned <thomasGuerin3/lagom>
2020-09-07 11:22:24,374 (repo_cloner ) [DEBUG] 	* Successfully cloned <thomasfredericks/Bounce2>
2020-09-07 11:22:25,867 (repo_cloner ) [DEBUG] 	* Successfully cloned <thoth-station/advise-reporter>
2020-09-07 11:22:25,868 (repo_cloner ) [INFO] Finished cloning 2000/2208 repositories...
2020-09-07 11:22:30,594 (repo_cloner ) [DEBUG] 	* Successfully cloned <thoth-station/adviser>
2020-09-07 11:22:34,217 (repo_cloner ) [DEBUG] 	* Successfully cloned <thoth-station/amun-api>
2020-09-07 11:22:36,269 (repo_cloner ) [DEBUG] 	* Successfully cloned <thoth-station/build-analyzers>
2020-09-07 11:22:40,368 (repo_cloner ) [DEBUG] 	* Successfully cloned <thoth-station/build-watcher>
2020-09-07 11:22:41,808 (repo_cloner ) [DEBUG] 	* Successfully cloned <thoth-station/cleanup-job>
2020-09-07 11:22:45,824 (repo_cloner ) [DEBUG] 	* Successfully cloned <thoth-station/common>
2020-09-07 11:22:47,728 (repo_cloner ) [DEBUG] 	* Successfully cloned <thoth-station/core>
2020-09-07 11:22:49,479 (repo_cloner ) [DEBUG] 	* Successfully cloned <thoth-station/cve-update-job>
2020-09-07 11:22:52,593 (repo_cloner ) [DEBUG] 	* Successfully cloned <thoth-station/glyph>
2020-09-07 11:22:53,533 (repo_cloner ) [DEBUG] 	* Successfully cloned <thoth-station/graph-cache-refresh-job>
2020-09-07 11:22:55,238 (repo_cloner ) [DEBUG] 	* Successfully cloned <thoth-station/graph-refresh-job>
2020-09-07 11:22:57,382 (repo_cloner ) [DEBUG] 	* Successfully cloned <thoth-station/graph-sync-job>
2020-09-07 11:22:58,655 (repo_cloner ) [DEBUG] 	* Successfully cloned <thoth-station/graph-sync-scheduler>
2020-09-07 11:22:59,892 (repo_cloner ) [DEBUG] 	* Successfully cloned <thoth-station/httpd-aicoe-container>
2020-09-07 11:23:01,064 (repo_cloner ) [DEBUG] 	* Successfully cloned <thoth-station/integration-tests>
2020-09-07 11:23:02,914 (repo_cloner ) [DEBUG] 	* Successfully cloned <thoth-station/investigator>
2020-09-07 11:23:06,283 (repo_cloner ) [DEBUG] 	* Successfully cloned <thoth-station/isis-api>
2020-09-07 11:23:07,413 (repo_cloner ) [DEBUG] 	* Successfully cloned <thoth-station/janusgraph-thoth-config>
2020-09-07 11:23:10,156 (repo_cloner ) [DEBUG] 	* Successfully cloned <thoth-station/kebechet>
2020-09-07 11:23:12,043 (repo_cloner ) [DEBUG] 	* Successfully cloned <thoth-station/lab>
2020-09-07 11:23:14,047 (repo_cloner ) [DEBUG] 	* Successfully cloned <thoth-station/management-api>
2020-09-07 11:23:15,767 (repo_cloner ) [DEBUG] 	* Successfully cloned <thoth-station/messaging>
2020-09-07 11:23:17,781 (repo_cloner ) [DEBUG] 	* Successfully cloned <thoth-station/mi>
2020-09-07 11:23:18,942 (repo_cloner ) [DEBUG] 	* Successfully cloned <thoth-station/mi-scheduler>
2020-09-07 11:23:20,706 (repo_cloner ) [DEBUG] 	* Successfully cloned <thoth-station/micropipenv>
2020-09-07 11:23:25,164 (repo_cloner ) [DEBUG] 	* Successfully cloned <thoth-station/misc>
2020-09-07 11:23:33,090 (repo_cloner ) [DEBUG] 	* Successfully cloned <thoth-station/notebooks>
2020-09-07 11:23:34,668 (repo_cloner ) [DEBUG] 	* Successfully cloned <thoth-station/osiris>
2020-09-07 11:23:35,797 (repo_cloner ) [DEBUG] 	* Successfully cloned <thoth-station/osiris-build-observer>
2020-09-07 11:23:37,134 (repo_cloner ) [DEBUG] 	* Successfully cloned <thoth-station/package-analyzer>
2020-09-07 11:23:38,326 (repo_cloner ) [DEBUG] 	* Successfully cloned <thoth-station/package-build-controller>
2020-09-07 11:23:40,567 (repo_cloner ) [DEBUG] 	* Successfully cloned <thoth-station/package-releases-job>
2020-09-07 11:23:42,921 (repo_cloner ) [DEBUG] 	* Successfully cloned <thoth-station/python>
2020-09-07 11:23:46,441 (repo_cloner ) [DEBUG] 	* Successfully cloned <thoth-station/qeb-hwt>
2020-09-07 11:23:50,621 (repo_cloner ) [DEBUG] 	* Successfully cloned <thoth-station/result-api>
2020-09-07 11:23:51,864 (repo_cloner ) [DEBUG] 	* Successfully cloned <thoth-station/s2i-minimal-notebook>
2020-09-07 11:23:53,029 (repo_cloner ) [DEBUG] 	* Successfully cloned <thoth-station/selinon-api>
2020-09-07 11:23:54,167 (repo_cloner ) [DEBUG] 	* Successfully cloned <thoth-station/selinon-worker>
2020-09-07 11:23:55,719 (repo_cloner ) [DEBUG] 	* Successfully cloned <thoth-station/slo-reporter>
2020-09-07 11:23:57,673 (repo_cloner ) [DEBUG] 	* Successfully cloned <thoth-station/solver>
2020-09-07 11:23:58,780 (repo_cloner ) [DEBUG] 	* Successfully cloned <thoth-station/source-management>
2020-09-07 11:24:08,770 (repo_cloner ) [DEBUG] 	* Successfully cloned <thoth-station/storages>
2020-09-07 11:24:24,126 (repo_cloner ) [DEBUG] 	* Successfully cloned <thoth-station/tensorflow-build-s2i>
2020-09-07 11:24:25,436 (repo_cloner ) [DEBUG] 	* Successfully cloned <thoth-station/tensorflow-serving-build>
2020-09-07 11:24:28,643 (repo_cloner ) [DEBUG] 	* Successfully cloned <thoth-station/thamos>
2020-09-07 11:24:32,636 (repo_cloner ) [DEBUG] 	* Successfully cloned <thoth-station/thoth-application>
2020-09-07 11:24:34,538 (repo_cloner ) [DEBUG] 	* Successfully cloned <thoth-station/thoth-ops-infra>
2020-09-07 11:24:43,208 (repo_cloner ) [DEBUG] 	* Successfully cloned <thoth-station/user-api>
2020-09-07 11:24:44,446 (repo_cloner ) [DEBUG] 	* Successfully cloned <thoth-station/workflow-helpers>
2020-09-07 11:24:45,701 (repo_cloner ) [DEBUG] 	* Successfully cloned <thoth-station/workload-operator>
2020-09-07 11:24:45,709 (repo_cloner ) [INFO] Finished cloning 2050/2208 repositories...
2020-09-07 11:24:46,785 (repo_cloner ) [DEBUG] 	* Successfully cloned <thukabjj/servicoRenegociacao>
2020-09-07 11:24:47,672 (repo_cloner ) [DEBUG] 	* Successfully cloned <thukabjj/spring-boot-camel>
2020-09-07 11:24:49,091 (repo_cloner ) [DEBUG] 	* Successfully cloned <tianhaoz95/acumany-re>
2020-09-07 11:24:50,183 (repo_cloner ) [DEBUG] 	* Successfully cloned <tianhaoz95/flutter-gitpod-hacks>
2020-09-07 11:25:00,046 (repo_cloner ) [DEBUG] 	* Successfully cloned <tianhaoz95/iwfp>
2020-09-07 11:25:01,902 (repo_cloner ) [DEBUG] 	* Successfully cloned <tibmeister/Esper>
2020-09-07 11:25:04,432 (repo_cloner ) [DEBUG] 	* Successfully cloned <timetable-kosimst-tk/timetable-app>
2020-09-07 11:25:05,638 (repo_cloner ) [DEBUG] 	* Successfully cloned <timontsiolis/website>
