2020-09-07 11:54:01,933 (repo_cloner ) [INFO] Repo cloning started at 2020-09-07 11:54:01.933540! Attempting to clone 2208 repos.
This is the last step and will take the longest!

2020-09-07 11:54:01,933 (repo_cloner ) [INFO] Sorting and filtering 2208 repository names
2020-09-07 11:54:01,936 (repo_cloner ) [INFO] Sorting and filtering finished. Left with 2208 repositories
2020-09-07 11:54:01,936 (repo_cloner ) [INFO] Finished cloning 50/2208 repositories...
2020-09-07 11:54:01,936 (repo_cloner ) [INFO] Finished cloning 100/2208 repositories...
2020-09-07 11:54:01,936 (repo_cloner ) [INFO] Finished cloning 150/2208 repositories...
2020-09-07 11:54:01,936 (repo_cloner ) [INFO] Finished cloning 200/2208 repositories...
2020-09-07 11:54:01,936 (repo_cloner ) [INFO] Finished cloning 250/2208 repositories...
2020-09-07 11:54:01,937 (repo_cloner ) [INFO] Finished cloning 300/2208 repositories...
2020-09-07 11:54:01,937 (repo_cloner ) [INFO] Finished cloning 350/2208 repositories...
2020-09-07 11:54:01,937 (repo_cloner ) [INFO] Finished cloning 400/2208 repositories...
2020-09-07 11:54:01,937 (repo_cloner ) [INFO] Finished cloning 450/2208 repositories...
2020-09-07 11:54:01,937 (repo_cloner ) [INFO] Finished cloning 500/2208 repositories...
2020-09-07 11:54:01,937 (repo_cloner ) [INFO] Finished cloning 550/2208 repositories...
2020-09-07 11:54:01,937 (repo_cloner ) [INFO] Finished cloning 600/2208 repositories...
2020-09-07 11:54:01,937 (repo_cloner ) [INFO] Finished cloning 650/2208 repositories...
2020-09-07 11:54:01,937 (repo_cloner ) [INFO] Finished cloning 700/2208 repositories...
2020-09-07 11:54:01,937 (repo_cloner ) [INFO] Finished cloning 750/2208 repositories...
2020-09-07 11:54:01,937 (repo_cloner ) [INFO] Finished cloning 800/2208 repositories...
2020-09-07 11:54:01,937 (repo_cloner ) [INFO] Finished cloning 850/2208 repositories...
2020-09-07 11:54:01,937 (repo_cloner ) [INFO] Finished cloning 900/2208 repositories...
2020-09-07 11:54:01,937 (repo_cloner ) [INFO] Finished cloning 950/2208 repositories...
2020-09-07 11:54:01,937 (repo_cloner ) [INFO] Finished cloning 1000/2208 repositories...
2020-09-07 11:54:01,938 (repo_cloner ) [INFO] Finished cloning 1050/2208 repositories...
2020-09-07 11:54:01,938 (repo_cloner ) [INFO] Finished cloning 1100/2208 repositories...
2020-09-07 11:54:01,938 (repo_cloner ) [INFO] Finished cloning 1150/2208 repositories...
2020-09-07 11:54:01,938 (repo_cloner ) [INFO] Finished cloning 1200/2208 repositories...
2020-09-07 11:54:01,938 (repo_cloner ) [INFO] Finished cloning 1250/2208 repositories...
2020-09-07 11:54:01,938 (repo_cloner ) [INFO] Finished cloning 1300/2208 repositories...
2020-09-07 11:54:01,938 (repo_cloner ) [INFO] Finished cloning 1350/2208 repositories...
2020-09-07 11:54:01,938 (repo_cloner ) [INFO] Finished cloning 1400/2208 repositories...
2020-09-07 11:54:01,938 (repo_cloner ) [INFO] Finished cloning 1450/2208 repositories...
2020-09-07 11:54:01,938 (repo_cloner ) [INFO] Finished cloning 1500/2208 repositories...
2020-09-07 11:54:01,938 (repo_cloner ) [INFO] Finished cloning 1550/2208 repositories...
2020-09-07 11:54:01,938 (repo_cloner ) [INFO] Finished cloning 1600/2208 repositories...
2020-09-07 11:54:01,938 (repo_cloner ) [INFO] Finished cloning 1650/2208 repositories...
2020-09-07 11:54:01,938 (repo_cloner ) [INFO] Finished cloning 1700/2208 repositories...
2020-09-07 11:54:01,938 (repo_cloner ) [INFO] Finished cloning 1750/2208 repositories...
2020-09-07 11:54:01,939 (repo_cloner ) [INFO] Finished cloning 1800/2208 repositories...
2020-09-07 11:54:01,939 (repo_cloner ) [INFO] Finished cloning 1850/2208 repositories...
2020-09-07 11:54:01,939 (repo_cloner ) [INFO] Finished cloning 1900/2208 repositories...
2020-09-07 11:54:01,939 (repo_cloner ) [INFO] Finished cloning 1950/2208 repositories...
2020-09-07 11:54:01,939 (repo_cloner ) [INFO] Finished cloning 2000/2208 repositories...
2020-09-07 11:54:01,939 (repo_cloner ) [INFO] Finished cloning 2050/2208 repositories...
2020-09-07 11:54:01,939 (repo_cloner ) [INFO] Successfully skipped until timvideos/linux-litex
2020-09-07 11:54:26,320 (repo_cloner ) [DEBUG] 	* Successfully cloned <timvideos/litex-buildenv>
2020-09-07 11:54:27,526 (repo_cloner ) [DEBUG] 	* Successfully cloned <tjdavis3/golang-rest-template>
2020-09-07 11:54:35,712 (repo_cloner ) [DEBUG] 	* Successfully cloned <tjysdsg/DKUOJ>
2020-09-07 11:54:38,788 (repo_cloner ) [DEBUG] 	* Successfully cloned <tjysdsg/softrenderer>
2020-09-07 11:54:57,828 (repo_cloner ) [DEBUG] 	* Successfully cloned <tjysdsg/tan>
2020-09-07 11:55:01,959 (repo_cloner ) [DEBUG] 	* Successfully cloned <tjysdsg/tos>
2020-09-07 11:55:09,010 (repo_cloner ) [DEBUG] 	* Successfully cloned <tom-corwin/tacdevlibs>
2020-09-07 11:55:29,528 (repo_cloner ) [DEBUG] 	* Successfully cloned <tomkerkhove/promitor>
2020-09-07 11:55:32,419 (repo_cloner ) [DEBUG] 	* Successfully cloned <tomkiernan120/Faze>
2020-09-07 11:55:33,387 (repo_cloner ) [DEBUG] 	* Successfully cloned <tormi/template-drupal>
2020-09-07 11:56:00,413 (repo_cloner ) [DEBUG] 	* Successfully cloned <tox-dev/tox>
2020-09-07 11:56:02,056 (repo_cloner ) [DEBUG] 	* Successfully cloned <tox-dev/tox-docker>
2020-09-07 11:56:04,509 (repo_cloner ) [DEBUG] 	* Successfully cloned <toxdes/testiny-web>
2020-09-07 11:56:50,745 (repo_cloner ) [DEBUG] 	* Successfully cloned <trikset/trik-pythonqt>
2020-09-07 12:02:05,532 (repo_cloner ) [DEBUG] 	* Successfully cloned <trikset/trik-studio>
2020-09-07 12:02:35,423 (repo_cloner ) [DEBUG] 	* Successfully cloned <trikset/trikRuntime>
2020-09-07 12:02:38,005 (repo_cloner ) [DEBUG] 	* Successfully cloned <trustbloc/bloc-docs>
2020-09-07 12:02:50,244 (repo_cloner ) [DEBUG] 	* Successfully cloned <trustbloc/edge-agent>
2020-09-07 12:02:51,748 (repo_cloner ) [DEBUG] 	* Successfully cloned <trustbloc/edge-core>
2020-09-07 12:02:56,840 (repo_cloner ) [DEBUG] 	* Successfully cloned <trustbloc/edge-sandbox>
2020-09-07 12:03:03,648 (repo_cloner ) [ERROR] 	* Unexpected <class '_pygit2.GitError'> (GitError) for <trustbloc/edge-service>! cannot checkout to invalid path 'test/bdd/fixtures/stakeholder-server/config-data/stakeholder.one:8088.json'
2020-09-07 12:03:05,974 (repo_cloner ) [DEBUG] 	* Successfully cloned <trustbloc/edv>
2020-09-07 12:03:08,419 (repo_cloner ) [DEBUG] 	* Successfully cloned <trustbloc/fabric-cli-ext>
2020-09-07 12:07:47,363 (repo_cloner ) [DEBUG] 	* Successfully cloned <trustbloc/fabric-mod>
2020-09-07 12:07:54,739 (repo_cloner ) [DEBUG] 	* Successfully cloned <trustbloc/fabric-peer-ext>
2020-09-07 12:07:56,545 (repo_cloner ) [DEBUG] 	* Successfully cloned <trustbloc/fabric-peer-test-common>
2020-09-07 12:08:00,270 (repo_cloner ) [DEBUG] 	* Successfully cloned <trustbloc/sidetree-core-go>
2020-09-07 12:08:11,147 (repo_cloner ) [DEBUG] 	* Successfully cloned <trustbloc/sidetree-fabric>
2020-09-07 12:08:13,556 (repo_cloner ) [DEBUG] 	* Successfully cloned <trustbloc/sidetree-mock>
2020-09-07 12:19:56,427 (repo_cloner ) [DEBUG] 	* Successfully cloned <trustwallet/assets>
2020-09-07 12:20:53,963 (repo_cloner ) [DEBUG] 	* Successfully cloned <trustwallet/blockatlas>
2020-09-07 12:21:02,974 (repo_cloner ) [DEBUG] 	* Successfully cloned <trustwallet/watchmarket>
2020-09-07 12:21:06,483 (repo_cloner ) [DEBUG] 	* Successfully cloned <try-react/rr>
2020-09-07 12:21:14,447 (repo_cloner ) [DEBUG] 	* Successfully cloned <try-react/ss>
2020-09-07 12:21:29,168 (repo_cloner ) [DEBUG] 	* Successfully cloned <try-react/yy>
2020-09-07 12:21:30,442 (repo_cloner ) [DEBUG] 	* Successfully cloned <ttakkku/Sangoon_Is_Math>
2020-09-07 12:21:36,604 (repo_cloner ) [DEBUG] 	* Successfully cloned <tubone24/apology_memo>
2020-09-07 12:21:37,665 (repo_cloner ) [DEBUG] 	* Successfully cloned <tubone24/dotfiles>
2020-09-07 12:22:16,256 (repo_cloner ) [DEBUG] 	* Successfully cloned <tubone24/servo_slack_with_arduino>
2020-09-07 12:22:17,887 (repo_cloner ) [DEBUG] 	* Successfully cloned <tuki0918/electron-timer>
2020-09-07 12:22:18,908 (repo_cloner ) [DEBUG] 	* Successfully cloned <tuki0918/pi-screen-pochix2-automation>
2020-09-07 12:22:18,908 (repo_cloner ) [INFO] Finished cloning 2100/2208 repositories...
2020-09-07 12:24:18,936 (repo_cloner ) [DEBUG] 	* Successfully cloned <tuuna/reverie>
2020-09-07 12:24:21,187 (repo_cloner ) [DEBUG] 	* Successfully cloned <tuuna/written_examination>
2020-09-07 12:25:20,776 (repo_cloner ) [DEBUG] 	* Successfully cloned <tvieiragoncalves/belkirk-jekyll-demo>
2020-09-07 12:25:40,273 (repo_cloner ) [DEBUG] 	* Successfully cloned <tvieiragoncalves/genesis>
2020-09-07 12:25:41,271 (repo_cloner ) [DEBUG] 	* Successfully cloned <twn39/phpserverless>
2020-09-07 12:25:45,104 (repo_cloner ) [DEBUG] 	* Successfully cloned <twodayslate/swift-package-registry>
2020-09-07 12:25:46,564 (repo_cloner ) [DEBUG] 	* Successfully cloned <tylermcrobert/shopify-next-bootstrap>
2020-09-07 12:26:26,448 (repo_cloner ) [DEBUG] 	* Successfully cloned <tylermcrobert/tylermcrobert-www>
2020-09-07 12:26:27,874 (repo_cloner ) [DEBUG] 	* Successfully cloned <uh-dcm/course-machine-learning>
2020-09-07 12:26:38,979 (repo_cloner ) [DEBUG] 	* Successfully cloned <ultimate-ttt/ultimate-ttt>
2020-09-07 12:26:39,941 (repo_cloner ) [DEBUG] 	* Successfully cloned <umaumax/clang_parse>
2020-09-07 12:26:42,060 (repo_cloner ) [DEBUG] 	* Successfully cloned <umaumax/cpp-examples>
2020-09-07 12:26:50,951 (repo_cloner ) [DEBUG] 	* Successfully cloned <umaumax/dotfiles>
2020-09-07 12:26:51,878 (repo_cloner ) [DEBUG] 	* Successfully cloned <umaumax/dumptool>
2020-09-07 12:26:52,818 (repo_cloner ) [DEBUG] 	* Successfully cloned <umaumax/egoproxy>
2020-09-07 12:26:53,809 (repo_cloner ) [DEBUG] 	* Successfully cloned <umaumax/git-multi-branch-executer>
2020-09-07 12:26:54,850 (repo_cloner ) [DEBUG] 	* Successfully cloned <umaumax/git-wget>
2020-09-07 12:26:55,757 (repo_cloner ) [DEBUG] 	* Successfully cloned <umaumax/malloc-memo>
2020-09-07 12:26:56,763 (repo_cloner ) [DEBUG] 	* Successfully cloned <umaumax/neoman.vim>
2020-09-07 12:26:57,718 (repo_cloner ) [DEBUG] 	* Successfully cloned <umaumax/rosparam_ex>
2020-09-07 12:26:58,698 (repo_cloner ) [DEBUG] 	* Successfully cloned <umaumax/vim-auto-fix>
2020-09-07 12:27:05,257 (repo_cloner ) [DEBUG] 	* Successfully cloned <unional/komondor-plugin-node>
2020-09-07 12:27:09,740 (repo_cloner ) [DEBUG] 	* Successfully cloned <unional/t2-battle>
2020-09-07 12:27:12,776 (repo_cloner ) [DEBUG] 	* Successfully cloned <uniquelyparticular/shopify-oauth>
2020-09-07 12:27:15,919 (repo_cloner ) [DEBUG] 	* Successfully cloned <uniquelyparticular/stripe-distinct-usage-tracking>
2020-09-07 12:27:25,843 (repo_cloner ) [DEBUG] 	* Successfully cloned <uniquelyparticular/sync-moltin-to-shipengine>
2020-09-07 12:27:28,823 (repo_cloner ) [DEBUG] 	* Successfully cloned <uniquelyparticular/sync-shipengine-to-moltin>
2020-09-07 12:32:50,045 (repo_cloner ) [DEBUG] 	* Successfully cloned <unlock-protocol/unlock>
2020-09-07 12:32:55,409 (repo_cloner ) [DEBUG] 	* Successfully cloned <uuid-rs/uuid>
2020-09-07 12:35:19,842 (repo_cloner ) [DEBUG] 	* Successfully cloned <vaizard/glued-skeleton>
2020-09-07 12:35:36,423 (repo_cloner ) [DEBUG] 	* Successfully cloned <vanbinhstudios/thelegendofericc>
2020-09-07 12:35:45,749 (repo_cloner ) [DEBUG] 	* Successfully cloned <varunotelli/DocApp>
2020-09-07 12:35:49,823 (repo_cloner ) [DEBUG] 	* Successfully cloned <viartemev/the-white-rabbit>
2020-09-07 12:42:51,490 (repo_cloner ) [DEBUG] 	* Successfully cloned <victorsmits/Aquabike>
2020-09-07 12:42:52,646 (repo_cloner ) [DEBUG] 	* Successfully cloned <vipinlahoti/meteor-react>
2020-09-07 12:42:54,488 (repo_cloner ) [DEBUG] 	* Successfully cloned <voyagerstudio/saturnfive>
2020-09-07 12:42:55,958 (repo_cloner ) [DEBUG] 	* Successfully cloned <weareneopix/issuer>
2020-09-07 12:42:57,041 (repo_cloner ) [DEBUG] 	* Successfully cloned <webmsgr/OneLifeMapper>
2020-09-07 12:42:58,227 (repo_cloner ) [DEBUG] 	* Successfully cloned <webmsgr/PyOHOL>
2020-09-07 12:42:59,592 (repo_cloner ) [DEBUG] 	* Successfully cloned <webmsgr/crystalchat>
2020-09-07 12:43:00,907 (repo_cloner ) [DEBUG] 	* Successfully cloned <webmsgr/feathergame>
2020-09-07 12:43:02,146 (repo_cloner ) [DEBUG] 	* Successfully cloned <webmsgr/mangadex-lib>
2020-09-07 12:43:03,375 (repo_cloner ) [DEBUG] 	* Successfully cloned <webmsgr/minelang>
2020-09-07 12:43:04,795 (repo_cloner ) [DEBUG] 	* Successfully cloned <webmsgr/oholbotframework>
2020-09-07 12:43:06,199 (repo_cloner ) [DEBUG] 	* Successfully cloned <webpropopuli/jobscrape>
2020-09-07 12:43:07,562 (repo_cloner ) [DEBUG] 	* Successfully cloned <wesauis/aircnc-backend>
2020-09-07 12:43:09,714 (repo_cloner ) [DEBUG] 	* Successfully cloned <wesauis/aircnc-mobile>
2020-09-07 12:43:13,467 (repo_cloner ) [DEBUG] 	* Successfully cloned <wesauis/gastei>
2020-09-07 12:43:14,470 (repo_cloner ) [DEBUG] 	* Successfully cloned <wickerman2018/WpfQNXtemplates>
2020-09-07 12:43:18,864 (repo_cloner ) [DEBUG] 	* Successfully cloned <williamnash/notes>
2020-09-07 12:43:18,864 (repo_cloner ) [INFO] Finished cloning 2150/2208 repositories...
2020-09-07 12:46:21,245 (repo_cloner ) [ERROR] 	* Unexpected <class '_pygit2.GitError'> (GitError) for <windsorio/browse>! cannot checkout to invalid path 'Icon'
2020-09-07 12:46:24,140 (repo_cloner ) [DEBUG] 	* Successfully cloned <wisnuprama/target>
2020-09-07 12:46:25,307 (repo_cloner ) [DEBUG] 	* Successfully cloned <wk-j/circle-dotnet>
2020-09-07 12:46:43,781 (repo_cloner ) [DEBUG] 	* Successfully cloned <wk-j/dart-pet-store>
2020-09-07 12:46:45,106 (repo_cloner ) [DEBUG] 	* Successfully cloned <wk-j/dotnet-to-dart>
2020-09-07 12:46:47,014 (repo_cloner ) [DEBUG] 	* Successfully cloned <wk-j/flutter>
2020-09-07 12:46:48,930 (repo_cloner ) [DEBUG] 	* Successfully cloned <wk-j/flutter-layout>
2020-09-07 12:46:50,833 (repo_cloner ) [DEBUG] 	* Successfully cloned <wk-j/flutter-login>
2020-09-07 12:46:55,149 (repo_cloner ) [DEBUG] 	* Successfully cloned <wk-j/flutter-native-ui>
2020-09-07 12:46:56,084 (repo_cloner ) [DEBUG] 	* Successfully cloned <wk-j/github-todo>
2020-09-07 12:46:58,820 (repo_cloner ) [DEBUG] 	* Successfully cloned <wk-j/joget-postgres-nginx>
2020-09-07 12:47:00,137 (repo_cloner ) [DEBUG] 	* Successfully cloned <wk-j/uni-links>
2020-09-07 12:47:01,619 (repo_cloner ) [DEBUG] 	* Successfully cloned <wk-j/uni-links-ios>
2020-09-07 12:50:19,832 (repo_cloner ) [ERROR] 	* Unexpected <class '_pygit2.GitError'> (GitError) for <woocommerce/woocommerce-gutenberg-products-block>! cannot checkout to invalid path 'tests/e2e-tests/config/test:e2e.json'
2020-09-07 12:50:21,059 (repo_cloner ) [DEBUG] 	* Successfully cloned <xMinota/flatsoda>
2020-09-07 12:50:27,096 (repo_cloner ) [DEBUG] 	* Successfully cloned <xavierlaerte/mytest>
2020-09-07 12:50:28,980 (repo_cloner ) [DEBUG] 	* Successfully cloned <xgebi/Algae>
2020-09-07 12:50:32,824 (repo_cloner ) [DEBUG] 	* Successfully cloned <xgebi/Sloth>
2020-09-07 12:50:34,449 (repo_cloner ) [DEBUG] 	* Successfully cloned <xgebi/SlothCMS-archive>
2020-09-07 12:50:35,444 (repo_cloner ) [DEBUG] 	* Successfully cloned <xgebi/adBlockPlusHomework>
2020-09-07 12:50:36,532 (repo_cloner ) [DEBUG] 	* Successfully cloned <xiangnan0811/LetsGo>
2020-09-07 12:50:37,627 (repo_cloner ) [DEBUG] 	* Successfully cloned <xiangnan0811/fangtianxiaCrawler>
2020-09-07 12:50:56,616 (repo_cloner ) [DEBUG] 	* Successfully cloned <xiaozhi93/fed-e-code>
2020-09-07 12:50:57,621 (repo_cloner ) [DEBUG] 	* Successfully cloned <xiaozhi93/vue-cli-plugin-hz-pages>
2020-09-07 12:50:58,610 (repo_cloner ) [DEBUG] 	* Successfully cloned <xinetzone/anysome>
2020-09-07 12:51:00,086 (repo_cloner ) [DEBUG] 	* Successfully cloned <xinetzone/cv-actions>
2020-09-07 12:54:24,964 (repo_cloner ) [DEBUG] 	* Successfully cloned <xinetzone/xinetzone.github.io>
2020-09-07 12:54:32,639 (repo_cloner ) [DEBUG] 	* Successfully cloned <xmc-rs/xmc4-hal>
2020-09-07 12:54:38,739 (repo_cloner ) [ERROR] 	* Unexpected <class '_pygit2.GitError'> (GitError) for <xmc-rs/xmc4300>! cannot checkout to invalid path 'src/ecat0_con/con.rs'
2020-09-07 12:54:41,812 (repo_cloner ) [DEBUG] 	* Successfully cloned <xridge/kubestone>
2020-09-07 12:54:42,942 (repo_cloner ) [DEBUG] 	* Successfully cloned <yajw/RSS-Feed-Reader>
2020-09-07 12:54:45,392 (repo_cloner ) [DEBUG] 	* Successfully cloned <yanrs17/nine-mens-morris-solver>
2020-09-07 12:54:46,249 (repo_cloner ) [DEBUG] 	* Successfully cloned <yanrs17/solver-for-magic-tower>
2020-09-07 12:54:54,010 (repo_cloner ) [DEBUG] 	* Successfully cloned <yeralin/OpenPlayer>
2020-09-07 12:54:55,371 (repo_cloner ) [DEBUG] 	* Successfully cloned <yukai-w/angular-demo>
2020-09-07 12:55:03,436 (repo_cloner ) [DEBUG] 	* Successfully cloned <yukai-w/blog>
2020-09-07 12:55:04,342 (repo_cloner ) [DEBUG] 	* Successfully cloned <yumemi-nkomiya/TodoTest>
2020-09-07 12:55:05,463 (repo_cloner ) [DEBUG] 	* Successfully cloned <yvesgurcan/adv>
2020-09-07 12:55:07,514 (repo_cloner ) [DEBUG] 	* Successfully cloned <yvesgurcan/adventure>
2020-09-07 12:55:17,784 (repo_cloner ) [DEBUG] 	* Successfully cloned <yvesgurcan/chess-client>
2020-09-07 12:55:20,296 (repo_cloner ) [DEBUG] 	* Successfully cloned <yvesgurcan/movie-finder>
2020-09-07 12:57:12,324 (repo_cloner ) [DEBUG] 	* Successfully cloned <yydai/yydai.github.io>
2020-09-07 12:57:13,457 (repo_cloner ) [DEBUG] 	* Successfully cloned <z0al/git-todos>
2020-09-07 12:57:14,260 (repo_cloner ) [DEBUG] 	* Successfully cloned <zenHeart/github-lab>
2020-09-07 12:57:58,860 (repo_cloner ) [DEBUG] 	* Successfully cloned <zhangyingwei/html-css-only>
2020-09-07 12:58:00,351 (repo_cloner ) [DEBUG] 	* Successfully cloned <zhenglaizhang/quest-dots>
2020-09-07 12:58:08,186 (repo_cloner ) [DEBUG] 	* Successfully cloned <zlmalu/2MIDCM>
2020-09-07 12:58:11,468 (repo_cloner ) [DEBUG] 	* Successfully cloned <zmbush/budgetron>
2020-09-07 12:58:12,576 (repo_cloner ) [DEBUG] 	* Successfully cloned <zmbush/dotfiles>
2020-09-07 12:58:12,577 (repo_cloner ) [INFO] Finished cloning 2200/2208 repositories...
2020-09-07 12:58:18,016 (repo_cloner ) [DEBUG] 	* Successfully cloned <zmbush/noted>
2020-09-07 12:58:24,470 (repo_cloner ) [DEBUG] 	* Successfully cloned <zourite/manage-list>
2020-09-07 12:58:25,537 (repo_cloner ) [DEBUG] 	* Successfully cloned <zsubzwary/GDG_Flutter_code_lab>
2020-09-07 12:58:33,199 (repo_cloner ) [DEBUG] 	* Successfully cloned <zuedev/WAJS>
2020-09-07 12:58:34,093 (repo_cloner ) [DEBUG] 	* Successfully cloned <zuedev/WATranslatorApp>
2020-09-07 12:58:35,196 (repo_cloner ) [DEBUG] 	* Successfully cloned <zuedev/gitbay>
2020-09-07 12:58:36,375 (repo_cloner ) [DEBUG] 	* Successfully cloned <zuedev/zGit>
2020-09-07 12:58:38,714 (repo_cloner ) [DEBUG] 	* Successfully cloned <zurutech/ashpy>
2020-09-07 12:58:38,715 (repo_cloner ) [INFO] Cloning was ended at 2020-09-07 12:58:38.714972, and took 1:04:36.781432 h:mm:ss!
2020-09-07 12:58:38,715 (repo_cloner ) [INFO] Cloning process failed for 5 repositories.
2020-09-07 12:58:38,715 (repo_cloner ) [INFO] Obtained 2203/2208 unique repositories, which were output in D:/Repos!
