2020-09-06 19:40:56,338 (repo_cloner ) [INFO] Repo cloning started at 2020-09-06 19:40:56.338278! Attempting to clone 2208 repos.
This is the last step and will take the longest!

2020-09-06 19:40:56,338 (repo_cloner ) [INFO] Sorting and filtering 2208 repository names
2020-09-06 19:40:56,340 (repo_cloner ) [INFO] Sorting and filtering finished. Left with 2208 repositories
2020-09-06 19:40:57,262 (repo_cloner ) [DEBUG] 	* Successfully cloned <0x106/nw-ext>
2020-09-06 19:40:58,653 (repo_cloner ) [DEBUG] 	* Successfully cloned <0x6f736f646f/automating-home-lights>
2020-09-06 19:41:23,692 (repo_cloner ) [DEBUG] 	* Successfully cloned <4GeeksAcademy/About-4Geeks-Academy>
2020-09-06 19:41:27,865 (repo_cloner ) [DEBUG] 	* Successfully cloned <4GeeksAcademy/javascript-dom-tutorial-exercises>
2020-09-06 19:41:28,909 (repo_cloner ) [DEBUG] 	* Successfully cloned <4GeeksAcademy/learn-in-public>
2020-09-06 19:42:09,344 (repo_cloner ) [DEBUG] 	* Successfully cloned <4GeeksAcademy/website-v2>
2020-09-06 19:42:11,345 (repo_cloner ) [ERROR] 	* Unexpected <class '_pygit2.GitError'> (GitError) for <4site-interactive-studios/engrid>! cannot checkout to invalid path 'src/reference/enPage.css?v=3.55.0'
2020-09-06 19:42:14,841 (repo_cloner ) [DEBUG] 	* Successfully cloned <5-gwoap/adopt-a-family>
2020-09-06 19:42:16,325 (repo_cloner ) [DEBUG] 	* Successfully cloned <5tarlight/asteroid>
2020-09-06 19:42:17,658 (repo_cloner ) [DEBUG] 	* Successfully cloned <5tarlight/cppmud>
2020-09-06 19:42:18,831 (repo_cloner ) [DEBUG] 	* Successfully cloned <5tarlight/startory>
2020-09-06 19:43:08,671 (repo_cloner ) [DEBUG] 	* Successfully cloned <9renpoto/frontend>
2020-09-06 19:43:10,337 (repo_cloner ) [DEBUG] 	* Successfully cloned <9renpoto/ror>
2020-09-06 19:43:52,585 (repo_cloner ) [DEBUG] 	* Successfully cloned <AElfProject/AElf>
2020-09-06 19:43:56,020 (repo_cloner ) [DEBUG] 	* Successfully cloned <AElfProject/aelf-account-template-rn>
2020-09-06 19:43:57,894 (repo_cloner ) [DEBUG] 	* Successfully cloned <AElfProject/aelf-block-api>
2020-09-06 19:44:05,907 (repo_cloner ) [DEBUG] 	* Successfully cloned <AElfProject/aelf-block-explorer>
2020-09-06 19:44:07,473 (repo_cloner ) [DEBUG] 	* Successfully cloned <AElfProject/aelf-block-scan>
2020-09-06 19:44:12,845 (repo_cloner ) [DEBUG] 	* Successfully cloned <AElfProject/aelf-boilerplate>
2020-09-06 19:44:16,222 (repo_cloner ) [DEBUG] 	* Successfully cloned <AElfProject/aelf-centre-asset-management>
2020-09-06 19:44:17,766 (repo_cloner ) [DEBUG] 	* Successfully cloned <AElfProject/aelf-community-activity>
2020-09-06 19:44:19,001 (repo_cloner ) [DEBUG] 	* Successfully cloned <AElfProject/aelf-consensus-playground>
2020-09-06 19:44:21,272 (repo_cloner ) [DEBUG] 	* Successfully cloned <AElfProject/aelf-contract-viewer>
2020-09-06 19:44:25,471 (repo_cloner ) [DEBUG] 	* Successfully cloned <AElfProject/aelf-decentralized-autonomous-organization>
2020-09-06 19:44:44,780 (repo_cloner ) [DEBUG] 	* Successfully cloned <AElfProject/aelf-sdk.js>
2020-09-06 19:44:54,926 (repo_cloner ) [DEBUG] 	* Successfully cloned <AElfProject/aelf-wallet-ios>
2020-09-06 19:45:23,298 (repo_cloner ) [DEBUG] 	* Successfully cloned <AElfProject/aelf-web-extension>
2020-09-06 19:45:26,188 (repo_cloner ) [DEBUG] 	* Successfully cloned <AElfProject/aelf-web-wallet>
2020-09-06 19:45:27,217 (repo_cloner ) [DEBUG] 	* Successfully cloned <AElfProject/contract-plugin>
2020-09-06 19:45:29,433 (repo_cloner ) [DEBUG] 	* Successfully cloned <AElfProject/summit-collection>
2020-09-06 19:45:30,351 (repo_cloner ) [DEBUG] 	* Successfully cloned <AICoE/OpenShiftKubeAudit>
2020-09-06 19:45:31,933 (repo_cloner ) [DEBUG] 	* Successfully cloned <AICoE/aicoe-cd>
2020-09-06 19:45:32,702 (repo_cloner ) [DEBUG] 	* Successfully cloned <AICoE/mlperf_metric_collection>
2020-09-06 19:45:34,051 (repo_cloner ) [DEBUG] 	* Successfully cloned <AICoE/sefkhet-abwy>
2020-09-06 19:45:35,873 (repo_cloner ) [DEBUG] 	* Successfully cloned <Aaronkala/personal-finances>
2020-09-06 19:47:40,201 (repo_cloner ) [DEBUG] 	* Successfully cloned <Aaronkala/web-portfolio>
2020-09-06 19:47:46,097 (repo_cloner ) [DEBUG] 	* Successfully cloned <AceOfSpades413/prismmod>
2020-09-06 19:47:47,176 (repo_cloner ) [DEBUG] 	* Successfully cloned <AcrenEnv/Dapp-platform>
2020-09-06 19:47:48,153 (repo_cloner ) [DEBUG] 	* Successfully cloned <AdamHepner/batch-clone>
2020-09-06 19:47:49,316 (repo_cloner ) [DEBUG] 	* Successfully cloned <AdithyaBhat17/docker-examples>
2020-09-06 19:47:50,124 (repo_cloner ) [DEBUG] 	* Successfully cloned <AdithyaBhat17/graphql-firebase-example>
2020-09-06 19:47:50,911 (repo_cloner ) [DEBUG] 	* Successfully cloned <AdithyaBhat17/jwt-auth-demo>
2020-09-06 19:47:51,973 (repo_cloner ) [DEBUG] 	* Successfully cloned <AdithyaBhat17/online-store-app>
2020-09-06 19:47:52,984 (repo_cloner ) [DEBUG] 	* Successfully cloned <AdithyaBhat17/react-redux-blog>
2020-09-06 19:47:56,024 (repo_cloner ) [DEBUG] 	* Successfully cloned <AdithyaBhat17/yelpcamp>
2020-09-06 19:47:58,286 (repo_cloner ) [DEBUG] 	* Successfully cloned <AdityaGupta150/Ludo-The_Game>
2020-09-06 19:48:11,344 (repo_cloner ) [DEBUG] 	* Successfully cloned <AdmiringWorm/chocolatey-packages>
2020-09-06 19:48:12,499 (repo_cloner ) [DEBUG] 	* Successfully cloned <Ajunboys/virwork_api>
2020-09-06 19:48:13,565 (repo_cloner ) [DEBUG] 	* Successfully cloned <Akronae/Proteus>
2020-09-06 19:48:17,381 (repo_cloner ) [DEBUG] 	* Successfully cloned <Albert221/Glance>
2020-09-06 19:48:17,381 (repo_cloner ) [INFO] Finished cloning 50/2208 repositories...
2020-09-06 19:48:18,608 (repo_cloner ) [DEBUG] 	* Successfully cloned <AlbertoVf/Timer>
2020-09-06 19:48:28,789 (repo_cloner ) [DEBUG] 	* Successfully cloned <Alimentalos/Backend>
2020-09-06 19:49:02,112 (repo_cloner ) [DEBUG] 	* Successfully cloned <AlkemyLLC/Alkemy>
2020-09-06 19:49:03,058 (repo_cloner ) [DEBUG] 	* Successfully cloned <AlokSinghKumar/mini-C-Compiler>
2020-09-06 19:49:08,729 (repo_cloner ) [DEBUG] 	* Successfully cloned <AmazeeLabs/silverback>
2020-09-06 19:49:22,670 (repo_cloner ) [DEBUG] 	* Successfully cloned <AndrewDaws/dotfiles>
2020-09-06 19:49:24,204 (repo_cloner ) [DEBUG] 	* Successfully cloned <Android-Boot-Manager/App>
2020-09-06 19:49:25,302 (repo_cloner ) [DEBUG] 	* Successfully cloned <Android-Boot-Manager/Scripts>
2020-09-06 19:49:28,633 (repo_cloner ) [DEBUG] 	* Successfully cloned <Andzas/Alexis-old>
2020-09-06 19:49:29,391 (repo_cloner ) [DEBUG] 	* Successfully cloned <AnikHasibul/bing>
2020-09-06 19:49:30,252 (repo_cloner ) [DEBUG] 	* Successfully cloned <AntaeusNar/SKIDL>
2020-09-06 19:49:31,359 (repo_cloner ) [DEBUG] 	* Successfully cloned <Apol0x/react-video-search>
2020-09-06 19:49:33,645 (repo_cloner ) [DEBUG] 	* Successfully cloned <ArcBlock/arcblock-android-sdk>
2020-09-06 19:49:36,261 (repo_cloner ) [DEBUG] 	* Successfully cloned <ArcBlock/arcblock-ios-sdk>
2020-09-06 19:49:37,471 (repo_cloner ) [DEBUG] 	* Successfully cloned <ArcBlock/ex-abci>
2020-09-06 19:49:40,805 (repo_cloner ) [DEBUG] 	* Successfully cloned <ArcBlock/ocap-javascript-sdk>
2020-09-06 19:49:43,252 (repo_cloner ) [DEBUG] 	* Successfully cloned <ArcBlock/ocap-rpc>
2020-09-06 19:49:44,821 (repo_cloner ) [DEBUG] 	* Successfully cloned <Armitage35/facebook-event-tracker>
2020-09-06 19:49:47,761 (repo_cloner ) [DEBUG] 	* Successfully cloned <Armitage35/fuzzy-roadmap>
2020-09-06 19:49:52,478 (repo_cloner ) [DEBUG] 	* Successfully cloned <Armitage35/portfolio>
2020-09-06 19:49:53,259 (repo_cloner ) [DEBUG] 	* Successfully cloned <Ashokrayal/NLP-with-Python>
2020-09-06 19:50:05,629 (repo_cloner ) [DEBUG] 	* Successfully cloned <Ashton-Sidhu/aethos>
2020-09-06 19:50:16,663 (repo_cloner ) [DEBUG] 	* Successfully cloned <AstrideUG/BedWars>
2020-09-06 19:50:24,188 (repo_cloner ) [DEBUG] 	* Successfully cloned <AstrideUG/Coupons>
2020-09-06 19:50:37,740 (repo_cloner ) [DEBUG] 	* Successfully cloned <AstrideUG/GunGame>
2020-09-06 19:50:39,011 (repo_cloner ) [DEBUG] 	* Successfully cloned <AstrideUG/Lootbox>
2020-09-06 19:50:53,797 (repo_cloner ) [DEBUG] 	* Successfully cloned <AstrideUG/MC-Data>
2020-09-06 19:50:56,416 (repo_cloner ) [DEBUG] 	* Successfully cloned <AstrideUG/SpaceCloud>
2020-09-06 20:01:00,942 (repo_cloner ) [DEBUG] 	* Successfully cloned <AugurProject/augur>
2020-09-06 20:01:02,231 (repo_cloner ) [DEBUG] 	* Successfully cloned <AutoSiliconeHoses/SMS>
2020-09-06 20:01:03,655 (repo_cloner ) [DEBUG] 	* Successfully cloned <Azukee/Eris>
2020-09-06 20:01:04,832 (repo_cloner ) [DEBUG] 	* Successfully cloned <Band900/Flutter_ble_0.1>
2020-09-06 20:01:05,962 (repo_cloner ) [DEBUG] 	* Successfully cloned <Band900/flutter-build-android>
2020-09-06 20:01:07,341 (repo_cloner ) [DEBUG] 	* Successfully cloned <Band900/node-jenkins-docker-cubernates>
2020-09-06 20:01:08,409 (repo_cloner ) [DEBUG] 	* Successfully cloned <BanterBoy/test-theme>
2020-09-06 20:01:10,222 (repo_cloner ) [DEBUG] 	* Successfully cloned <Bantr/API>
2020-09-06 20:01:29,762 (repo_cloner ) [ERROR] 	* Unexpected <class '_pygit2.GitError'> (GitError) for <Bantr/Koyi>! cannot checkout to invalid path 'src/faceit/tapes/GET/-/hubs/6f63b115-f45e-42b7-88ef-2a96714cd5e1/matches?type=past&offset=0&limit=50&limit=100.json5'
2020-09-06 20:01:31,741 (repo_cloner ) [DEBUG] 	* Successfully cloned <Bantr/Lib>
2020-09-06 20:01:36,877 (repo_cloner ) [DEBUG] 	* Successfully cloned <Bantr/Spawn>
2020-09-06 20:01:38,263 (repo_cloner ) [DEBUG] 	* Successfully cloned <Base24/Base24.github.io>
2020-09-06 20:01:39,277 (repo_cloner ) [DEBUG] 	* Successfully cloned <Base24/base24>
2020-09-06 20:01:40,559 (repo_cloner ) [DEBUG] 	* Successfully cloned <Berkmann18/tvt-split>
2020-09-06 20:01:41,939 (repo_cloner ) [DEBUG] 	* Successfully cloned <Beyond-Engine/Beyond-Game-Engine>
2020-09-06 20:01:43,055 (repo_cloner ) [DEBUG] 	* Successfully cloned <Beyond-Engine/functions>
2020-09-06 20:01:44,205 (repo_cloner ) [DEBUG] 	* Successfully cloned <BlasGlobalCode/Lebenslauf-Curiculum-Vitae->
2020-09-06 20:01:45,077 (repo_cloner ) [DEBUG] 	* Successfully cloned <BlasGlobalCode/Pattern>
2020-09-06 20:02:36,856 (repo_cloner ) [DEBUG] 	* Successfully cloned <Blaud/EduJetPlayer>
2020-09-06 20:02:39,127 (repo_cloner ) [DEBUG] 	* Successfully cloned <BosEriko/dotfiles>
2020-09-06 20:02:40,879 (repo_cloner ) [DEBUG] 	* Successfully cloned <BosEriko/history>
2020-09-06 20:02:41,797 (repo_cloner ) [DEBUG] 	* Successfully cloned <BullOak/BullOak.Repositories.EntityFramework>
2020-09-06 20:02:41,797 (repo_cloner ) [INFO] Finished cloning 100/2208 repositories...
2020-09-06 20:02:43,913 (repo_cloner ) [DEBUG] 	* Successfully cloned <BullOak/BullOak.Repositories.EventStore>
2020-09-06 20:02:45,173 (repo_cloner ) [DEBUG] 	* Successfully cloned <C-Fergus/C-Fergus.github.io>
2020-09-06 20:03:53,192 (repo_cloner ) [DEBUG] 	* Successfully cloned <CCOSTAN/Home-AssistantConfig>
2020-09-06 20:03:56,940 (repo_cloner ) [DEBUG] 	* Successfully cloned <CassandraSpruit/Vivi>
2020-09-06 20:03:59,354 (repo_cloner ) [DEBUG] 	* Successfully cloned <CassandraSpruit/Vivi-Typescript>
2020-09-06 20:04:00,846 (repo_cloner ) [DEBUG] 	* Successfully cloned <CassandraSpruit/Vulcan>
2020-09-06 20:04:02,828 (repo_cloner ) [DEBUG] 	* Successfully cloned <CassandraSpruit/Zephyr>
2020-09-06 20:04:04,036 (repo_cloner ) [DEBUG] 	* Successfully cloned <CassandraSpruit/citrus-launcher>
2020-09-06 20:04:15,065 (repo_cloner ) [DEBUG] 	* Successfully cloned <Cassiobsk8/Industrial_Renewal>
2020-09-06 20:04:18,124 (repo_cloner ) [DEBUG] 	* Successfully cloned <CatChen/traceurl-web>
2020-09-06 20:04:18,917 (repo_cloner ) [DEBUG] 	* Successfully cloned <ChrisChinchilla/One-Day-the-World-Ended-Generator>
2020-09-06 20:05:21,345 (repo_cloner ) [DEBUG] 	* Successfully cloned <ChrisChinchilla/chrischinchilla.com>
2020-09-06 20:05:26,432 (repo_cloner ) [DEBUG] 	* Successfully cloned <ChristophWurst/weinstein_server>
2020-09-06 20:05:27,700 (repo_cloner ) [DEBUG] 	* Successfully cloned <Ciphey/CipheyCore>
2020-09-06 20:05:32,100 (repo_cloner ) [DEBUG] 	* Successfully cloned <Ciphey/CipheyDocs>
2020-09-06 20:05:33,116 (repo_cloner ) [DEBUG] 	* Successfully cloned <CodelyTV/csharp-finder_refactoring-kata>
2020-09-06 20:05:34,393 (repo_cloner ) [DEBUG] 	* Successfully cloned <CodelyTV/jetbrains-theme>
2020-09-06 20:05:36,562 (repo_cloner ) [DEBUG] 	* Successfully cloned <CodelyTV/php-ddd-skeleton>
2020-09-06 20:05:37,771 (repo_cloner ) [DEBUG] 	* Successfully cloned <CoderAstrid/ATL-WTL>
2020-09-06 20:05:41,593 (repo_cloner ) [DEBUG] 	* Successfully cloned <CoderAstrid/django_tutorial>
2020-09-06 20:05:43,981 (repo_cloner ) [DEBUG] 	* Successfully cloned <CoditEU/microservices-with-azure-api-management-webinar>
2020-09-06 20:05:45,223 (repo_cloner ) [DEBUG] 	* Successfully cloned <CrabBucket/AngularGameProject>
2020-09-06 20:06:09,660 (repo_cloner ) [DEBUG] 	* Successfully cloned <Craos/smart.supervisor>
2020-09-06 20:06:25,666 (repo_cloner ) [DEBUG] 	* Successfully cloned <CrisisCleanup/crisiscleanup-3-web>
2020-09-06 20:06:27,630 (repo_cloner ) [DEBUG] 	* Successfully cloned <CrispyBacon1999/nxgrid>
2020-09-06 20:06:28,889 (repo_cloner ) [DEBUG] 	* Successfully cloned <Csellers15/Android-Conversion-Calculator>
2020-09-06 20:06:29,975 (repo_cloner ) [DEBUG] 	* Successfully cloned <Cyber-Defense-Legion/keyvo>
2020-09-06 20:06:31,058 (repo_cloner ) [DEBUG] 	* Successfully cloned <DCjoe/demo-cloud>
2020-09-06 20:06:34,548 (repo_cloner ) [DEBUG] 	* Successfully cloned <DU-Scholar/Scholar-official-Page>
2020-09-06 20:06:36,172 (repo_cloner ) [DEBUG] 	* Successfully cloned <DU-Scholar/github_tutorial>
2020-09-06 20:06:39,838 (repo_cloner ) [DEBUG] 	* Successfully cloned <DalhousieSpaceSystemsLab/CubeSat-Camera-Interface>
2020-09-06 20:06:41,561 (repo_cloner ) [DEBUG] 	* Successfully cloned <DalhousieSpaceSystemsLab/CubeSat-GPS>
2020-09-06 20:06:42,464 (repo_cloner ) [DEBUG] 	* Successfully cloned <Dance-Engineer/Neo4jTracy>
2020-09-06 20:06:55,287 (repo_cloner ) [DEBUG] 	* Successfully cloned <DanielCender/CST-235>
2020-09-06 20:07:01,751 (repo_cloner ) [DEBUG] 	* Successfully cloned <DanielCender/CST-235-CLC>
2020-09-06 20:07:07,938 (repo_cloner ) [DEBUG] 	* Successfully cloned <DanielCender/CST-341-O500-CLC>
2020-09-06 20:07:09,606 (repo_cloner ) [DEBUG] 	* Successfully cloned <DannyvdSluijs/exact-online-api-client-dev-tools>
2020-09-06 20:07:12,289 (repo_cloner ) [DEBUG] 	* Successfully cloned <DeflatedPickle/BugMagic>
2020-09-06 20:07:13,678 (repo_cloner ) [DEBUG] 	* Successfully cloned <DeflatedPickle/Hanger-chan>
2020-09-06 20:07:15,069 (repo_cloner ) [DEBUG] 	* Successfully cloned <DeflatedPickle/HeartDrops>
2020-09-06 20:07:18,442 (repo_cloner ) [DEBUG] 	* Successfully cloned <DeflatedPickle/NeoTextureEdit>
2020-09-06 20:07:19,893 (repo_cloner ) [DEBUG] 	* Successfully cloned <DeflatedPickle/Quiver>
2020-09-06 20:07:21,657 (repo_cloner ) [DEBUG] 	* Successfully cloned <DeflatedPickle/Rawky>
2020-09-06 20:07:22,632 (repo_cloner ) [DEBUG] 	* Successfully cloned <DeflatedPickle/Yohane>
2020-09-06 20:07:23,487 (repo_cloner ) [DEBUG] 	* Successfully cloned <DeflatedPickle/antlr-concurnas>
2020-09-06 20:07:24,585 (repo_cloner ) [DEBUG] 	* Successfully cloned <DeflatedPickle/ducknroll>
2020-09-06 20:07:25,816 (repo_cloner ) [DEBUG] 	* Successfully cloned <DeflatedPickle/haruhi>
2020-09-06 20:07:26,924 (repo_cloner ) [DEBUG] 	* Successfully cloned <DeflatedPickle/intellij-concurnas>
2020-09-06 20:07:27,858 (repo_cloner ) [DEBUG] 	* Successfully cloned <DeflatedPickle/marvin>
2020-09-06 20:07:29,165 (repo_cloner ) [DEBUG] 	* Successfully cloned <DeflatedPickle/tosuto>
2020-09-06 20:07:29,165 (repo_cloner ) [INFO] Finished cloning 150/2208 repositories...
2020-09-06 20:07:30,082 (repo_cloner ) [DEBUG] 	* Successfully cloned <DeflatedPickle/vuq>
2020-09-06 20:07:36,248 (repo_cloner ) [DEBUG] 	* Successfully cloned <DesktopGooseUnofficial/launcher>
2020-09-06 20:07:37,419 (repo_cloner ) [DEBUG] 	* Successfully cloned <DidoMarchet/utils-dido-streaming>
2020-09-06 20:07:39,331 (repo_cloner ) [DEBUG] 	* Successfully cloned <DreamMer2408/Askingshop>
2020-09-06 20:07:40,331 (repo_cloner ) [DEBUG] 	* Successfully cloned <DreamMer2408/happyMall>
2020-09-06 20:07:41,207 (repo_cloner ) [DEBUG] 	* Successfully cloned <DustRaven/Listard>
2020-09-06 20:09:30,086 (repo_cloner ) [DEBUG] 	* Successfully cloned <Dysoch/DyWorld>
2020-09-06 20:09:31,243 (repo_cloner ) [DEBUG] 	* Successfully cloned <ECCIUCRLQ/sensores-gisso>
2020-09-06 20:09:34,095 (repo_cloner ) [DEBUG] 	* Successfully cloned <ECCIUCRLQ/sensores-poffis>
2020-09-06 20:09:35,253 (repo_cloner ) [DEBUG] 	* Successfully cloned <ECCIUCRLQ/sensores-whitenoise>
2020-09-06 20:09:36,627 (repo_cloner ) [DEBUG] 	* Successfully cloned <EINDEX/leetcode-spider-go>
2020-09-06 20:09:37,795 (repo_cloner ) [DEBUG] 	* Successfully cloned <EVNotify/AuthorizationService>
2020-09-06 20:09:40,469 (repo_cloner ) [DEBUG] 	* Successfully cloned <EVNotify/EVNotify>
2020-09-06 20:09:41,337 (repo_cloner ) [DEBUG] 	* Successfully cloned <EVNotify/LogService>
2020-09-06 20:09:42,241 (repo_cloner ) [DEBUG] 	* Successfully cloned <EVNotify/NotificationService>
2020-09-06 20:09:43,206 (repo_cloner ) [DEBUG] 	* Successfully cloned <EVNotify/PnP-Updater>
2020-09-06 20:09:44,158 (repo_cloner ) [DEBUG] 	* Successfully cloned <EVNotify/SyncService>
2020-09-06 20:11:18,634 (repo_cloner ) [DEBUG] 	* Successfully cloned <EagleoutIce/LILLY>
2020-09-06 20:11:21,444 (repo_cloner ) [DEBUG] 	* Successfully cloned <Eeems/oxide>
2020-09-06 20:11:25,393 (repo_cloner ) [DEBUG] 	* Successfully cloned <Eeems/oxidize>
2020-09-06 20:11:29,724 (repo_cloner ) [DEBUG] 	* Successfully cloned <EosBandi/OSDeluxe>
2020-09-06 20:11:30,649 (repo_cloner ) [DEBUG] 	* Successfully cloned <EosBandi/RacPluginTensionerStat>
2020-09-06 20:11:31,809 (repo_cloner ) [DEBUG] 	* Successfully cloned <ErichDonGubler/overcomplicated-echo-server-rs>
2020-09-06 20:11:33,517 (repo_cloner ) [DEBUG] 	* Successfully cloned <Ernix94/portfolio>
2020-09-06 20:12:25,949 (repo_cloner ) [DEBUG] 	* Successfully cloned <F-S-C/Emotionally>
2020-09-06 20:12:26,842 (repo_cloner ) [DEBUG] 	* Successfully cloned <FHPythonUtils/MiniEncoding>
2020-09-06 20:12:29,678 (repo_cloner ) [DEBUG] 	* Successfully cloned <FRickReich/historyday>
2020-09-06 20:12:32,729 (repo_cloner ) [DEBUG] 	* Successfully cloned <FRickReich/widestsite>
2020-09-06 20:12:33,886 (repo_cloner ) [DEBUG] 	* Successfully cloned <FakeSend/Ncurses-DungeonCrawler>
2020-09-06 20:12:38,272 (repo_cloner ) [DEBUG] 	* Successfully cloned <Fancy11111/API-SPA-Showcase>
2020-09-06 20:12:40,778 (repo_cloner ) [DEBUG] 	* Successfully cloned <Fancy11111/webcomponents-lib>
2020-09-06 20:16:09,277 (repo_cloner ) [DEBUG] 	* Successfully cloned <Fellowship-of-the-Bus/Draconia-Unity>
2020-09-06 20:16:40,882 (repo_cloner ) [DEBUG] 	* Successfully cloned <FightPandemics/FightPandemics>
2020-09-06 20:16:58,691 (repo_cloner ) [DEBUG] 	* Successfully cloned <FightPandemics/FightPandemics-android>
2020-09-06 20:17:06,798 (repo_cloner ) [DEBUG] 	* Successfully cloned <FightPandemics/FightPandemics-iOS>
2020-09-06 20:17:18,097 (repo_cloner ) [DEBUG] 	* Successfully cloned <FilipMalczak/glue-d>
2020-09-06 20:18:35,611 (repo_cloner ) [ERROR] 	* Unexpected <class '_pygit2.GitError'> (GitError) for <Flor91/AWS-Cloud-Practices>! cannot checkout to invalid path 'Icon'
2020-09-06 20:18:39,067 (repo_cloner ) [DEBUG] 	* Successfully cloned <Flor91/dot-files>
2020-09-06 20:18:43,197 (repo_cloner ) [DEBUG] 	* Successfully cloned <Flor91/jetbrains-python-academy>
2020-09-06 20:18:45,079 (repo_cloner ) [DEBUG] 	* Successfully cloned <FredHappyface/.github>
2020-09-06 20:18:47,594 (repo_cloner ) [DEBUG] 	* Successfully cloned <FredHappyface/Python.NFFontPatcher>
2020-09-06 20:18:50,506 (repo_cloner ) [DEBUG] 	* Successfully cloned <GDG-GANDHINAGAR/devfest-organizer-app>
2020-09-06 20:18:55,636 (repo_cloner ) [DEBUG] 	* Successfully cloned <Gagandeep39/angular-employee-maintenance-app>
2020-09-06 20:18:57,141 (repo_cloner ) [DEBUG] 	* Successfully cloned <Gagandeep39/spring-crm-rest-demo>
2020-09-06 20:20:26,634 (repo_cloner ) [DEBUG] 	* Successfully cloned <GameCult/Aetheria-Economy>
2020-09-06 20:20:33,741 (repo_cloner ) [DEBUG] 	* Successfully cloned <GetOccasion/occasion-sdk-js>
2020-09-06 20:20:45,729 (repo_cloner ) [DEBUG] 	* Successfully cloned <GetOccasion/occsn-checkout>
2020-09-06 20:23:10,795 (repo_cloner ) [DEBUG] 	* Successfully cloned <Giddius/Additions_for_Antistasi>
2020-09-06 20:23:19,533 (repo_cloner ) [DEBUG] 	* Successfully cloned <GideonLeGrange/HeliORM>
2020-09-06 20:23:19,533 (repo_cloner ) [INFO] Finished cloning 200/2208 repositories...
2020-09-06 20:23:22,562 (repo_cloner ) [DEBUG] 	* Successfully cloned <GideonLeGrange/java-yaml-config>
2020-09-06 20:24:07,559 (repo_cloner ) [DEBUG] 	* Successfully cloned <Godson777/KekBotSharp>
2020-09-06 20:24:09,221 (repo_cloner ) [DEBUG] 	* Successfully cloned <GoodPods/goodpods>
2020-09-06 20:24:12,086 (repo_cloner ) [DEBUG] 	* Successfully cloned <Gopinath001/Rinku-Frontend>
2020-09-06 20:24:13,349 (repo_cloner ) [DEBUG] 	* Successfully cloned <GradyCongdon/clocks>
2020-09-06 20:24:36,686 (repo_cloner ) [DEBUG] 	* Successfully cloned <GradyCongdon/gradycongdon.github.io>
2020-09-06 20:24:45,728 (repo_cloner ) [DEBUG] 	* Successfully cloned <Growstuff/growstuff>
2020-09-06 20:26:54,573 (repo_cloner ) [DEBUG] 	* Successfully cloned <HALLODEERE/yikes_i_fell>
2020-09-06 20:26:56,428 (repo_cloner ) [DEBUG] 	* Successfully cloned <HackSoc/philmnight>
2020-09-06 20:26:57,239 (repo_cloner ) [DEBUG] 	* Successfully cloned <HanntoHAN/Dockerfiles>
2020-09-06 20:26:58,674 (repo_cloner ) [DEBUG] 	* Successfully cloned <HolisticWare/HolisticWare.Core.Math.Discrete.GraphTheory>
2020-09-06 20:26:59,951 (repo_cloner ) [DEBUG] 	* Successfully cloned <HolisticWare/HolisticWare.Core.Math.Statistics.Inferential.Sequential>
2020-09-06 20:27:01,266 (repo_cloner ) [DEBUG] 	* Successfully cloned <HsuanTingLu/ansi-escape>
2020-09-06 20:27:04,258 (repo_cloner ) [DEBUG] 	* Successfully cloned <HsuanTingLu/fmindex>
2020-09-06 20:27:05,250 (repo_cloner ) [DEBUG] 	* Successfully cloned <HsuanTingLu/homebrew-utils>
2020-09-06 20:27:06,489 (repo_cloner ) [DEBUG] 	* Successfully cloned <HsuanTingLu/pbar>
2020-09-06 20:29:14,231 (repo_cloner ) [DEBUG] 	* Successfully cloned <HughParsonage/grattan>
2020-09-06 20:29:20,239 (repo_cloner ) [DEBUG] 	* Successfully cloned <ImageWare/TLSential>
2020-09-06 20:29:21,370 (repo_cloner ) [DEBUG] 	* Successfully cloned <ImedAdel/attrcss>
2020-09-06 20:29:23,386 (repo_cloner ) [DEBUG] 	* Successfully cloned <ImedAdel/imedadel.me>
2020-09-06 20:29:57,385 (repo_cloner ) [DEBUG] 	* Successfully cloned <ImpressCMS/impresscms>
2020-09-06 20:29:58,731 (repo_cloner ) [DEBUG] 	* Successfully cloned <IsaiahByDayah/cra-typescript>
2020-09-06 20:30:02,280 (repo_cloner ) [DEBUG] 	* Successfully cloned <IshanManchanda/DankBot>
2020-09-06 20:30:41,103 (repo_cloner ) [DEBUG] 	* Successfully cloned <IshanManchanda/digits>
2020-09-06 20:30:42,370 (repo_cloner ) [DEBUG] 	* Successfully cloned <IshanManchanda/dj-bootstrap-components>
2020-09-06 20:30:43,516 (repo_cloner ) [DEBUG] 	* Successfully cloned <JaanJah/AutoClicker>
2020-09-06 20:30:44,578 (repo_cloner ) [DEBUG] 	* Successfully cloned <JaanJah/C-sharp-tris>
2020-09-06 20:30:47,703 (repo_cloner ) [DEBUG] 	* Successfully cloned <JaanJah/HWMonitor>
2020-09-06 20:30:48,878 (repo_cloner ) [DEBUG] 	* Successfully cloned <JaanJah/NotesFragment>
2020-09-06 20:30:49,689 (repo_cloner ) [DEBUG] 	* Successfully cloned <JaanJah/RBB>
2020-09-06 20:30:50,543 (repo_cloner ) [DEBUG] 	* Successfully cloned <JaanJah/elixir-shenanigans>
2020-09-06 20:30:51,470 (repo_cloner ) [DEBUG] 	* Successfully cloned <JaanJah/elixir-table-creator>
2020-09-06 20:30:52,375 (repo_cloner ) [DEBUG] 	* Successfully cloned <JaanJah/filesystem-cli>
2020-09-06 20:30:53,525 (repo_cloner ) [DEBUG] 	* Successfully cloned <JaanJah/login-graphql>
2020-09-06 20:30:54,598 (repo_cloner ) [DEBUG] 	* Successfully cloned <Jack5079/dogeminer-2-cheats>
2020-09-06 20:30:55,427 (repo_cloner ) [DEBUG] 	* Successfully cloned <Jack5079/nightcore-generator>
2020-09-06 20:30:56,645 (repo_cloner ) [DEBUG] 	* Successfully cloned <JackDTaylor/dpr>
2020-09-06 20:30:57,586 (repo_cloner ) [DEBUG] 	* Successfully cloned <Jacksole/Artificial-Intelligence>
2020-09-06 20:30:58,472 (repo_cloner ) [DEBUG] 	* Successfully cloned <Jacksole/Python_Tweepy>
2020-09-06 20:30:59,401 (repo_cloner ) [DEBUG] 	* Successfully cloned <Jacksole/Q-Learning>
2020-09-06 20:31:00,318 (repo_cloner ) [DEBUG] 	* Successfully cloned <Jacksole/RosettaCode>
2020-09-06 20:31:08,167 (repo_cloner ) [DEBUG] 	* Successfully cloned <Jacksole/Word_Count>
2020-09-06 20:31:09,821 (repo_cloner ) [DEBUG] 	* Successfully cloned <Jacksole/learning_Linux>
2020-09-06 20:31:11,166 (repo_cloner ) [DEBUG] 	* Successfully cloned <Jaeyoung-Lim/mav_hilbertmap_planning>
2020-09-06 20:31:13,000 (repo_cloner ) [DEBUG] 	* Successfully cloned <Jaeyoung-Lim/mavros_swarm>
2020-09-06 20:31:15,606 (repo_cloner ) [DEBUG] 	* Successfully cloned <JairEscamilla/Algoritmos-a-fondo>
2020-09-06 20:31:17,217 (repo_cloner ) [DEBUG] 	* Successfully cloned <JairEscamilla/EDOS>
2020-09-06 20:31:19,637 (repo_cloner ) [DEBUG] 	* Successfully cloned <JairEscamilla/online-store>
2020-09-06 20:31:33,036 (repo_cloner ) [DEBUG] 	* Successfully cloned <JanaJarecki/RRC>
2020-09-06 20:31:47,084 (repo_cloner ) [DEBUG] 	* Successfully cloned <JanaJarecki/cognitivemodels>
2020-09-06 20:31:47,084 (repo_cloner ) [INFO] Finished cloning 250/2208 repositories...
2020-09-06 20:31:49,423 (repo_cloner ) [DEBUG] 	* Successfully cloned <JaneJeon/objection-authorize>
2020-09-06 20:31:50,824 (repo_cloner ) [DEBUG] 	* Successfully cloned <JasonEtco/ci-reporter>
2020-09-06 20:31:51,877 (repo_cloner ) [DEBUG] 	* Successfully cloned <JasonEtco/failing-repo>
2020-09-06 20:31:54,813 (repo_cloner ) [DEBUG] 	* Successfully cloned <JasonEtco/todo>
2020-09-06 20:31:55,814 (repo_cloner ) [DEBUG] 	* Successfully cloned <JayWiz/demoCetaTest>
2020-09-06 20:32:30,678 (repo_cloner ) [DEBUG] 	* Successfully cloned <Jeff-Tian/doc-rotary>
2020-09-06 20:32:31,718 (repo_cloner ) [DEBUG] 	* Successfully cloned <Jeff-Tian/keycloak-services-social-weixin>
2020-09-06 20:32:32,514 (repo_cloner ) [DEBUG] 	* Successfully cloned <Jeff-Tian/newton>
2020-09-06 20:32:33,390 (repo_cloner ) [DEBUG] 	* Successfully cloned <Jeff-Tian/perceptron>
2020-09-06 20:32:36,520 (repo_cloner ) [DEBUG] 	* Successfully cloned <JennerChen/zq-blog>
2020-09-06 20:35:06,533 (repo_cloner ) [DEBUG] 	* Successfully cloned <JobCore/api>
2020-09-06 20:35:13,048 (repo_cloner ) [DEBUG] 	* Successfully cloned <JobCore/employer-web-client>
2020-09-06 20:35:15,598 (repo_cloner ) [DEBUG] 	* Successfully cloned <JohnMushatt/DongBoyAdvance-DBA>
2020-09-06 20:35:39,898 (repo_cloner ) [DEBUG] 	* Successfully cloned <JoinColony/colonyDapp>
2020-09-06 20:35:40,707 (repo_cloner ) [DEBUG] 	* Successfully cloned <JoshuaCrocker/JRedis>
2020-09-06 20:35:41,625 (repo_cloner ) [DEBUG] 	* Successfully cloned <JoshuaCrocker/ParsifalCollege>
2020-09-06 20:35:44,109 (repo_cloner ) [DEBUG] 	* Successfully cloned <JoshuaCrocker/PoolStats>
2020-09-06 20:35:49,091 (repo_cloner ) [DEBUG] 	* Successfully cloned <KOMORG/hobbied-be>
2020-09-06 20:35:58,400 (repo_cloner ) [DEBUG] 	* Successfully cloned <Kanaries/Rath>
2020-09-06 20:35:59,662 (repo_cloner ) [DEBUG] 	* Successfully cloned <Kanaries/data-explaining-tool>
2020-09-06 20:36:02,125 (repo_cloner ) [DEBUG] 	* Successfully cloned <Kanaries/visual-insights>
2020-09-06 20:36:03,102 (repo_cloner ) [DEBUG] 	* Successfully cloned <KazuwoKiwame12/book_store_app_api>
2020-09-06 20:36:04,127 (repo_cloner ) [DEBUG] 	* Successfully cloned <KepAlex-404/OOP_Alex_Gryshyn>
2020-09-06 20:36:12,641 (repo_cloner ) [DEBUG] 	* Successfully cloned <KepAlex-404/Project_KL>
2020-09-06 20:36:14,635 (repo_cloner ) [DEBUG] 	* Successfully cloned <Kibibit/announce-it>
2020-09-06 20:36:16,291 (repo_cloner ) [DEBUG] 	* Successfully cloned <Kibibit/tdd1t>
2020-09-06 20:36:17,134 (repo_cloner ) [DEBUG] 	* Successfully cloned <KoStard/TrackAndTraceLuxMonitor>
2020-09-06 20:36:35,390 (repo_cloner ) [DEBUG] 	* Successfully cloned <KomodoPlatform/antara-gaming-sdk>
2020-09-06 20:36:50,864 (repo_cloner ) [DEBUG] 	* Successfully cloned <KomodoPlatform/atomicDEX-Pro>
2020-09-06 20:36:57,501 (repo_cloner ) [DEBUG] 	* Successfully cloned <KomodoPlatform/dPoW>
2020-09-06 20:36:58,704 (repo_cloner ) [DEBUG] 	* Successfully cloned <Kotlin-Discord/api>
2020-09-06 20:37:00,055 (repo_cloner ) [DEBUG] 	* Successfully cloned <Kotlin-Discord/bot>
2020-09-06 20:37:01,168 (repo_cloner ) [DEBUG] 	* Successfully cloned <Kotlin-Discord/database>
2020-09-06 20:37:02,717 (repo_cloner ) [DEBUG] 	* Successfully cloned <Kotlin-Discord/site>
2020-09-06 20:37:03,609 (repo_cloner ) [DEBUG] 	* Successfully cloned <Krityug/BanX>
2020-09-06 20:37:04,786 (repo_cloner ) [DEBUG] 	* Successfully cloned <Krityug/TownyPlus>
2020-09-06 20:39:00,481 (repo_cloner ) [DEBUG] 	* Successfully cloned <Krypton-Suite-Legacy/Krypton-NET-5.400>
2020-09-06 20:41:28,397 (repo_cloner ) [DEBUG] 	* Successfully cloned <Krypton-Suite-Legacy/Krypton-NET-5.450>
2020-09-06 20:44:04,147 (repo_cloner ) [DEBUG] 	* Successfully cloned <Krypton-Suite-Legacy/Krypton-NET-5.451>
2020-09-06 20:46:10,142 (repo_cloner ) [DEBUG] 	* Successfully cloned <Krypton-Suite-Legacy/Krypton-NET-5.452>
2020-09-06 20:47:16,813 (repo_cloner ) [DEBUG] 	* Successfully cloned <Krypton-Suite-Legacy/Krypton-NET-5.460>
2020-09-06 20:48:36,959 (repo_cloner ) [DEBUG] 	* Successfully cloned <Krypton-Suite-Legacy/Krypton-NET-5.461>
2020-09-06 20:49:52,701 (repo_cloner ) [DEBUG] 	* Successfully cloned <Krypton-Suite-Legacy/Krypton-NET-5.462>
2020-09-06 20:55:04,017 (repo_cloner ) [DEBUG] 	* Successfully cloned <Krypton-Suite-Legacy/Krypton-NET-5.470>
2020-09-06 20:57:23,795 (repo_cloner ) [DEBUG] 	* Successfully cloned <Krypton-Suite-Legacy/Krypton-NET-5.471>
2020-09-06 20:59:24,386 (repo_cloner ) [DEBUG] 	* Successfully cloned <Krypton-Suite-Legacy/Krypton-NET-5.472>
2020-09-06 21:01:12,117 (repo_cloner ) [DEBUG] 	* Successfully cloned <Krypton-Suite-Legacy/Krypton-NET-5.480>
2020-09-06 21:02:01,600 (repo_cloner ) [DEBUG] 	* Successfully cloned <Krypton-Suite-Legacy/Krypton-Toolkit-Suite-Extended-NET>
2020-09-06 21:03:53,366 (repo_cloner ) [DEBUG] 	* Successfully cloned <Krypton-Suite-Legacy/Krypton-Toolkit-Suite-Extended-NET-5.470>
2020-09-06 21:05:42,144 (repo_cloner ) [DEBUG] 	* Successfully cloned <Krypton-Suite-Legacy/Krypton-Toolkit-Suite-NET-Core>
2020-09-06 21:05:42,144 (repo_cloner ) [INFO] Finished cloning 300/2208 repositories...
2020-09-06 21:05:51,858 (repo_cloner ) [DEBUG] 	* Successfully cloned <Krypton-Suite/Standard-Toolkit>
2020-09-06 21:05:57,372 (repo_cloner ) [DEBUG] 	* Successfully cloned <KunoichiZ/acnl-modding-info>
2020-09-06 21:05:58,709 (repo_cloner ) [DEBUG] 	* Successfully cloned <L4B0MB4/Teacrypt>
2020-09-06 21:06:08,855 (repo_cloner ) [DEBUG] 	* Successfully cloned <LFMAKER/InventoryAnalytics>
2020-09-06 21:06:16,085 (repo_cloner ) [DEBUG] 	* Successfully cloned <LREN-CHUV/woken>
2020-09-06 21:06:26,630 (repo_cloner ) [DEBUG] 	* Successfully cloned <Laravel-Backpack/Base>
2020-09-06 21:07:04,653 (repo_cloner ) [DEBUG] 	* Successfully cloned <Laravel-Backpack/CRUD>
2020-09-06 21:07:06,367 (repo_cloner ) [DEBUG] 	* Successfully cloned <Laravel-Backpack/Generators>
2020-09-06 21:07:46,992 (repo_cloner ) [DEBUG] 	* Successfully cloned <Laravel-Backpack/demo>
2020-09-06 21:07:49,252 (repo_cloner ) [DEBUG] 	* Successfully cloned <Laravel-Backpack/docs>
2020-09-06 21:07:50,101 (repo_cloner ) [DEBUG] 	* Successfully cloned <Laravel-Backpack/ideas>
2020-09-06 21:07:52,133 (repo_cloner ) [DEBUG] 	* Successfully cloned <LartyHD/Minecraft-Classic>
2020-09-06 21:07:54,379 (repo_cloner ) [DEBUG] 	* Successfully cloned <LaurentDardenne/PSMap>
2020-09-06 21:07:59,484 (repo_cloner ) [DEBUG] 	* Successfully cloned <Lenkelheit/Software-Design>
2020-09-06 21:08:00,441 (repo_cloner ) [DEBUG] 	* Successfully cloned <LesleyLai/Vulkan-Compute>
2020-09-06 21:08:15,830 (repo_cloner ) [DEBUG] 	* Successfully cloned <LesleyLai/Vulkan-Renderer>
2020-09-06 21:08:16,724 (repo_cloner ) [DEBUG] 	* Successfully cloned <LesleyLai/algorithm-w>
2020-09-06 21:08:18,118 (repo_cloner ) [DEBUG] 	* Successfully cloned <LesleyLai/comment-server>
2020-09-06 21:08:21,556 (repo_cloner ) [DEBUG] 	* Successfully cloned <Liam-Deacon/metapandas>
2020-09-06 21:08:22,635 (repo_cloner ) [DEBUG] 	* Successfully cloned <Liszt21/.spacemacs.d>
2020-09-06 21:08:23,874 (repo_cloner ) [DEBUG] 	* Successfully cloned <Liszt21/AlgorithmNote>
2020-09-06 21:08:34,972 (repo_cloner ) [DEBUG] 	* Successfully cloned <LividaST/bot>
2020-09-06 21:08:35,960 (repo_cloner ) [DEBUG] 	* Successfully cloned <LordOfPolls/GameEngine>
2020-09-06 21:08:42,297 (repo_cloner ) [DEBUG] 	* Successfully cloned <LordOfPolls/Rule34-Downloader>
2020-09-06 21:08:43,820 (repo_cloner ) [DEBUG] 	* Successfully cloned <LukasDrsman/todocli>
2020-09-06 21:08:46,248 (repo_cloner ) [DEBUG] 	* Successfully cloned <ME380-3YDP/StewartPlatform_Arduino>
2020-09-06 21:08:47,999 (repo_cloner ) [DEBUG] 	* Successfully cloned <MH4SH/MyServer>
2020-09-06 21:08:49,210 (repo_cloner ) [DEBUG] 	* Successfully cloned <MH4SH/MyServer_Listen>
2020-09-06 21:09:01,499 (repo_cloner ) [DEBUG] 	* Successfully cloned <MadeByEmil/Pigmeat>
2020-09-06 21:09:03,224 (repo_cloner ) [DEBUG] 	* Successfully cloned <MadeByEmil/deck>
2020-09-06 21:09:09,695 (repo_cloner ) [DEBUG] 	* Successfully cloned <MalyshevValery/WSI_Analysis>
2020-09-06 21:09:12,922 (repo_cloner ) [DEBUG] 	* Successfully cloned <Manu1400/eslint-plugin-emmanuel>
2020-09-06 21:09:45,574 (repo_cloner ) [DEBUG] 	* Successfully cloned <MarianoVilla/Alpha.Utilidades>
2020-09-06 21:09:53,527 (repo_cloner ) [DEBUG] 	* Successfully cloned <MarianoVilla/Covid.CoronavirusInfo>
2020-09-06 21:10:09,751 (repo_cloner ) [DEBUG] 	* Successfully cloned <MarianoVilla/MercadoYa>
2020-09-06 21:10:14,232 (repo_cloner ) [DEBUG] 	* Successfully cloned <Marsgames/GearHelper>
2020-09-06 21:10:17,108 (repo_cloner ) [DEBUG] 	* Successfully cloned <Marsgames/RayTracer>
2020-09-06 21:10:17,917 (repo_cloner ) [DEBUG] 	* Successfully cloned <MartinKokesCz/wp5-oop1>
2020-09-06 21:10:22,252 (repo_cloner ) [DEBUG] 	* Successfully cloned <Marzogh/SPIMemory>
2020-09-06 21:10:23,329 (repo_cloner ) [DEBUG] 	* Successfully cloned <MasMas-js/MasMas.js>
2020-09-06 21:10:24,279 (repo_cloner ) [DEBUG] 	* Successfully cloned <MaveriQ/lmu_hca>
2020-09-06 21:10:26,822 (repo_cloner ) [DEBUG] 	* Successfully cloned <Maydisease/racoon-note-app>
2020-09-06 21:10:29,931 (repo_cloner ) [DEBUG] 	* Successfully cloned <Maydisease/racoon-note-electron>
2020-09-06 21:10:30,828 (repo_cloner ) [DEBUG] 	* Successfully cloned <Me-Momo/leetcode>
2020-09-06 21:10:32,354 (repo_cloner ) [DEBUG] 	* Successfully cloned <MegatonHammer/linkle>
2020-09-06 21:10:33,278 (repo_cloner ) [DEBUG] 	* Successfully cloned <Merovex/Writing-Data>
2020-09-06 21:10:50,547 (repo_cloner ) [DEBUG] 	* Successfully cloned <Met4FoF/Met4FoF-SmartUpUnit>
2020-09-06 21:10:55,720 (repo_cloner ) [DEBUG] 	* Successfully cloned <MetaFam/TheGame>
2020-09-06 21:10:57,009 (repo_cloner ) [DEBUG] 	* Successfully cloned <MikeSperone/music_notes>
2020-09-06 21:13:56,444 (repo_cloner ) [DEBUG] 	* Successfully cloned <MikeSperone/soundbridge>
2020-09-06 21:13:56,444 (repo_cloner ) [INFO] Finished cloning 350/2208 repositories...
2020-09-06 21:13:58,527 (repo_cloner ) [DEBUG] 	* Successfully cloned <Mikibot/Miki.Discord>
2020-09-06 21:14:00,338 (repo_cloner ) [DEBUG] 	* Successfully cloned <Mikibot/Miki.Framework>
2020-09-06 21:14:09,887 (repo_cloner ) [DEBUG] 	* Successfully cloned <Mikibot/bot>
2020-09-06 21:14:11,478 (repo_cloner ) [DEBUG] 	* Successfully cloned <Mikibot/bot-translations>
2020-09-06 21:14:16,634 (repo_cloner ) [DEBUG] 	* Successfully cloned <Mikibot/yagami>
2020-09-06 21:14:17,683 (repo_cloner ) [DEBUG] 	* Successfully cloned <Milerius/komodo-playground>
2020-09-06 21:14:21,372 (repo_cloner ) [DEBUG] 	* Successfully cloned <Milerius/nephtys>
2020-09-06 21:14:25,498 (repo_cloner ) [DEBUG] 	* Successfully cloned <MindFlavor/AzureSDKForRust>
2020-09-06 21:14:30,921 (repo_cloner ) [DEBUG] 	* Successfully cloned <MissAllSunday/Breeze>
2020-09-06 21:14:32,025 (repo_cloner ) [DEBUG] 	* Successfully cloned <MisterMelDev/EasierBackup>
2020-09-06 21:14:33,732 (repo_cloner ) [DEBUG] 	* Successfully cloned <MohammedAlimoor/native_progress_hud>
2020-09-06 21:14:35,315 (repo_cloner ) [DEBUG] 	* Successfully cloned <MonoMotion/Trainer>
2020-09-06 21:14:37,043 (repo_cloner ) [DEBUG] 	* Successfully cloned <MonoMotion/flom>
2020-09-06 21:14:38,268 (repo_cloner ) [DEBUG] 	* Successfully cloned <MonoMotion/flom-py>
2020-09-06 21:14:39,881 (repo_cloner ) [DEBUG] 	* Successfully cloned <MonoMotion/servoarray>
2020-09-06 21:14:41,196 (repo_cloner ) [DEBUG] 	* Successfully cloned <MoonSHRD/TokenSale>
2020-09-06 21:14:45,186 (repo_cloner ) [DEBUG] 	* Successfully cloned <MoonSHRD/Web3wallet>
2020-09-06 21:14:54,546 (repo_cloner ) [DEBUG] 	* Successfully cloned <MoonSHRD/desktop_client>
2020-09-06 21:14:56,327 (repo_cloner ) [DEBUG] 	* Successfully cloned <MoonSHRD/moonshrd.github.io>
2020-09-06 21:14:57,776 (repo_cloner ) [DEBUG] 	* Successfully cloned <MoonSHRD/p2chat>
2020-09-06 21:14:58,987 (repo_cloner ) [DEBUG] 	* Successfully cloned <MoonSHRD/p2chat-android>
2020-09-06 21:15:00,330 (repo_cloner ) [DEBUG] 	* Successfully cloned <MoonSHRD/proxy>
2020-09-06 21:15:21,446 (repo_cloner ) [DEBUG] 	* Successfully cloned <MoonSHRD/react-native-app>
2020-09-06 21:15:22,405 (repo_cloner ) [DEBUG] 	* Successfully cloned <MoonSHRD/shortify>
2020-09-06 21:15:23,812 (repo_cloner ) [DEBUG] 	* Successfully cloned <MoonSHRD/sonis>
2020-09-06 21:15:25,286 (repo_cloner ) [DEBUG] 	* Successfully cloned <MoonSHRD/web-client>
2020-09-06 21:15:30,055 (repo_cloner ) [DEBUG] 	* Successfully cloned <MrStanDu33/Inference-Engine-Manager>
2020-09-06 21:15:31,152 (repo_cloner ) [DEBUG] 	* Successfully cloned <MrStanDu33/LesVedettes>
2020-09-06 21:15:32,312 (repo_cloner ) [DEBUG] 	* Successfully cloned <NXTB0T/deno>
2020-09-06 21:15:34,537 (repo_cloner ) [DEBUG] 	* Successfully cloned <NXTB0T/node>
2020-09-06 21:15:35,575 (repo_cloner ) [DEBUG] 	* Successfully cloned <Nereare/Template>
2020-09-06 21:15:41,455 (repo_cloner ) [DEBUG] 	* Successfully cloned <NiaOrg/NiaPy>
2020-09-06 21:15:57,829 (repo_cloner ) [DEBUG] 	* Successfully cloned <NillerMedDild/Enigmatica2Expert>
2020-09-06 21:16:03,590 (repo_cloner ) [DEBUG] 	* Successfully cloned <NillerMedDild/Enigmatica2Light>
2020-09-06 21:16:12,424 (repo_cloner ) [DEBUG] 	* Successfully cloned <NillerMedDild/Scientia>
2020-09-06 21:16:16,829 (repo_cloner ) [DEBUG] 	* Successfully cloned <NillerMedDild/StudentAdministrationSystem>
2020-09-06 21:16:18,452 (repo_cloner ) [DEBUG] 	* Successfully cloned <Noituri/Andora>
2020-09-06 21:16:20,116 (repo_cloner ) [DEBUG] 	* Successfully cloned <Noituri/UtterBot>
2020-09-06 21:16:21,097 (repo_cloner ) [DEBUG] 	* Successfully cloned <Noituri/YggdrasilLang>
2020-09-06 21:16:22,651 (repo_cloner ) [DEBUG] 	* Successfully cloned <Noituri/dots>
2020-09-06 21:16:23,854 (repo_cloner ) [DEBUG] 	* Successfully cloned <Noituri/novum-lang>
2020-09-06 21:17:02,581 (repo_cloner ) [DEBUG] 	* Successfully cloned <OGordon100/DailyMailPredictor>
2020-09-06 21:17:03,830 (repo_cloner ) [DEBUG] 	* Successfully cloned <OGordon100/nOmicron>
2020-09-06 21:17:07,373 (repo_cloner ) [DEBUG] 	* Successfully cloned <OGordon100/pyRabani>
2020-09-06 21:17:10,297 (repo_cloner ) [DEBUG] 	* Successfully cloned <OberdanBrito/firebase.verticals.providers>
2020-09-06 21:17:12,664 (repo_cloner ) [DEBUG] 	* Successfully cloned <Obsinqsob01/Quetzaan>
2020-09-06 21:17:13,994 (repo_cloner ) [DEBUG] 	* Successfully cloned <OceanEx/thor-contract-verify>
2020-09-06 21:17:17,577 (repo_cloner ) [DEBUG] 	* Successfully cloned <OmegaRogue/Informatik4>
2020-09-06 21:17:18,558 (repo_cloner ) [DEBUG] 	* Successfully cloned <OwenCalvin/TSD>
2020-09-06 21:17:19,777 (repo_cloner ) [DEBUG] 	* Successfully cloned <OwenCalvin/deco>
2020-09-06 21:17:19,777 (repo_cloner ) [INFO] Finished cloning 400/2208 repositories...
2020-09-06 21:17:20,895 (repo_cloner ) [DEBUG] 	* Successfully cloned <OwenCalvin/hand-drawing-swift-metal>
2020-09-06 21:17:21,992 (repo_cloner ) [DEBUG] 	* Successfully cloned <PH9/.dotfiles>
2020-09-06 21:17:23,210 (repo_cloner ) [DEBUG] 	* Successfully cloned <PH9/BPPhotoPicker>
2020-09-06 21:17:24,621 (repo_cloner ) [DEBUG] 	* Successfully cloned <PH9/GitHub-Users>
2020-09-06 21:17:25,587 (repo_cloner ) [DEBUG] 	* Successfully cloned <PH9/fastlane-plugin-line_message>
2020-09-06 21:17:27,190 (repo_cloner ) [DEBUG] 	* Successfully cloned <PH9/ios-meetup>
2020-09-06 21:17:33,434 (repo_cloner ) [DEBUG] 	* Successfully cloned <PHLAK/chriskankiewicz.com>
2020-09-06 21:17:34,422 (repo_cloner ) [DEBUG] 	* Successfully cloned <PHLAK/restic-init>
2020-09-06 21:17:35,344 (repo_cloner ) [DEBUG] 	* Successfully cloned <Pairin/styleguides>
2020-09-06 21:18:32,944 (repo_cloner ) [DEBUG] 	* Successfully cloned <PastorD/bintel>
2020-09-06 21:18:34,212 (repo_cloner ) [DEBUG] 	* Successfully cloned <PatMyron/advent-of-code>
2020-09-06 21:18:35,334 (repo_cloner ) [DEBUG] 	* Successfully cloned <Patrolin/maths>
2020-09-06 21:18:36,892 (repo_cloner ) [DEBUG] 	* Successfully cloned <Patrolin/qPact>
2020-09-06 21:18:37,917 (repo_cloner ) [DEBUG] 	* Successfully cloned <Patrolin/room>
2020-09-06 21:18:38,736 (repo_cloner ) [DEBUG] 	* Successfully cloned <Pawper/Testing-Workflow>
2020-09-06 21:18:39,559 (repo_cloner ) [DEBUG] 	* Successfully cloned <Pawper/hello-world>
2020-09-06 21:18:40,537 (repo_cloner ) [DEBUG] 	* Successfully cloned <Pegasus-01/basic-NodeJS-operations>
2020-09-06 21:19:09,023 (repo_cloner ) [DEBUG] 	* Successfully cloned <PirateNetwork/PirateOcean>
2020-09-06 21:19:12,939 (repo_cloner ) [DEBUG] 	* Successfully cloned <Pogify/pogify>
2020-09-06 21:19:15,145 (repo_cloner ) [DEBUG] 	* Successfully cloned <PongoEngine/famuz>
2020-09-06 21:19:16,723 (repo_cloner ) [DEBUG] 	* Successfully cloned <PongoEngine/neptune>
2020-09-06 21:19:17,935 (repo_cloner ) [ERROR] 	* Unexpected <class '_pygit2.GitError'> (GitError) for <Prakyathkantharaju/sokobanAI>! cannot checkout to invalid path '\'
2020-09-06 21:19:20,242 (repo_cloner ) [DEBUG] 	* Successfully cloned <PreMiD/API>
2020-09-06 21:19:22,282 (repo_cloner ) [DEBUG] 	* Successfully cloned <PreMiD/Discord-Bot>
2020-09-06 21:19:24,176 (repo_cloner ) [DEBUG] 	* Successfully cloned <PreMiD/Linux>
2020-09-06 21:19:44,201 (repo_cloner ) [DEBUG] 	* Successfully cloned <PreMiD/Presences>
2020-09-06 21:19:55,800 (repo_cloner ) [DEBUG] 	* Successfully cloned <PreMiD/Website>
2020-09-06 21:19:57,176 (repo_cloner ) [DEBUG] 	* Successfully cloned <Project-Rigel/Backend>
2020-09-06 21:20:00,398 (repo_cloner ) [DEBUG] 	* Successfully cloned <Project-Rigel/business-app>
2020-09-06 21:20:02,378 (repo_cloner ) [DEBUG] 	* Successfully cloned <Project-Rigel/user-app>
2020-09-06 21:20:03,251 (repo_cloner ) [DEBUG] 	* Successfully cloned <Puyodead1/DiscordBotCLI>
2020-09-06 21:20:04,222 (repo_cloner ) [DEBUG] 	* Successfully cloned <Puyodead1/EnchantCrystals>
2020-09-06 21:20:05,851 (repo_cloner ) [DEBUG] 	* Successfully cloned <Puyodead1/RandomDupe>
2020-09-06 21:20:06,935 (repo_cloner ) [DEBUG] 	* Successfully cloned <Puyodead1/RandomHeal>
2020-09-06 21:20:07,918 (repo_cloner ) [DEBUG] 	* Successfully cloned <Puyodead1/Tags>
2020-09-06 21:20:08,932 (repo_cloner ) [DEBUG] 	* Successfully cloned <PvdBerg1998/futures-executor>
2020-09-06 21:20:10,010 (repo_cloner ) [DEBUG] 	* Successfully cloned <PvdBerg1998/libfido2>
2020-09-06 21:20:12,465 (repo_cloner ) [DEBUG] 	* Successfully cloned <PxyUp/Revact>
2020-09-06 21:20:14,031 (repo_cloner ) [DEBUG] 	* Successfully cloned <PxyUp/Telegram_graph>
2020-09-06 21:20:14,881 (repo_cloner ) [DEBUG] 	* Successfully cloned <PxyUp/nearest-point-for-polygon>
2020-09-06 21:20:15,852 (repo_cloner ) [DEBUG] 	* Successfully cloned <Py-Lambdas/slitherton>
2020-09-06 21:20:17,436 (repo_cloner ) [DEBUG] 	* Successfully cloned <QAQddbest/Course-selected-System>
2020-09-06 21:20:19,949 (repo_cloner ) [DEBUG] 	* Successfully cloned <QAQddbest/JFXDemo>
2020-09-06 21:20:21,333 (repo_cloner ) [DEBUG] 	* Successfully cloned <QAQddbest/LexicalAndParsing>
2020-09-06 21:20:22,484 (repo_cloner ) [DEBUG] 	* Successfully cloned <QAQddbest/piggy>
2020-09-06 21:20:31,361 (repo_cloner ) [DEBUG] 	* Successfully cloned <QUT-Motorsport/QUTMS_ConfigApp>
2020-09-06 21:20:32,521 (repo_cloner ) [DEBUG] 	* Successfully cloned <Quammsrl/quamm-client-javascript>
2020-09-06 21:20:33,615 (repo_cloner ) [DEBUG] 	* Successfully cloned <Quammsrl/quamm-client-vue>
2020-09-06 21:20:36,130 (repo_cloner ) [DEBUG] 	* Successfully cloned <Quansight/qhub>
2020-09-06 21:20:39,945 (repo_cloner ) [DEBUG] 	* Successfully cloned <RITesports/Website>
2020-09-06 21:20:39,945 (repo_cloner ) [INFO] Finished cloning 450/2208 repositories...
2020-09-06 21:22:15,110 (repo_cloner ) [DEBUG] 	* Successfully cloned <Radarr/Radarr>
2020-09-06 21:22:16,638 (repo_cloner ) [DEBUG] 	* Successfully cloned <Raffaello/sdl2-vga-terminal>
2020-09-06 21:22:17,971 (repo_cloner ) [DEBUG] 	* Successfully cloned <Rawnly/UnsplashAPIClient>
2020-09-06 21:22:18,866 (repo_cloner ) [DEBUG] 	* Successfully cloned <Rawnly/csk>
2020-09-06 21:22:19,676 (repo_cloner ) [DEBUG] 	* Successfully cloned <Rawnly/imgur-node>
2020-09-06 21:22:20,864 (repo_cloner ) [DEBUG] 	* Successfully cloned <Rawnly/spring-crud-jwt>
2020-09-06 21:22:21,950 (repo_cloner ) [DEBUG] 	* Successfully cloned <Rayraegah/vuex-lite>
2020-09-06 21:22:23,722 (repo_cloner ) [DEBUG] 	* Successfully cloned <RebeccaStevens/purity-optimizer>
2020-09-06 21:22:29,991 (repo_cloner ) [DEBUG] 	* Successfully cloned <RedGuys/RedNetWorker>
2020-09-06 21:22:31,167 (repo_cloner ) [DEBUG] 	* Successfully cloned <RedHotChiliBots/FRC4453_2019_VISION>
2020-09-06 21:22:32,368 (repo_cloner ) [DEBUG] 	* Successfully cloned <Richienb/basea>
2020-09-06 21:22:34,131 (repo_cloner ) [DEBUG] 	* Successfully cloned <Richienb/devbed>
2020-09-06 21:22:35,064 (repo_cloner ) [DEBUG] 	* Successfully cloned <Richienb/es6-observable>
2020-09-06 21:22:42,252 (repo_cloner ) [DEBUG] 	* Successfully cloned <Richienb/esm-lint>
2020-09-06 21:22:43,479 (repo_cloner ) [DEBUG] 	* Successfully cloned <Richienb/git-files>
2020-09-06 21:22:44,335 (repo_cloner ) [DEBUG] 	* Successfully cloned <Richienb/google-search-sitemap-updater>
2020-09-06 21:22:45,205 (repo_cloner ) [DEBUG] 	* Successfully cloned <Richienb/got-jsonp>
2020-09-06 21:22:46,062 (repo_cloner ) [DEBUG] 	* Successfully cloned <Richienb/got-xml>
2020-09-06 21:22:46,924 (repo_cloner ) [DEBUG] 	* Successfully cloned <Richienb/hypixie>
2020-09-06 21:22:49,999 (repo_cloner ) [DEBUG] 	* Successfully cloned <Richienb/iplocation>
2020-09-06 21:22:50,903 (repo_cloner ) [DEBUG] 	* Successfully cloned <Richienb/iplocation-cli>
2020-09-06 21:22:51,777 (repo_cloner ) [DEBUG] 	* Successfully cloned <Richienb/p-observable>
2020-09-06 21:22:52,645 (repo_cloner ) [DEBUG] 	* Successfully cloned <Richienb/puquery>
2020-09-06 21:22:53,506 (repo_cloner ) [DEBUG] 	* Successfully cloned <Richienb/ros-countdown>
2020-09-06 21:22:54,891 (repo_cloner ) [DEBUG] 	* Successfully cloned <Richienb/ros-css-styles-toolkit>
2020-09-06 21:22:56,126 (repo_cloner ) [DEBUG] 	* Successfully cloned <Richienb/ros-data-waster>
2020-09-06 21:22:57,030 (repo_cloner ) [DEBUG] 	* Successfully cloned <Richienb/ros-domain-verification>
2020-09-06 21:22:58,026 (repo_cloner ) [DEBUG] 	* Successfully cloned <Richienb/sentencecase-keys>
2020-09-06 21:22:59,073 (repo_cloner ) [DEBUG] 	* Successfully cloned <Richienb/sha1-file>
2020-09-06 21:22:59,829 (repo_cloner ) [DEBUG] 	* Successfully cloned <Richienb/simple-mdc-quickstart>
2020-09-06 21:23:00,723 (repo_cloner ) [DEBUG] 	* Successfully cloned <Richienb/slothpixel>
2020-09-06 21:23:01,617 (repo_cloner ) [DEBUG] 	* Successfully cloned <Richienb/unwrap-jsonp>
2020-09-06 21:23:02,665 (repo_cloner ) [DEBUG] 	* Successfully cloned <Riscue/pytorch-cifar10>
2020-09-06 21:23:03,638 (repo_cloner ) [DEBUG] 	* Successfully cloned <Rixafy/Routing>
2020-09-06 21:23:04,764 (repo_cloner ) [DEBUG] 	* Successfully cloned <RobAWilkinson/flour-water-salt-yeast>
2020-09-06 21:23:05,718 (repo_cloner ) [DEBUG] 	* Successfully cloned <RobotJesse/stunning-doodle>
2020-09-06 21:27:24,111 (repo_cloner ) [DEBUG] 	* Successfully cloned <RubenDebusscher/DoctorwhofansBE>
2020-09-06 21:27:25,276 (repo_cloner ) [DEBUG] 	* Successfully cloned <RubenZx/EDNL>
2020-09-06 21:27:27,528 (repo_cloner ) [DEBUG] 	* Successfully cloned <RubenZx/the-rick-and-morty-app>
2020-09-06 21:27:28,730 (repo_cloner ) [DEBUG] 	* Successfully cloned <RubyHuynh/Study_C>
2020-09-06 21:27:31,921 (repo_cloner ) [DEBUG] 	* Successfully cloned <RubyHuynh/Study_CPP>
2020-09-06 21:27:34,692 (repo_cloner ) [DEBUG] 	* Successfully cloned <SalidaSegura/salida-segura-app>
2020-09-06 21:28:08,332 (repo_cloner ) [DEBUG] 	* Successfully cloned <SaltieRL/DistributedReplays>
2020-09-06 21:28:11,740 (repo_cloner ) [DEBUG] 	* Successfully cloned <SaltieRL/WebReplayViewer>
2020-09-06 21:29:43,764 (repo_cloner ) [DEBUG] 	* Successfully cloned <SaltieRL/carball>
2020-09-06 21:29:45,221 (repo_cloner ) [DEBUG] 	* Successfully cloned <SaltyMonkey/YetAnotherTeraDpsSite-backend>
2020-09-06 21:29:46,561 (repo_cloner ) [DEBUG] 	* Successfully cloned <SaltyMonkey/YetAnotherTeraDpsSite-frontend>
2020-09-06 21:29:47,410 (repo_cloner ) [DEBUG] 	* Successfully cloned <Sama34/Display-Usernames-Nicks-Plugin>
2020-09-06 21:29:48,550 (repo_cloner ) [DEBUG] 	* Successfully cloned <Sama34/OUGC-Custom-Reputation>
2020-09-06 21:29:50,387 (repo_cloner ) [DEBUG] 	* Successfully cloned <SamyBencherif/ncknge>
2020-09-06 21:29:50,387 (repo_cloner ) [INFO] Finished cloning 500/2208 repositories...
2020-09-06 21:29:51,596 (repo_cloner ) [DEBUG] 	* Successfully cloned <SandroAlmeidaDev/gostack-desafio-reactjs-crud>
2020-09-06 21:29:52,623 (repo_cloner ) [DEBUG] 	* Successfully cloned <Sazzo/SazzNotifier>
2020-09-06 21:30:03,086 (repo_cloner ) [DEBUG] 	* Successfully cloned <Schiller40/ozone-next>
2020-09-06 21:30:04,641 (repo_cloner ) [DEBUG] 	* Successfully cloned <Schiller40/superzone>
2020-09-06 21:30:05,861 (repo_cloner ) [DEBUG] 	* Successfully cloned <Seluj78/42PyChecker>
2020-09-06 21:30:07,084 (repo_cloner ) [DEBUG] 	* Successfully cloned <Seluj78/IntraPy>
2020-09-06 21:30:09,650 (repo_cloner ) [DEBUG] 	* Successfully cloned <Seluj78/PyMatcha>
2020-09-06 21:30:12,724 (repo_cloner ) [DEBUG] 	* Successfully cloned <Seluj78/juleslasne>
2020-09-06 21:30:14,043 (repo_cloner ) [DEBUG] 	* Successfully cloned <Seluj78/libft>
2020-09-06 21:30:17,319 (repo_cloner ) [DEBUG] 	* Successfully cloned <SergiiButenko/automated_system>
2020-09-06 21:30:18,905 (repo_cloner ) [DEBUG] 	* Successfully cloned <Shashank3736/captcha-canvas>
2020-09-06 21:30:19,762 (repo_cloner ) [DEBUG] 	* Successfully cloned <ShaswatLenka/node_projects>
2020-09-06 21:30:21,086 (repo_cloner ) [DEBUG] 	* Successfully cloned <Shinigami072/Compilers-LogoInterpreter>
2020-09-06 21:30:22,394 (repo_cloner ) [DEBUG] 	* Successfully cloned <Shinigami072/Design-Studio-Trafic-Flow-Ninja>
2020-09-06 21:30:25,187 (repo_cloner ) [DEBUG] 	* Successfully cloned <ShipyardSuite/auth>
2020-09-06 21:30:26,268 (repo_cloner ) [DEBUG] 	* Successfully cloned <ShipyardSuite/connection>
2020-09-06 21:30:28,754 (repo_cloner ) [DEBUG] 	* Successfully cloned <ShipyardSuite/dashboard>
2020-09-06 21:30:31,965 (repo_cloner ) [DEBUG] 	* Successfully cloned <ShipyardSuite/homepage>
2020-09-06 21:30:33,334 (repo_cloner ) [DEBUG] 	* Successfully cloned <ShipyardSuite/i18nManager>
2020-09-06 21:30:34,584 (repo_cloner ) [DEBUG] 	* Successfully cloned <ShipyardSuite/status>
2020-09-06 21:30:36,496 (repo_cloner ) [DEBUG] 	* Successfully cloned <ShipyardSuite/user>
2020-09-06 21:30:41,553 (repo_cloner ) [DEBUG] 	* Successfully cloned <Silly-Goose-Software/event-sauced-ts-postgresql>
2020-09-06 21:30:43,423 (repo_cloner ) [DEBUG] 	* Successfully cloned <SketchingDev/Doodle-Dashboard>
2020-09-06 21:30:44,921 (repo_cloner ) [DEBUG] 	* Successfully cloned <SketchingDev/ServerlessRealtimeReporter>
2020-09-06 21:30:46,262 (repo_cloner ) [DEBUG] 	* Successfully cloned <Skeyelab/gdax_bot>
2020-09-06 21:30:47,226 (repo_cloner ) [DEBUG] 	* Successfully cloned <Skydragonsz/Megumin>
2020-09-06 21:30:48,234 (repo_cloner ) [DEBUG] 	* Successfully cloned <Skydragonsz/SADBOYS-bot>
2020-09-06 21:30:49,466 (repo_cloner ) [DEBUG] 	* Successfully cloned <Skydragonsz/cordova-plugin-document-scanner>
2020-09-06 21:30:51,076 (repo_cloner ) [DEBUG] 	* Successfully cloned <Skydragonsz/testing-repo>
2020-09-06 21:30:51,897 (repo_cloner ) [DEBUG] 	* Successfully cloned <Skyge/Erc20>
2020-09-06 21:30:52,712 (repo_cloner ) [DEBUG] 	* Successfully cloned <SmallRoomLabs/schm>
2020-09-06 21:31:22,959 (repo_cloner ) [DEBUG] 	* Successfully cloned <SocialGouv/code-du-travail-backoffice>
2020-09-06 21:31:25,875 (repo_cloner ) [DEBUG] 	* Successfully cloned <SocialGouv/monitorer>
2020-09-06 21:31:29,848 (repo_cloner ) [DEBUG] 	* Successfully cloned <SockTrader/SockTrader>
2020-09-06 21:34:05,131 (repo_cloner ) [DEBUG] 	* Successfully cloned <SparkAppStudio/WorkWeek>
2020-09-06 21:34:06,041 (repo_cloner ) [DEBUG] 	* Successfully cloned <Sperryfreak01/RadarrSync>
2020-09-06 21:34:43,288 (repo_cloner ) [DEBUG] 	* Successfully cloned <SpongePowered/SpongeCommon>
2020-09-06 21:34:44,200 (repo_cloner ) [DEBUG] 	* Successfully cloned <SpoonX/boards-preset-default>
2020-09-06 21:35:46,459 (repo_cloner ) [DEBUG] 	* Successfully cloned <StarExec/StarExec>
2020-09-06 21:35:47,809 (repo_cloner ) [DEBUG] 	* Successfully cloned <StarGazerM/jindex>
2020-09-06 21:35:48,684 (repo_cloner ) [DEBUG] 	* Successfully cloned <StarGazerM/slog-example>
2020-09-06 21:35:49,921 (repo_cloner ) [DEBUG] 	* Successfully cloned <Stephen-Gates/data-quality-pattern>
2020-09-06 21:35:53,457 (repo_cloner ) [DEBUG] 	* Successfully cloned <Stephen-Gates/service-locations>
2020-09-06 21:36:02,273 (repo_cloner ) [DEBUG] 	* Successfully cloned <Storms-Engineering/SRBC>
2020-09-06 21:36:17,731 (repo_cloner ) [DEBUG] 	* Successfully cloned <StrixTech/openclinic>
2020-09-06 21:36:24,568 (repo_cloner ) [DEBUG] 	* Successfully cloned <Suckson/sucksonUI>
2020-09-06 21:36:25,589 (repo_cloner ) [DEBUG] 	* Successfully cloned <SwitchbladeBot/api>
2020-09-06 21:36:26,656 (repo_cloner ) [DEBUG] 	* Successfully cloned <SwitchbladeBot/auth-deprecated>
2020-09-06 21:36:27,758 (repo_cloner ) [DEBUG] 	* Successfully cloned <SwitchbladeBot/bot-list-poster>
2020-09-06 21:36:28,860 (repo_cloner ) [DEBUG] 	* Successfully cloned <SwitchbladeBot/id>
2020-09-06 21:36:28,861 (repo_cloner ) [INFO] Finished cloning 550/2208 repositories...
2020-09-06 21:36:30,267 (repo_cloner ) [DEBUG] 	* Successfully cloned <SwitchbladeBot/invidget>
2020-09-06 21:36:31,415 (repo_cloner ) [DEBUG] 	* Successfully cloned <SwitchbladeBot/music>
2020-09-06 21:36:32,377 (repo_cloner ) [DEBUG] 	* Successfully cloned <SwitchbladeBot/statistics-collector>
2020-09-06 21:36:39,919 (repo_cloner ) [DEBUG] 	* Successfully cloned <SwitchbladeBot/switchblade>
2020-09-06 21:36:40,947 (repo_cloner ) [DEBUG] 	* Successfully cloned <SwitchbladeBot/switchblade-next>
2020-09-06 21:36:49,073 (repo_cloner ) [DEBUG] 	* Successfully cloned <SymbiFlow/symbiflow-arch-defs>
2020-09-06 21:36:50,052 (repo_cloner ) [DEBUG] 	* Successfully cloned <Szauu/CSVReader>
2020-09-06 21:36:51,796 (repo_cloner ) [DEBUG] 	* Successfully cloned <Szauu/flowers_app>
2020-09-06 21:36:52,692 (repo_cloner ) [DEBUG] 	* Successfully cloned <TarunNanduri/goMicroServices>
2020-09-06 21:36:54,053 (repo_cloner ) [DEBUG] 	* Successfully cloned <TeamLapen/VampirismAddonExample>
2020-09-06 21:36:56,451 (repo_cloner ) [DEBUG] 	* Successfully cloned <TeamLapen/Werewolves>
2020-09-06 21:37:09,584 (repo_cloner ) [DEBUG] 	* Successfully cloned <Texart/Texart>
2020-09-06 21:37:10,579 (repo_cloner ) [DEBUG] 	* Successfully cloned <TheBdouilleur/Doomsday-Trainer>
2020-09-06 21:37:11,556 (repo_cloner ) [DEBUG] 	* Successfully cloned <TheBdouilleur/Typer>
2020-09-06 21:37:12,485 (repo_cloner ) [DEBUG] 	* Successfully cloned <TheBdouilleur/globangs>
2020-09-06 21:37:13,862 (repo_cloner ) [DEBUG] 	* Successfully cloned <TheBdouilleur2/jesite>
2020-09-06 21:37:17,104 (repo_cloner ) [DEBUG] 	* Successfully cloned <TheBusyBiscuit/CS-CoreLib2>
2020-09-06 21:37:18,177 (repo_cloner ) [DEBUG] 	* Successfully cloned <TheBusyBiscuit/MobCapturer>
2020-09-06 21:37:19,605 (repo_cloner ) [DEBUG] 	* Successfully cloned <TheComputerGenie/KMD-solo-mining>
2020-09-06 21:38:19,345 (repo_cloner ) [DEBUG] 	* Successfully cloned <TheGiriel/theWeaponMaster>
2020-09-06 21:38:20,940 (repo_cloner ) [DEBUG] 	* Successfully cloned <TheKevJames/challenges>
2020-09-06 21:38:21,952 (repo_cloner ) [DEBUG] 	* Successfully cloned <TheKevJames/ifttt>
2020-09-06 21:38:23,896 (repo_cloner ) [DEBUG] 	* Successfully cloned <TheKevJames/league>
2020-09-06 21:38:25,111 (repo_cloner ) [DEBUG] 	* Successfully cloned <TheKevJames/tidbits>
2020-09-06 21:39:02,529 (repo_cloner ) [DEBUG] 	* Successfully cloned <TheKevJames/web>
2020-09-06 21:39:03,599 (repo_cloner ) [DEBUG] 	* Successfully cloned <TheNeoCarvalho/agenda-java>
2020-09-06 21:39:08,165 (repo_cloner ) [DEBUG] 	* Successfully cloned <TheNeoCarvalho/delivery_flutter>
2020-09-06 21:39:09,213 (repo_cloner ) [DEBUG] 	* Successfully cloned <TheRedSpy15/Full-Tilt-Bash>
2020-09-06 21:39:10,523 (repo_cloner ) [DEBUG] 	* Successfully cloned <TheRedSpy15/Multi-Go>
2020-09-06 21:39:16,845 (repo_cloner ) [DEBUG] 	* Successfully cloned <Thomashighbaugh/Not-Another-Devlog>
2020-09-06 21:39:32,838 (repo_cloner ) [DEBUG] 	* Successfully cloned <Thomashighbaugh/awesomewm>
2020-09-06 21:39:43,981 (repo_cloner ) [DEBUG] 	* Successfully cloned <Thomashighbaugh/dotfiles>
2020-09-06 21:39:45,598 (repo_cloner ) [DEBUG] 	* Successfully cloned <Thomashighbaugh/dwm-electric-tantra>
2020-09-06 21:39:55,282 (repo_cloner ) [DEBUG] 	* Successfully cloned <Thomashighbaugh/firefox>
2020-09-06 21:40:17,523 (repo_cloner ) [DEBUG] 	* Successfully cloned <Thomashighbaugh/g5-Blog-CCLife>
2020-09-06 21:40:34,139 (repo_cloner ) [DEBUG] 	* Successfully cloned <Thomashighbaugh/qtile>
2020-09-06 21:40:35,658 (repo_cloner ) [DEBUG] 	* Successfully cloned <Thomashighbaugh/st-tlh>
2020-09-06 21:40:37,359 (repo_cloner ) [DEBUG] 	* Successfully cloned <Tiim/attendance-tracker>
2020-09-06 21:40:38,818 (repo_cloner ) [DEBUG] 	* Successfully cloned <TokTok/hs-toxcore-c>
2020-09-06 21:40:43,639 (repo_cloner ) [DEBUG] 	* Successfully cloned <TokTok/website>
2020-09-06 21:40:46,608 (repo_cloner ) [DEBUG] 	* Successfully cloned <Tokazama/StaticRanges.jl>
2020-09-06 21:40:47,477 (repo_cloner ) [DEBUG] 	* Successfully cloned <TomodomoCo/pcs-php>
2020-09-06 21:40:48,410 (repo_cloner ) [DEBUG] 	* Successfully cloned <TomodomoCo/wp-packages-installer>
2020-09-06 21:40:49,336 (repo_cloner ) [DEBUG] 	* Successfully cloned <TomodomoCo/wp-repeating-task-runner>
2020-09-06 21:40:53,547 (repo_cloner ) [DEBUG] 	* Successfully cloned <ToxWebsite/tox.chat>
2020-09-06 21:42:05,916 (repo_cloner ) [DEBUG] 	* Successfully cloned <TrapTeamCCNZ/webui>
2020-09-06 21:42:28,052 (repo_cloner ) [DEBUG] 	* Successfully cloned <TyronSamaroo/DataAnalytics>
2020-09-06 21:42:46,903 (repo_cloner ) [DEBUG] 	* Successfully cloned <TyronSamaroo/finding-lanes>
2020-09-06 21:42:50,230 (repo_cloner ) [DEBUG] 	* Successfully cloned <Unibeautify/beautifier-yapf>
2020-09-06 21:42:53,741 (repo_cloner ) [DEBUG] 	* Successfully cloned <Unibeautify/cli>
2020-09-06 21:42:53,741 (repo_cloner ) [INFO] Finished cloning 600/2208 repositories...
2020-09-06 21:42:55,492 (repo_cloner ) [DEBUG] 	* Successfully cloned <Unibeautify/ugly-samples>
2020-09-06 21:43:04,262 (repo_cloner ) [ERROR] 	* Unexpected <class '_pygit2.GitError'> (GitError) for <Unibeautify/website>! invalid path for filesystem 'D:/Repos/Unibeautify/website/.git/refs/remotes/origin/unibeautify-beta/unibeautify/unibeautify-beta/unibeautify/unibeautify-beta/unibeautify/unibeautify-beta/unibeautify/unibeautify-beta/unibeautify/unibeautify-beta/pull-request-244/push/push/push/push/push/push/push/push/push/push': The filename or extension is too long.

2020-09-06 21:43:05,140 (repo_cloner ) [DEBUG] 	* Successfully cloned <UnleashTheCode/needcla>
2020-09-06 21:43:06,361 (repo_cloner ) [DEBUG] 	* Successfully cloned <UnnamedGroup/uwuBot>
2020-09-06 21:46:00,878 (repo_cloner ) [DEBUG] 	* Successfully cloned <UrosOgrizovic/SimpleGoogleQuickdraw>
2020-09-06 21:46:04,095 (repo_cloner ) [DEBUG] 	* Successfully cloned <Vaggelis95/E-shop>
2020-09-06 21:46:06,361 (repo_cloner ) [DEBUG] 	* Successfully cloned <Vehmloewff/driza>
2020-09-06 21:46:09,879 (repo_cloner ) [DEBUG] 	* Successfully cloned <Verhuur-platform/Portaal-Standalone>
2020-09-06 21:46:12,328 (repo_cloner ) [DEBUG] 	* Successfully cloned <VisualSource/phaser-game>
2020-09-06 21:46:17,753 (repo_cloner ) [DEBUG] 	* Successfully cloned <Vl-Wouter/Redline>
2020-09-06 21:46:18,680 (repo_cloner ) [DEBUG] 	* Successfully cloned <VojislavM/tlv_murata>
2020-09-06 21:46:20,426 (repo_cloner ) [DEBUG] 	* Successfully cloned <VueDominicana/open-source>
2020-09-06 21:46:50,344 (repo_cloner ) [DEBUG] 	* Successfully cloned <WarriorBeat/WarriorBeatApp>
2020-09-06 21:46:53,386 (repo_cloner ) [DEBUG] 	* Successfully cloned <Waultics/CryptoBook>
2020-09-06 21:46:57,301 (repo_cloner ) [DEBUG] 	* Successfully cloned <WhiteAbeLincoln/salesforce-graphql>
2020-09-06 21:46:58,808 (repo_cloner ) [DEBUG] 	* Successfully cloned <Wintus/ansible-local>
2020-09-06 21:46:59,754 (repo_cloner ) [DEBUG] 	* Successfully cloned <Wintus/ansible-role-go-tools>
2020-09-06 21:47:00,805 (repo_cloner ) [DEBUG] 	* Successfully cloned <Wintus/ansible-role-rust-tools>
2020-09-06 21:47:02,541 (repo_cloner ) [DEBUG] 	* Successfully cloned <Wintus/lambda-edge-image-resize>
2020-09-06 21:47:35,910 (repo_cloner ) [DEBUG] 	* Successfully cloned <Woloja/Screen-Scroll-Module>
2020-09-06 21:47:39,078 (repo_cloner ) [DEBUG] 	* Successfully cloned <WormieCorp/Localization.AspNetCore.TagHelpers>
2020-09-06 21:47:45,999 (repo_cloner ) [DEBUG] 	* Successfully cloned <Wurmatron/Minecraft-Not-Included>
2020-09-06 21:47:47,569 (repo_cloner ) [DEBUG] 	* Successfully cloned <Wurmatron/Mining-Goggles>
2020-09-06 21:47:48,613 (repo_cloner ) [DEBUG] 	* Successfully cloned <Wurmatron/WurmUtils>
2020-09-06 21:47:49,744 (repo_cloner ) [DEBUG] 	* Successfully cloned <XiaocongDong/deact>
2020-09-06 21:47:50,856 (repo_cloner ) [DEBUG] 	* Successfully cloned <XiaocongDong/hair-saver>
2020-09-06 21:48:21,866 (repo_cloner ) [DEBUG] 	* Successfully cloned <Xyroh/WorstUrlShortener>
2020-09-06 21:48:22,953 (repo_cloner ) [DEBUG] 	* Successfully cloned <YAS-opensource/BookMan>
2020-09-06 21:48:24,309 (repo_cloner ) [DEBUG] 	* Successfully cloned <Yeseh/eslint-config-yeseh>
2020-09-06 21:48:26,918 (repo_cloner ) [DEBUG] 	* Successfully cloned <ZaninAndrea/flipcards-app>
2020-09-06 21:48:28,715 (repo_cloner ) [DEBUG] 	* Successfully cloned <Zeroshi/Docker-Swagger>
2020-09-06 21:48:30,398 (repo_cloner ) [DEBUG] 	* Successfully cloned <Zeroshi/Orleans.Template.Client>
2020-09-06 21:48:31,442 (repo_cloner ) [DEBUG] 	* Successfully cloned <Zeroshi/QueuePublisher>
2020-09-06 21:48:37,298 (repo_cloner ) [ERROR] 	* Unexpected <class '_pygit2.GitError'> (GitError) for <a-d-smith/ubcc1pi>! cannot checkout to invalid path 'aux/grid/generateGridSettings.py'
2020-09-06 21:48:56,492 (repo_cloner ) [DEBUG] 	* Successfully cloned <aashutoshrathi/Insta-Downloader-Extension>
2020-09-06 21:48:57,779 (repo_cloner ) [DEBUG] 	* Successfully cloned <aashutoshrathi/Jira-Todo>
2020-09-06 21:48:59,294 (repo_cloner ) [ERROR] 	* Unexpected <class '_pygit2.GitError'> (GitError) for <aashutoshrathi/competitive-programming>! cannot checkout to invalid path 'LeetCode/CountIsland[O(n*m)].cpp'
2020-09-06 21:49:04,119 (repo_cloner ) [DEBUG] 	* Successfully cloned <aawadall/Containerization>
2020-09-06 21:49:06,482 (repo_cloner ) [DEBUG] 	* Successfully cloned <aawadall/node-Google-Cloud-Function>
2020-09-06 21:49:09,083 (repo_cloner ) [DEBUG] 	* Successfully cloned <abhrp/foodnearme>
2020-09-06 21:49:10,280 (repo_cloner ) [DEBUG] 	* Successfully cloned <abhrp/quizzy>
2020-09-06 21:49:22,136 (repo_cloner ) [DEBUG] 	* Successfully cloned <accera-tech/solar-components>
2020-09-06 21:51:52,746 (repo_cloner ) [DEBUG] 	* Successfully cloned <acord-robotics/acord-robotics.github.io>
2020-09-06 22:19:57,722 (repo_cloner ) [DEBUG] 	* Successfully cloned <acord-robotics/stellarios>
2020-09-06 22:19:59,578 (repo_cloner ) [DEBUG] 	* Successfully cloned <adamnpeace/hw-template>
2020-09-06 22:20:00,548 (repo_cloner ) [DEBUG] 	* Successfully cloned <adamnpeace/local-name-server>
2020-09-06 22:20:01,655 (repo_cloner ) [DEBUG] 	* Successfully cloned <adao99/go-example-gui>
2020-09-06 22:20:10,223 (repo_cloner ) [DEBUG] 	* Successfully cloned <adrianjost/Curriculum-Vitae>
2020-09-06 22:20:13,641 (repo_cloner ) [DEBUG] 	* Successfully cloned <adrianjost/report-viewer>
2020-09-06 22:20:19,607 (repo_cloner ) [DEBUG] 	* Successfully cloned <aensley/sonar-teams-notifier>
2020-09-06 22:20:19,608 (repo_cloner ) [INFO] Finished cloning 650/2208 repositories...
2020-09-06 22:20:20,863 (repo_cloner ) [DEBUG] 	* Successfully cloned <aensley/turbo-broccoli>
2020-09-06 22:20:21,772 (repo_cloner ) [DEBUG] 	* Successfully cloned <aes421/OctoTalk>
2020-09-06 22:20:22,647 (repo_cloner ) [DEBUG] 	* Successfully cloned <afcuttin/memoclass>
2020-09-06 22:20:23,617 (repo_cloner ) [DEBUG] 	* Successfully cloned <afcuttin/todo-test>
2020-09-06 22:20:24,532 (repo_cloner ) [DEBUG] 	* Successfully cloned <afshawnlotfi/mouthsync>
2020-09-06 22:20:25,899 (repo_cloner ) [DEBUG] 	* Successfully cloned <afshawnlotfi/test-generator>
2020-09-06 22:20:27,258 (repo_cloner ) [DEBUG] 	* Successfully cloned <agamenmon/algorithms>
2020-09-06 22:20:28,318 (repo_cloner ) [DEBUG] 	* Successfully cloned <ah-khalil/PatriotDiscordBot>
2020-09-06 22:20:30,013 (repo_cloner ) [DEBUG] 	* Successfully cloned <ahmadawais/hacktoberfest>
2020-09-06 22:20:31,116 (repo_cloner ) [DEBUG] 	* Successfully cloned <aishwaryapb/spotify-graphql-wrapper>
2020-09-06 22:20:32,372 (repo_cloner ) [DEBUG] 	* Successfully cloned <aishwaryapb/todotracker>
2020-09-06 22:20:34,550 (repo_cloner ) [DEBUG] 	* Successfully cloned <akashp1712/dhartist>
2020-09-06 22:20:36,070 (repo_cloner ) [DEBUG] 	* Successfully cloned <akashp1712/python-tricks>
2020-09-06 22:20:37,344 (repo_cloner ) [DEBUG] 	* Successfully cloned <alexNeto-zz/lada-api>
2020-09-06 22:20:38,871 (repo_cloner ) [DEBUG] 	* Successfully cloned <alexclewontin/riverboat>
2020-09-06 22:21:35,738 (repo_cloner ) [DEBUG] 	* Successfully cloned <alexdevteam/munchkin-online>
2020-09-06 22:21:52,645 (repo_cloner ) [DEBUG] 	* Successfully cloned <allejo/bzion>
2020-09-06 22:21:54,353 (repo_cloner ) [DEBUG] 	* Successfully cloned <alorma/ContactNotes>
2020-09-06 22:21:55,632 (repo_cloner ) [DEBUG] 	* Successfully cloned <alphaolomi/big-decimal>
2020-09-06 22:21:56,513 (repo_cloner ) [DEBUG] 	* Successfully cloned <alphaolomi/highschool-dropout-prediction>
2020-09-06 22:21:58,889 (repo_cloner ) [DEBUG] 	* Successfully cloned <alphaolomi/idea-app>
2020-09-06 22:21:59,965 (repo_cloner ) [DEBUG] 	* Successfully cloned <alyakimenko/nameservice>
2020-09-06 22:22:01,280 (repo_cloner ) [DEBUG] 	* Successfully cloned <amitlevy21/lets-go>
2020-09-06 22:22:02,414 (repo_cloner ) [DEBUG] 	* Successfully cloned <ammit/go-metaparser>
2020-09-06 22:22:03,700 (repo_cloner ) [DEBUG] 	* Successfully cloned <anchor-ci/AnchorCI>
2020-09-06 22:22:18,896 (repo_cloner ) [DEBUG] 	* Successfully cloned <anchor-ci/shiphand>
2020-09-06 22:22:22,820 (repo_cloner ) [DEBUG] 	* Successfully cloned <anchpop/crdts>
2020-09-06 22:22:27,721 (repo_cloner ) [DEBUG] 	* Successfully cloned <anchpop/genomics_viz>
2020-09-06 22:22:28,752 (repo_cloner ) [DEBUG] 	* Successfully cloned <andrewhowdencom/pdns>
2020-09-06 22:22:29,677 (repo_cloner ) [DEBUG] 	* Successfully cloned <andrewmurraydavid/cms-api>
2020-09-06 22:22:31,640 (repo_cloner ) [DEBUG] 	* Successfully cloned <anephenix/mcg>
2020-09-06 22:22:32,671 (repo_cloner ) [DEBUG] 	* Successfully cloned <anoblet/card-component>
2020-09-06 22:22:53,061 (repo_cloner ) [DEBUG] 	* Successfully cloned <anoblet/my-project>
2020-09-06 22:22:54,083 (repo_cloner ) [DEBUG] 	* Successfully cloned <anshumanv/mangaeden-node>
2020-09-06 22:22:55,786 (repo_cloner ) [DEBUG] 	* Successfully cloned <anshumanv/react-expression-builder>
2020-09-06 22:22:57,717 (repo_cloner ) [DEBUG] 	* Successfully cloned <anshumanv/vueman.ga>
2020-09-06 22:29:46,284 (repo_cloner ) [DEBUG] 	* Successfully cloned <ant-design/ant-design>
2020-09-06 22:29:47,662 (repo_cloner ) [DEBUG] 	* Successfully cloned <antoinebou13/PlaylistDownloader>
2020-09-06 22:29:51,460 (repo_cloner ) [DEBUG] 	* Successfully cloned <antvis/AVA>
2020-09-06 22:33:06,577 (repo_cloner ) [DEBUG] 	* Successfully cloned <antvis/F2>
2020-09-06 22:51:05,131 (repo_cloner ) [DEBUG] 	* Successfully cloned <antvis/G2>
2020-09-06 22:52:25,426 (repo_cloner ) [DEBUG] 	* Successfully cloned <antvis/G2Plot>
2020-09-06 23:20:37,912 (repo_cloner ) [DEBUG] 	* Successfully cloned <antvis/G6>
2020-09-06 23:21:29,346 (repo_cloner ) [DEBUG] 	* Successfully cloned <antvis/Graphin>
2020-09-06 23:29:48,080 (repo_cloner ) [DEBUG] 	* Successfully cloned <antvis/L7>
2020-09-06 23:32:49,266 (repo_cloner ) [DEBUG] 	* Successfully cloned <antvis/X6>
2020-09-06 23:33:17,448 (repo_cloner ) [DEBUG] 	* Successfully cloned <antvis/g>
2020-09-06 23:33:19,152 (repo_cloner ) [DEBUG] 	* Successfully cloned <anuragsarkar97/design-questions>
2020-09-06 23:33:20,524 (repo_cloner ) [DEBUG] 	* Successfully cloned <apdallah/CogntiveTask>
2020-09-06 23:33:22,082 (repo_cloner ) [DEBUG] 	* Successfully cloned <apdallah/GithubRepos>
2020-09-06 23:33:22,083 (repo_cloner ) [INFO] Finished cloning 700/2208 repositories...
2020-09-06 23:33:23,393 (repo_cloner ) [DEBUG] 	* Successfully cloned <apdallah/MarvelCharctersKotlinMVVM>
2020-09-06 23:33:25,780 (repo_cloner ) [DEBUG] 	* Successfully cloned <apester-dev/ios-sdk>
2020-09-06 23:33:34,364 (repo_cloner ) [DEBUG] 	* Successfully cloned <apolitical/frontend-partials>
2020-09-06 23:33:49,383 (repo_cloner ) [DEBUG] 	* Successfully cloned <archangelstv/BEATZ>
2020-09-06 23:33:57,973 (repo_cloner ) [DEBUG] 	* Successfully cloned <archangelstv/OBS--STUDIO>
2020-09-06 23:34:35,265 (repo_cloner ) [DEBUG] 	* Successfully cloned <archangelstv/Prophecy-of-the-Archangels>
2020-09-06 23:35:10,779 (repo_cloner ) [DEBUG] 	* Successfully cloned <archangelstv/repository-templateArt>
2020-09-06 23:35:13,767 (repo_cloner ) [DEBUG] 	* Successfully cloned <arkangel-dev/BattleshipBot>
2020-09-06 23:35:16,398 (repo_cloner ) [DEBUG] 	* Successfully cloned <arkangel-dev/college-semester-1-project>
2020-09-06 23:35:18,819 (repo_cloner ) [DEBUG] 	* Successfully cloned <arkangel-dev/schedule_bot_mark_IV>
2020-09-06 23:35:27,253 (repo_cloner ) [DEBUG] 	* Successfully cloned <arkangel-dev/uwe-computer-science-year-1-assignment>
2020-09-06 23:35:29,345 (repo_cloner ) [DEBUG] 	* Successfully cloned <arnested/dsupdate>
2020-09-06 23:35:32,263 (repo_cloner ) [DEBUG] 	* Successfully cloned <arnested/triagebot>
2020-09-06 23:39:20,578 (repo_cloner ) [DEBUG] 	* Successfully cloned <aros-development-team/AROS>
2020-09-06 23:42:22,549 (repo_cloner ) [DEBUG] 	* Successfully cloned <aros-development-team/contrib>
2020-09-06 23:42:23,718 (repo_cloner ) [DEBUG] 	* Successfully cloned <arunrajput1007/LinkedList>
2020-09-06 23:42:35,553 (repo_cloner ) [DEBUG] 	* Successfully cloned <atomicpapa/hassconfig>
2020-09-06 23:42:40,185 (repo_cloner ) [DEBUG] 	* Successfully cloned <austinpray/kaori>
2020-09-06 23:42:42,351 (repo_cloner ) [DEBUG] 	* Successfully cloned <ayatakesi/check-upstream-modifications>
2020-09-06 23:42:43,271 (repo_cloner ) [DEBUG] 	* Successfully cloned <ayik/todolistku>
2020-09-06 23:42:44,807 (repo_cloner ) [DEBUG] 	* Successfully cloned <azertui/BlastOnFire>
2020-09-06 23:42:47,163 (repo_cloner ) [DEBUG] 	* Successfully cloned <aztechian/bridgr>
2020-09-06 23:42:52,695 (repo_cloner ) [DEBUG] 	* Successfully cloned <baitun/ITSM>
2020-09-06 23:42:55,199 (repo_cloner ) [DEBUG] 	* Successfully cloned <baitun/VoteEX>
2020-09-06 23:42:56,780 (repo_cloner ) [DEBUG] 	* Successfully cloned <bakaphp/auth>
2020-09-06 23:43:01,805 (repo_cloner ) [DEBUG] 	* Successfully cloned <bakaphp/baka>
2020-09-06 23:43:02,889 (repo_cloner ) [DEBUG] 	* Successfully cloned <bakaphp/blameable>
2020-09-06 23:43:07,072 (repo_cloner ) [DEBUG] 	* Successfully cloned <bakaphp/canvas-core>
2020-09-06 23:43:08,792 (repo_cloner ) [DEBUG] 	* Successfully cloned <bakaphp/canvas-sdk-php>
2020-09-06 23:43:10,092 (repo_cloner ) [DEBUG] 	* Successfully cloned <bakaphp/database>
2020-09-06 23:43:11,338 (repo_cloner ) [DEBUG] 	* Successfully cloned <bakaphp/documentation>
2020-09-06 23:43:12,962 (repo_cloner ) [DEBUG] 	* Successfully cloned <bakaphp/http>
2020-09-06 23:43:14,730 (repo_cloner ) [DEBUG] 	* Successfully cloned <bakaphp/kanvas-packages>
2020-09-06 23:43:15,923 (repo_cloner ) [DEBUG] 	* Successfully cloned <bakaphp/mail>
2020-09-06 23:43:18,959 (repo_cloner ) [DEBUG] 	* Successfully cloned <bakaphp/phalcon-api>
2020-09-06 23:43:20,234 (repo_cloner ) [DEBUG] 	* Successfully cloned <bakaphp/phalcon-elasticsearch>
2020-09-06 23:43:21,933 (repo_cloner ) [DEBUG] 	* Successfully cloned <bakaphp/router>
2020-09-06 23:43:23,356 (repo_cloner ) [DEBUG] 	* Successfully cloned <baomidou/MybatisX>
2020-09-06 23:43:37,401 (repo_cloner ) [DEBUG] 	* Successfully cloned <baomidou/mybatis-plus>
2020-09-06 23:43:48,773 (repo_cloner ) [DEBUG] 	* Successfully cloned <baron-code-factory/typescript-work-space>
2020-09-06 23:43:49,825 (repo_cloner ) [DEBUG] 	* Successfully cloned <baronTommy/test>
2020-09-06 23:43:51,036 (repo_cloner ) [DEBUG] 	* Successfully cloned <baskeboler/clj-facebook-data-dump>
2020-09-06 23:44:07,669 (repo_cloner ) [ERROR] Unexpected <class 'ValueError'> (Exception)! failed to stat 'D:/Repos/baskeboler/cljs-karaoke-client/resources/public/images/covers/https___www_biography_com__image_t_share_MTQwMDEyNDA3OTQ5ODk0NjY3_brian_wilson_2012_by_louisepalanker_flickr_cc_by_sa_20_http_creativecommonsorglicensesby_sa20_via_wikimedia_commonsjpg_jpg.jpg': The filename or extension is too long.

2020-09-06 23:44:07,669 (repo_cloner ) [ERROR] Last repo that was successfully cloned: baskeboler/clj-facebook-data-dump
2020-09-06 23:44:07,673 (repo_cloner ) [INFO] Cloning was ended at 2020-09-06 23:44:07.672068, and took 4:03:11.333790 h:mm:ss!
2020-09-06 23:44:07,673 (repo_cloner ) [INFO] Cloning process failed for 8 repositories.
2020-09-06 23:44:07,674 (repo_cloner ) [INFO] Obtained 734/2208 unique repositories, which were output in D:/Repos!
